Host: doc029
Job: 535515
Timestamp: Sun Feb 18 21:00:59 MET 2007

EC2-S_affy_pairleft GREEDYPLUS-BL-2K-5
Reading input file 'EC2-S_affy_pairleft'...
Cloning chip for later checks...
Total border length: 6570160 -> normalized: 14.40786645965457
Running GreedyPlusPlacer-BL-2000-5...
Elapsed time: 2800.647007133 sec
Total border length: 6187174 -> normalized: 13.568006982272397
Running SequentialReembedding-BL-NoReset-2...
Number of passes: 2
Elapsed time: 11.101904107 sec
Total border length: 6100242 -> normalized: 13.377371648114524
Total time: 2811.74891124 sec
New layout is not equal to the original specification.
New layout is compatible with the original specification.
---------------------------
Host: doc029
Job: 535515
Timestamp: Sun Feb 18 21:47:57 MET 2007
End of script
---------------------------
Host: doc020
Job: 535518
Timestamp: Sun Feb 18 21:58:37 MET 2007

EC2-S_affy_pairleft GREEDYPLUS-BL-10K-5
Reading input file 'EC2-S_affy_pairleft'...
Cloning chip for later checks...
Total border length: 6570160 -> normalized: 14.40786645965457
Running GreedyPlusPlacer-BL-10000-5...
Elapsed time: 13087.809277457 sec
Total border length: 6115142 -> normalized: 13.410046226853678
Running SequentialReembedding-BL-NoReset-2...
Number of passes: 2
Elapsed time: 11.580653718 sec
Total border length: 6037892 -> normalized: 13.240642790102015
Total time: 13099.389931175 sec
New layout is not equal to the original specification.
New layout is compatible with the original specification.
---------------------------
Host: doc020
Job: 535518
Timestamp: Mon Feb 19 01:37:02 MET 2007
End of script
---------------------------
Host: doc021
Job: 535519
Timestamp: Sun Feb 18 21:59:12 MET 2007

EC2-S_affy_pairleft GREEDYPLUS-CI-2K-0
Reading input file 'EC2-S_affy_pairleft'...
Cloning chip for later checks...
Average conflict index: 550.2014421313773
Running GreedyPlusPlacer-CI-2000-0...
Elapsed time: 2852.147613823 sec
Average conflict index: 398.3560932915508
Running SequentialReembedding-CI-NoReset-2...
Number of passes: 2
Elapsed time: 441.022542723 sec
Average conflict index: 394.9904879795443
Total time: 3293.170156546 sec
New layout is not equal to the original specification.
New layout is compatible with the original specification.
---------------------------
Host: doc021
Job: 535519
Timestamp: Sun Feb 18 22:55:12 MET 2007

EC2-S_affy_pairleft GREEDYPLUS-CI-10K-0
Reading input file 'EC2-S_affy_pairleft'...
Cloning chip for later checks...
Average conflict index: 550.2014421313773
Running GreedyPlusPlacer-CI-10000-0...
Elapsed time: 13098.133243121 sec
Average conflict index: 364.23123105224204
Running SequentialReembedding-CI-NoReset-2...
Number of passes: 2
Elapsed time: 443.78900481 sec
Average conflict index: 361.4418123475159
Total time: 13541.922247931 sec
New layout is not equal to the original specification.
New layout is compatible with the original specification.
---------------------------
Host: doc021
Job: 535519
Timestamp: Mon Feb 19 02:42:01 MET 2007
End of script
---------------------------
Host: doc028
Job: 535435
Timestamp: Sat Feb 17 19:04:09 MET 2007

WH-S_affy_pairleft GREEDYPLUS-CI-2K-0
Reading input file 'WH-S_affy_pairleft'...
Cloning chip for later checks...
Average conflict index: 539.9632182559105
Running GreedyPlusPlacer-CI-2000-0...
Elapsed time: 16676.929421747 sec
Average conflict index: 391.2790288325725
Running SequentialReembedding-CI-NoReset-2...
Number of passes: 2
Elapsed time: 2687.06342495 sec
Average conflict index: 387.84298947893785
Total time: 19363.992846697 sec
New layout is not equal to the original specification.
New layout is compatible with the original specification.
---------------------------
Host: doc028
Job: 535435
Timestamp: Sun Feb 18 00:33:36 MET 2007
End of script
---------------------------
Host: doc022
Job: 535520
Timestamp: Sun Feb 18 22:00:36 MET 2007

WH-S_affy_pairleft GREEDYPLUS-BL-2K-5
Reading input file 'WH-S_affy_pairleft'...
Cloning chip for later checks...
Total border length: 37301092 -> normalized: 13.777133140089767
Running GreedyPlusPlacer-BL-2000-5...
Elapsed time: 16686.036173746 sec
Total border length: 35018680 -> normalized: 12.934125809244371
Running SequentialReembedding-BL-NoReset-2...
Number of passes: 2
Elapsed time: 67.817877573 sec
Total border length: 34553182 -> normalized: 12.762194437303691
Total time: 16753.854051319 sec
New layout is not equal to the original specification.
New layout is compatible with the original specification.
---------------------------
Host: doc022
Job: 535520
Timestamp: Mon Feb 19 02:40:23 MET 2007
End of script
---------------------------
Host: doc023
Job: 535521
Timestamp: Sun Feb 18 22:00:55 MET 2007

WH-S_affy_pairleft GREEDYPLUS-BL-5K-5
Reading input file 'WH-S_affy_pairleft'...
Cloning chip for later checks...
Total border length: 37301092 -> normalized: 13.777133140089767
Running GreedyPlusPlacer-BL-5000-5...
Elapsed time: 40489.199920029 sec
Total border length: 34731714 -> normalized: 12.828135110937763
Running SequentialReembedding-BL-NoReset-2...
Number of passes: 2
Elapsed time: 69.673634103 sec
Total border length: 34295344 -> normalized: 12.666962146126412
Total time: 40558.873554132 sec
New layout is not equal to the original specification.
New layout is compatible with the original specification.
---------------------------
Host: doc023
Job: 535521
Timestamp: Mon Feb 19 09:17:23 MET 2007
End of script
---------------------------
Host: doc024
Job: 535522
Timestamp: Sun Feb 18 22:01:18 MET 2007

WH-S_affy_pairleft GREEDYPLUS-CI-5K-0
Reading input file 'WH-S_affy_pairleft'...
Cloning chip for later checks...
Average conflict index: 539.9632182559105
Running GreedyPlusPlacer-CI-5000-0...
Elapsed time: 39597.499549471 sec
Average conflict index: 369.66569395970816
Running SequentialReembedding-CI-NoReset-2...
Number of passes: 2
Elapsed time: 2685.695918059 sec
Average conflict index: 366.60452031228544
Total time: 42283.19546753 sec
New layout is not equal to the original specification.
New layout is compatible with the original specification.
---------------------------
Host: doc024
Job: 535522
Timestamp: Mon Feb 19 09:52:38 MET 2007
End of script
---------------------------
