Start: Sat Nov 11 21:00:36 CET 2006
Host: zee
---------------------------
last pid: 10699;  load averages:  1.43,  1.84,  1.79    21:00:37
79 processes:  76 sleeping, 1 zombie, 2 on cpu

SRS_200x200-40000-25_01_rand_sync GREEDY-BL-10K-S NONE
Reading input file 'SRS_200x200-40000-25_01_rand_sync'...
Running GREEDY-BL-10K-S placement algorithm...
Border length before placement: 2984290
Elapsed time (placement): 513.178241427 sec
Final border length: 1918740
New layout is not equal to the original specification.
New layout is compatible with the original specification.
---------------------------
last pid: 10709;  load averages:  1.98,  1.96,  1.87    21:09:16
80 processes:  77 sleeping, 1 zombie, 2 on cpu

SRS_200x200-40000-25_01_rand_sync GREEDY-BL-20K-S NONE
Reading input file 'SRS_200x200-40000-25_01_rand_sync'...
Running GREEDY-BL-20K-S placement algorithm...
Border length before placement: 2984290
Elapsed time (placement): 876.120595067 sec
Final border length: 1914320
New layout is not equal to the original specification.
New layout is compatible with the original specification.
---------------------------
last pid: 10721;  load averages:  1.99,  1.98,  1.94    21:23:58
80 processes:  77 sleeping, 1 zombie, 2 on cpu

SRS_200x200-40000-25_01_rand_sync GREEDY-BL-30K-S NONE
Reading input file 'SRS_200x200-40000-25_01_rand_sync'...
Running GREEDY-BL-30K-S placement algorithm...
Border length before placement: 2984290
Elapsed time (placement): 1101.202196821 sec
Final border length: 1911560
New layout is not equal to the original specification.
New layout is compatible with the original specification.
---------------------------
last pid: 10742;  load averages:  1.99,  1.99,  1.97    21:42:31
80 processes:  77 sleeping, 1 zombie, 2 on cpu

SRS_500x500-250000-25_01_rand_sync GREEDY-BL-10K-S NONE
Reading input file 'SRS_500x500-250000-25_01_rand_sync'...
Running GREEDY-BL-10K-S placement algorithm...
Border length before placement: 18715824
Elapsed time (placement): 4304.807919178 sec
Final border length: 11199352
New layout is not equal to the original specification.
New layout is compatible with the original specification.
---------------------------
last pid: 10791;  load averages:  1.99,  1.99,  1.98    22:54:35
80 processes:  77 sleeping, 1 zombie, 2 on cpu

SRS_500x500-250000-25_01_rand_sync GREEDY-BL-20K-S NONE
Reading input file 'SRS_500x500-250000-25_01_rand_sync'...
Running GREEDY-BL-20K-S placement algorithm...
Border length before placement: 18715824
Elapsed time (placement): 8625.963719898 sec
Final border length: 11182848
New layout is not equal to the original specification.
New layout is compatible with the original specification.
---------------------------
last pid: 10879;  load averages:  2.00,  1.99,  1.99    01:18:40
80 processes:  77 sleeping, 1 zombie, 2 on cpu

SRS_500x500-250000-25_01_rand_sync GREEDY-BL-30K-S NONE
Reading input file 'SRS_500x500-250000-25_01_rand_sync'...
Running GREEDY-BL-30K-S placement algorithm...
Border length before placement: 18715824
Elapsed time (placement): 11231.981373808 sec
Final border length: 11172686
New layout is not equal to the original specification.
New layout is compatible with the original specification.
---------------------------
last pid: 11002;  load averages:  1.99,  1.99,  1.98    04:26:11
80 processes:  77 sleeping, 1 zombie, 2 on cpu

SRS_200x200-40000-25_02_rand_sync GREEDY-BL-10K-S NONE
Reading input file 'SRS_200x200-40000-25_02_rand_sync'...
Running GREEDY-BL-10K-S placement algorithm...
Border length before placement: 2984000
Elapsed time (placement): 512.680059441 sec
Final border length: 1918600
New layout is not equal to the original specification.
New layout is compatible with the original specification.
---------------------------
last pid: 11011;  load averages:  1.99,  1.99,  1.98    04:34:50
80 processes:  77 sleeping, 1 zombie, 2 on cpu

SRS_200x200-40000-25_02_rand_sync GREEDY-BL-20K-S NONE
Reading input file 'SRS_200x200-40000-25_02_rand_sync'...
Running GREEDY-BL-20K-S placement algorithm...
Border length before placement: 2984000
Elapsed time (placement): 872.871044324 sec
Final border length: 1914748
New layout is not equal to the original specification.
New layout is compatible with the original specification.
---------------------------
last pid: 11023;  load averages:  2.00,  1.99,  1.98    04:49:29
80 processes:  77 sleeping, 1 zombie, 2 on cpu

SRS_200x200-40000-25_02_rand_sync GREEDY-BL-30K-S NONE
Reading input file 'SRS_200x200-40000-25_02_rand_sync'...
Running GREEDY-BL-30K-S placement algorithm...
Border length before placement: 2984000
Elapsed time (placement): 1271.2779927 sec
Final border length: 1912064
New layout is not equal to the original specification.
New layout is compatible with the original specification.
---------------------------
last pid: 11039;  load averages:  2.00,  1.99,  1.98    05:10:46
80 processes:  77 sleeping, 1 zombie, 2 on cpu

SRS_350x350-122500-25_02_rand_sync GREEDY-BL-10K-S NONE
Reading input file 'SRS_350x350-122500-25_02_rand_sync'...
Running GREEDY-BL-10K-S placement algorithm...
Border length before placement: 9162508
Elapsed time (placement): 1751.273084951 sec
Final border length: 5642268
New layout is not equal to the original specification.
New layout is compatible with the original specification.
---------------------------
last pid: 11060;  load averages:  2.00,  2.00,  1.99    05:40:09
80 processes:  77 sleeping, 1 zombie, 2 on cpu

SRS_350x350-122500-25_02_rand_sync GREEDY-BL-20K-S NONE
Reading input file 'SRS_350x350-122500-25_02_rand_sync'...
Running GREEDY-BL-20K-S placement algorithm...
Border length before placement: 9162508
Elapsed time (placement): 5407.390572236 sec
Final border length: 5629416
New layout is not equal to the original specification.
New layout is compatible with the original specification.
---------------------------
last pid: 11134;  load averages:  1.99,  2.87,  4.10    07:10:28
80 processes:  77 sleeping, 1 zombie, 2 on cpu

SRS_350x350-122500-25_02_rand_sync GREEDY-BL-30K-S NONE
Reading input file 'SRS_350x350-122500-25_02_rand_sync'...
Running GREEDY-BL-30K-S placement algorithm...
Border length before placement: 9162508
Elapsed time (placement): 7929.775990361 sec
Final border length: 5625912
New layout is not equal to the original specification.
New layout is compatible with the original specification.
---------------------------
last pid: 11265;  load averages:  3.36,  4.44,  3.94    09:22:49
80 processes:  77 sleeping, 1 zombie, 2 on cpu

SRS_500x500-250000-25_02_rand_sync GREEDY-BL-10K-S NONE
Reading input file 'SRS_500x500-250000-25_02_rand_sync'...
Running GREEDY-BL-10K-S placement algorithm...
Border length before placement: 18709184
Elapsed time (placement): 4535.310119356 sec
Final border length: 11199456
New layout is not equal to the original specification.
New layout is compatible with the original specification.
---------------------------
last pid: 11322;  load averages:  2.00,  1.99,  2.02    10:38:44
80 processes:  77 sleeping, 1 zombie, 2 on cpu

SRS_500x500-250000-25_02_rand_sync GREEDY-BL-20K-S NONE
Reading input file 'SRS_500x500-250000-25_02_rand_sync'...
Running GREEDY-BL-20K-S placement algorithm...
Border length before placement: 18709184
Elapsed time (placement): 8639.369798463 sec
Final border length: 11182098
New layout is not equal to the original specification.
New layout is compatible with the original specification.
---------------------------
last pid: 11413;  load averages:  2.00,  2.00,  1.99    13:03:02
80 processes:  77 sleeping, 1 zombie, 2 on cpu

SRS_500x500-250000-25_02_rand_sync GREEDY-BL-30K-S NONE
Reading input file 'SRS_500x500-250000-25_02_rand_sync'...
Running GREEDY-BL-30K-S placement algorithm...
Border length before placement: 18709184
Elapsed time (placement): 11250.069252591 sec
Final border length: 11175030
New layout is not equal to the original specification.
New layout is compatible with the original specification.
---------------------------
last pid: 11529;  load averages:  2.00,  1.99,  1.99    16:10:51
80 processes:  77 sleeping, 1 zombie, 2 on cpu

SRS_200x200-40000-25_03_rand_sync GREEDY-BL-10K-S NONE
Reading input file 'SRS_200x200-40000-25_03_rand_sync'...
Running GREEDY-BL-10K-S placement algorithm...
Border length before placement: 2985832
Elapsed time (placement): 508.555279866 sec
Final border length: 1917820
New layout is not equal to the original specification.
New layout is compatible with the original specification.
---------------------------
last pid: 11535;  load averages:  1.98,  1.99,  1.99    16:19:26
80 processes:  77 sleeping, 1 zombie, 2 on cpu

SRS_200x200-40000-25_03_rand_sync GREEDY-BL-20K-S NONE
Reading input file 'SRS_200x200-40000-25_03_rand_sync'...
Running GREEDY-BL-20K-S placement algorithm...
Border length before placement: 2985832
Elapsed time (placement): 876.713117697 sec
Final border length: 1913394
New layout is not equal to the original specification.
New layout is compatible with the original specification.
---------------------------
last pid: 11547;  load averages:  1.99,  1.99,  1.99    16:34:08
80 processes:  77 sleeping, 1 zombie, 2 on cpu

SRS_200x200-40000-25_03_rand_sync GREEDY-BL-30K-S NONE
Reading input file 'SRS_200x200-40000-25_03_rand_sync'...
Running GREEDY-BL-30K-S placement algorithm...
Border length before placement: 2985832
Elapsed time (placement): 1096.437040221 sec
Final border length: 1911994
New layout is not equal to the original specification.
New layout is compatible with the original specification.
---------------------------
last pid: 11563;  load averages:  1.99,  1.99,  1.99    16:52:31
80 processes:  77 sleeping, 1 zombie, 2 on cpu

SRS_350x350-122500-25_03_rand_sync GREEDY-BL-10K-S NONE
Reading input file 'SRS_350x350-122500-25_03_rand_sync'...
Running GREEDY-BL-10K-S placement algorithm...
Border length before placement: 9162736
Elapsed time (placement): 1757.080642139 sec
Final border length: 5641654
New layout is not equal to the original specification.
New layout is compatible with the original specification.
---------------------------
last pid: 11584;  load averages:  2.00,  1.99,  1.99    17:22:00
80 processes:  77 sleeping, 1 zombie, 2 on cpu

SRS_350x350-122500-25_03_rand_sync GREEDY-BL-20K-S NONE
Reading input file 'SRS_350x350-122500-25_03_rand_sync'...
Running GREEDY-BL-20K-S placement algorithm...
Border length before placement: 9162736
Elapsed time (placement): 3957.651422593 sec
Final border length: 5632054
New layout is not equal to the original specification.
New layout is compatible with the original specification.
---------------------------
last pid: 11627;  load averages:  2.00,  1.99,  1.99    18:28:09
80 processes:  77 sleeping, 1 zombie, 2 on cpu

SRS_350x350-122500-25_03_rand_sync GREEDY-BL-30K-S NONE
Reading input file 'SRS_350x350-122500-25_03_rand_sync'...
Running GREEDY-BL-30K-S placement algorithm...
Border length before placement: 9162736
Elapsed time (placement): 4949.316785405 sec
Final border length: 5626100
New layout is not equal to the original specification.
New layout is compatible with the original specification.
---------------------------
last pid: 11678;  load averages:  2.00,  1.99,  1.99    19:50:49
80 processes:  77 sleeping, 1 zombie, 2 on cpu

SRS_500x500-250000-25_03_rand_sync GREEDY-BL-10K-S NONE
Reading input file 'SRS_500x500-250000-25_03_rand_sync'...
Running GREEDY-BL-10K-S placement algorithm...
Border length before placement: 18710136
Elapsed time (placement): 3722.053183229 sec
Final border length: 11202516
New layout is not equal to the original specification.
New layout is compatible with the original specification.
---------------------------
last pid: 11721;  load averages:  2.00,  1.99,  1.98    20:53:11
80 processes:  77 sleeping, 1 zombie, 2 on cpu

SRS_500x500-250000-25_03_rand_sync GREEDY-BL-20K-S NONE
Reading input file 'SRS_500x500-250000-25_03_rand_sync'...
Running GREEDY-BL-20K-S placement algorithm...
Border length before placement: 18710136
Elapsed time (placement): 7541.276727833 sec
Final border length: 11181366
New layout is not equal to the original specification.
New layout is compatible with the original specification.
---------------------------
last pid: 11800;  load averages:  2.00,  2.00,  1.99    22:59:12
80 processes:  77 sleeping, 1 zombie, 2 on cpu

SRS_500x500-250000-25_03_rand_sync GREEDY-BL-30K-S NONE
Reading input file 'SRS_500x500-250000-25_03_rand_sync'...
Running GREEDY-BL-30K-S placement algorithm...
Border length before placement: 18710136
Elapsed time (placement): 11285.844846076 sec
Final border length: 11169504
New layout is not equal to the original specification.
New layout is compatible with the original specification.
---------------------------
last pid: 11916;  load averages:  2.00,  2.00,  1.99    02:07:37
80 processes:  77 sleeping, 1 zombie, 2 on cpu

SRS_200x200-40000-25_04_rand_sync GREEDY-BL-10K-S NONE
Reading input file 'SRS_200x200-40000-25_04_rand_sync'...
Running GREEDY-BL-10K-S placement algorithm...
Border length before placement: 2985422
Elapsed time (placement): 518.016695917 sec
Final border length: 1918144
New layout is not equal to the original specification.
New layout is compatible with the original specification.
---------------------------
last pid: 11925;  load averages:  1.99,  1.99,  1.99    02:16:21
80 processes:  77 sleeping, 1 zombie, 2 on cpu

SRS_200x200-40000-25_04_rand_sync GREEDY-BL-20K-S NONE
Reading input file 'SRS_200x200-40000-25_04_rand_sync'...
Running GREEDY-BL-20K-S placement algorithm...
Border length before placement: 2985422
Elapsed time (placement): 873.827485323 sec
Final border length: 1913564
New layout is not equal to the original specification.
New layout is compatible with the original specification.
---------------------------
last pid: 11934;  load averages:  2.00,  1.99,  1.99    02:31:00
80 processes:  77 sleeping, 1 zombie, 2 on cpu

SRS_200x200-40000-25_04_rand_sync GREEDY-BL-30K-S NONE
Reading input file 'SRS_200x200-40000-25_04_rand_sync'...
Running GREEDY-BL-30K-S placement algorithm...
Border length before placement: 2985422
Elapsed time (placement): 1103.455036247 sec
Final border length: 1912150
New layout is not equal to the original specification.
New layout is compatible with the original specification.
---------------------------
last pid: 11950;  load averages:  1.99,  1.99,  1.99    02:49:30
80 processes:  77 sleeping, 1 zombie, 2 on cpu

SRS_350x350-122500-25_04_rand_sync GREEDY-BL-10K-S NONE
Reading input file 'SRS_350x350-122500-25_04_rand_sync'...
Running GREEDY-BL-10K-S placement algorithm...
Border length before placement: 9159904
Elapsed time (placement): 2027.836860564 sec
Final border length: 5641964
New layout is not equal to the original specification.
New layout is compatible with the original specification.
---------------------------
last pid: 11976;  load averages:  2.00,  1.99,  1.98    03:23:30
80 processes:  77 sleeping, 1 zombie, 2 on cpu

SRS_350x350-122500-25_04_rand_sync GREEDY-BL-20K-S NONE
Reading input file 'SRS_350x350-122500-25_04_rand_sync'...
Running GREEDY-BL-20K-S placement algorithm...
Border length before placement: 9159904
Elapsed time (placement): 3406.11724368 sec
Final border length: 5632074
New layout is not equal to the original specification.
New layout is compatible with the original specification.
---------------------------
last pid: 12016;  load averages:  2.00,  1.99,  1.99    04:20:27
80 processes:  77 sleeping, 1 zombie, 2 on cpu

SRS_350x350-122500-25_04_rand_sync GREEDY-BL-30K-S NONE
Reading input file 'SRS_350x350-122500-25_04_rand_sync'...
Running GREEDY-BL-30K-S placement algorithm...
Border length before placement: 9159904
Elapsed time (placement): 4955.449009641 sec
Final border length: 5627100
New layout is not equal to the original specification.
New layout is compatible with the original specification.
---------------------------
last pid: 12067;  load averages:  1.99,  1.99,  1.99    05:43:14
80 processes:  77 sleeping, 1 zombie, 2 on cpu

SRS_500x500-250000-25_04_rand_sync GREEDY-BL-10K-S NONE
Reading input file 'SRS_500x500-250000-25_04_rand_sync'...
Running GREEDY-BL-10K-S placement algorithm...
Border length before placement: 18710128
Elapsed time (placement): 3715.936045413 sec
Final border length: 11198480
New layout is not equal to the original specification.
New layout is compatible with the original specification.
---------------------------
last pid: 12110;  load averages:  2.00,  2.00,  1.99    06:45:29
80 processes:  77 sleeping, 1 zombie, 2 on cpu

SRS_500x500-250000-25_04_rand_sync GREEDY-BL-20K-S NONE
Reading input file 'SRS_500x500-250000-25_04_rand_sync'...
Running GREEDY-BL-20K-S placement algorithm...
Border length before placement: 18710128
Elapsed time (placement): 7521.537587509 sec
Final border length: 11181604
New layout is not equal to the original specification.
New layout is compatible with the original specification.
---------------------------
last pid: 12189;  load averages:  2.00,  2.00,  1.99    08:51:09
80 processes:  77 sleeping, 1 zombie, 2 on cpu

SRS_500x500-250000-25_04_rand_sync GREEDY-BL-30K-S NONE
Reading input file 'SRS_500x500-250000-25_04_rand_sync'...
Running GREEDY-BL-30K-S placement algorithm...
Border length before placement: 18710128
Elapsed time (placement): 13036.106869345 sec
Final border length: 11170616
New layout is not equal to the original specification.
New layout is compatible with the original specification.
---------------------------
last pid: 12323;  load averages:  1.99,  1.99,  1.99    12:28:45
80 processes:  77 sleeping, 1 zombie, 2 on cpu

SRS_200x200-40000-25_05_rand_sync GREEDY-BL-10K-S NONE
Reading input file 'SRS_200x200-40000-25_05_rand_sync'...
Running GREEDY-BL-10K-S placement algorithm...
Border length before placement: 2983302
Elapsed time (placement): 585.194442538 sec
Final border length: 1918558
New layout is not equal to the original specification.
New layout is compatible with the original specification.
---------------------------
last pid: 12333;  load averages:  1.98,  1.98,  1.98    12:38:36
80 processes:  77 sleeping, 1 zombie, 2 on cpu

SRS_200x200-40000-25_05_rand_sync GREEDY-BL-20K-S NONE
Reading input file 'SRS_200x200-40000-25_05_rand_sync'...
Running GREEDY-BL-20K-S placement algorithm...
Border length before placement: 2983302
Elapsed time (placement): 876.583741346 sec
Final border length: 1914548
New layout is not equal to the original specification.
New layout is compatible with the original specification.
---------------------------
last pid: 12345;  load averages:  2.00,  1.99,  1.98    12:53:18
80 processes:  77 sleeping, 1 zombie, 2 on cpu

SRS_200x200-40000-25_05_rand_sync GREEDY-BL-30K-S NONE
Reading input file 'SRS_200x200-40000-25_05_rand_sync'...
Running GREEDY-BL-30K-S placement algorithm...
Border length before placement: 2983302
Elapsed time (placement): 1091.729638412 sec
Final border length: 1912172
New layout is not equal to the original specification.
New layout is compatible with the original specification.
---------------------------
last pid: 12357;  load averages:  1.98,  1.99,  1.98    13:11:36
80 processes:  77 sleeping, 1 zombie, 2 on cpu

SRS_350x350-122500-25_05_rand_sync GREEDY-BL-10K-S NONE
Reading input file 'SRS_350x350-122500-25_05_rand_sync'...
Running GREEDY-BL-10K-S placement algorithm...
Border length before placement: 9160586
Elapsed time (placement): 1748.877493143 sec
Final border length: 5642590
New layout is not equal to the original specification.
New layout is compatible with the original specification.
---------------------------
last pid: 12378;  load averages:  2.00,  2.00,  1.99    13:40:56
80 processes:  77 sleeping, 1 zombie, 2 on cpu

SRS_350x350-122500-25_05_rand_sync GREEDY-BL-20K-S NONE
Reading input file 'SRS_350x350-122500-25_05_rand_sync'...
Running GREEDY-BL-20K-S placement algorithm...
Border length before placement: 9160586
Elapsed time (placement): 3965.302035918 sec
Final border length: 5631814
New layout is not equal to the original specification.
New layout is compatible with the original specification.
---------------------------
last pid: 12421;  load averages:  1.99,  1.99,  1.98    14:47:13
80 processes:  78 sleeping, 1 zombie, 1 on cpu

SRS_350x350-122500-25_05_rand_sync GREEDY-BL-30K-S NONE
Reading input file 'SRS_350x350-122500-25_05_rand_sync'...
Running GREEDY-BL-30K-S placement algorithm...
Border length before placement: 9160586
Elapsed time (placement): 4959.736526766 sec
Final border length: 5626664
New layout is not equal to the original specification.
New layout is compatible with the original specification.
---------------------------
last pid: 12476;  load averages:  2.00,  1.99,  1.98    16:10:04
80 processes:  77 sleeping, 1 zombie, 2 on cpu

SRS_500x500-250000-25_05_rand_sync GREEDY-BL-10K-S NONE
Reading input file 'SRS_500x500-250000-25_05_rand_sync'...
Running GREEDY-BL-10K-S placement algorithm...
Border length before placement: 18709940
Elapsed time (placement): 3725.282285837 sec
Final border length: 11201874
New layout is not equal to the original specification.
New layout is compatible with the original specification.
---------------------------
last pid: 12515;  load averages:  2.00,  2.00,  1.99    17:12:29
80 processes:  77 sleeping, 1 zombie, 2 on cpu

SRS_500x500-250000-25_05_rand_sync GREEDY-BL-20K-S NONE
Reading input file 'SRS_500x500-250000-25_05_rand_sync'...
Running GREEDY-BL-20K-S placement algorithm...
Border length before placement: 18709940
Elapsed time (placement): 7499.864938932 sec
Final border length: 11180440
New layout is not equal to the original specification.
New layout is compatible with the original specification.
---------------------------
last pid: 12596;  load averages:  1.99,  1.99,  1.99    19:17:48
80 processes:  77 sleeping, 1 zombie, 2 on cpu

SRS_500x500-250000-25_05_rand_sync GREEDY-BL-30K-S NONE
Reading input file 'SRS_500x500-250000-25_05_rand_sync'...
Running GREEDY-BL-30K-S placement algorithm...
Border length before placement: 18709940
Elapsed time (placement): 11253.460179955 sec
Final border length: 11173798
New layout is not equal to the original specification.
New layout is compatible with the original specification.
