Start: Sat Nov 11 21:00:48 CET 2006
Host: marvin
---------------------------
last pid: 21868;  load averages:  0.51,  0.94,  0.88    21:00:48
161 processes: 158 sleeping, 2 zombie, 1 on cpu

SRS_200x200-40000-25_01_rand_sync GREEDY-CI-10K-S NONE
Reading input file 'SRS_200x200-40000-25_01_rand_sync'...
Running GREEDY-CI-10K-S placement algorithm...
Conflict index before placement: 924.9425453845098
Elapsed time (placement): 959.5588178 sec
Final conflict index: 587.66097431109
New layout is not equal to the original specification.
New layout is compatible with the original specification.
---------------------------
last pid: 21949;  load averages:  1.11,  1.12,  1.04    21:17:23
162 processes: 159 sleeping, 2 zombie, 1 on cpu

SRS_200x200-40000-25_01_rand_sync GREEDY-CI-20K-S NONE
Reading input file 'SRS_200x200-40000-25_01_rand_sync'...
Running GREEDY-CI-20K-S placement algorithm...
Conflict index before placement: 924.9425453845098
Elapsed time (placement): 1602.9531422 sec
Final conflict index: 568.2230661265418
New layout is not equal to the original specification.
New layout is compatible with the original specification.
---------------------------
last pid: 22042;  load averages:  1.10,  1.11,  1.09    21:44:43
162 processes: 159 sleeping, 2 zombie, 1 on cpu

SRS_200x200-40000-25_01_rand_sync GREEDY-CI-30K-S NONE
Reading input file 'SRS_200x200-40000-25_01_rand_sync'...
Running GREEDY-CI-30K-S placement algorithm...
Conflict index before placement: 924.9425453845098
Elapsed time (placement): 1979.9761428 sec
Final conflict index: 559.9337976844425
New layout is not equal to the original specification.
New layout is compatible with the original specification.
---------------------------
last pid: 22177;  load averages:  1.10,  1.11,  1.11    22:18:20
162 processes: 159 sleeping, 2 zombie, 1 on cpu

SRS_350x350-122500-25_01_rand_sync GREEDY-CI-10K-S NONE
Reading input file 'SRS_350x350-122500-25_01_rand_sync'...
Running GREEDY-CI-10K-S placement algorithm...
Conflict index before placement: 929.8217968545589
Elapsed time (placement): 3227.6955129 sec
Final conflict index: 581.1851275331236
New layout is not equal to the original specification.
New layout is compatible with the original specification.
---------------------------
last pid: 22352;  load averages:  1.09,  1.09,  1.10    23:13:53
160 processes: 157 sleeping, 2 zombie, 1 on cpu

SRS_350x350-122500-25_01_rand_sync GREEDY-CI-20K-S NONE
Reading input file 'SRS_350x350-122500-25_01_rand_sync'...
Running GREEDY-CI-20K-S placement algorithm...
Conflict index before placement: 929.8217968545589
Elapsed time (placement): 6039.3939801 sec
Final conflict index: 557.3686495435936
New layout is not equal to the original specification.
New layout is compatible with the original specification.
---------------------------
last pid: 22699;  load averages:  1.09,  1.10,  1.10    00:56:18
160 processes: 157 sleeping, 2 zombie, 1 on cpu

SRS_350x350-122500-25_01_rand_sync GREEDY-CI-30K-S NONE
Reading input file 'SRS_350x350-122500-25_01_rand_sync'...
Running GREEDY-CI-30K-S placement algorithm...
Conflict index before placement: 929.8217968545589
Elapsed time (placement): 8485.9308524 sec
Final conflict index: 544.1773703796683
New layout is not equal to the original specification.
New layout is compatible with the original specification.
---------------------------
last pid: 23183;  load averages:  1.14,  1.12,  1.11    03:19:30
160 processes: 157 sleeping, 2 zombie, 1 on cpu

SRS_500x500-250000-25_01_rand_sync GREEDY-CI-10K-S NONE
Reading input file 'SRS_500x500-250000-25_01_rand_sync'...
Running GREEDY-CI-10K-S placement algorithm...
Conflict index before placement: 931.5332213497544
Elapsed time (placement): 7061.2234173 sec
Final conflict index: 575.1194691532007
New layout is not equal to the original specification.
New layout is compatible with the original specification.
---------------------------
last pid: 23577;  load averages:  1.10,  1.11,  1.10    05:20:39
160 processes: 157 sleeping, 2 zombie, 1 on cpu

SRS_500x500-250000-25_01_rand_sync GREEDY-CI-20K-S NONE
Reading input file 'SRS_500x500-250000-25_01_rand_sync'...
Running GREEDY-CI-20K-S placement algorithm...
Conflict index before placement: 931.5332213497544
Elapsed time (placement): 15553.3607224 sec
Final conflict index: 553.2816801347197
New layout is not equal to the original specification.
New layout is compatible with the original specification.
---------------------------
last pid: 24685;  load averages:  1.09,  1.79,  3.49    09:43:21
160 processes: 157 sleeping, 2 zombie, 1 on cpu

SRS_500x500-250000-25_01_rand_sync GREEDY-CI-30K-S NONE
Reading input file 'SRS_500x500-250000-25_01_rand_sync'...
Running GREEDY-CI-30K-S placement algorithm...
Conflict index before placement: 931.5332213497544
Elapsed time (placement): 19454.0149785 sec
Final conflict index: 539.344685717267
New layout is not equal to the original specification.
New layout is compatible with the original specification.
---------------------------
last pid: 25739;  load averages:  1.16,  1.13,  1.12    15:11:02
161 processes: 157 sleeping, 2 zombie, 2 on cpu

SRS_200x200-40000-25_02_rand_sync GREEDY-CI-10K-S NONE
Reading input file 'SRS_200x200-40000-25_02_rand_sync'...
Running GREEDY-CI-10K-S placement algorithm...
Conflict index before placement: 924.9534563650967
Elapsed time (placement): 956.979569 sec
Final conflict index: 588.7552187621708
New layout is not equal to the original specification.
New layout is compatible with the original specification.
---------------------------
last pid: 25812;  load averages:  1.11,  1.12,  1.11    15:27:37
160 processes: 157 sleeping, 2 zombie, 1 on cpu

SRS_200x200-40000-25_02_rand_sync GREEDY-CI-20K-S NONE
Reading input file 'SRS_200x200-40000-25_02_rand_sync'...
Running GREEDY-CI-20K-S placement algorithm...
Conflict index before placement: 924.9534563650967
Elapsed time (placement): 1600.6578336 sec
Final conflict index: 566.7329416655649
New layout is not equal to the original specification.
New layout is compatible with the original specification.
---------------------------
last pid: 25910;  load averages:  1.09,  1.10,  1.10    15:54:54
160 processes: 157 sleeping, 2 zombie, 1 on cpu

SRS_200x200-40000-25_02_rand_sync GREEDY-CI-30K-S NONE
Reading input file 'SRS_200x200-40000-25_02_rand_sync'...
Running GREEDY-CI-30K-S placement algorithm...
Conflict index before placement: 924.9534563650967
Elapsed time (placement): 1974.2542291 sec
Final conflict index: 557.9343784074114
New layout is not equal to the original specification.
New layout is compatible with the original specification.
---------------------------
last pid: 26032;  load averages:  1.11,  1.11,  1.11    16:28:25
161 processes: 157 sleeping, 2 zombie, 2 on cpu

SRS_350x350-122500-25_02_rand_sync GREEDY-CI-10K-S NONE
Reading input file 'SRS_350x350-122500-25_02_rand_sync'...
Running GREEDY-CI-10K-S placement algorithm...
Conflict index before placement: 929.7189465386026
Elapsed time (placement): 3229.107099 sec
Final conflict index: 580.340381918901
New layout is not equal to the original specification.
New layout is compatible with the original specification.
---------------------------
last pid: 26218;  load averages:  1.09,  1.10,  1.10    17:23:59
160 processes: 156 sleeping, 2 zombie, 2 on cpu

SRS_350x350-122500-25_02_rand_sync GREEDY-CI-20K-S NONE
Reading input file 'SRS_350x350-122500-25_02_rand_sync'...
Running GREEDY-CI-20K-S placement algorithm...
Conflict index before placement: 929.7189465386026
Elapsed time (placement): 6028.0629762 sec
Final conflict index: 557.2911479666626
New layout is not equal to the original specification.
New layout is compatible with the original specification.
---------------------------
last pid: 26554;  load averages:  1.09,  1.09,  1.09    19:06:10
161 processes: 158 sleeping, 2 zombie, 1 on cpu

SRS_350x350-122500-25_02_rand_sync GREEDY-CI-30K-S NONE
Reading input file 'SRS_350x350-122500-25_02_rand_sync'...
Running GREEDY-CI-30K-S placement algorithm...
Conflict index before placement: 929.7189465386026
Elapsed time (placement): 8557.6552467 sec
Final conflict index: 544.4870983381713
New layout is not equal to the original specification.
New layout is compatible with the original specification.
---------------------------
last pid: 27031;  load averages:  1.09,  1.10,  1.09    21:30:32
160 processes: 156 sleeping, 2 zombie, 2 on cpu

SRS_500x500-250000-25_02_rand_sync GREEDY-CI-10K-S NONE
Reading input file 'SRS_500x500-250000-25_02_rand_sync'...
Running GREEDY-CI-10K-S placement algorithm...
Conflict index before placement: 931.5863502835178
Elapsed time (placement): 6945.165806 sec
Final conflict index: 576.1668742223127
New layout is not equal to the original specification.
New layout is compatible with the original specification.
---------------------------
last pid: 27427;  load averages:  1.09,  1.10,  1.09    23:29:46
160 processes: 156 sleeping, 2 zombie, 2 on cpu

SRS_500x500-250000-25_02_rand_sync GREEDY-CI-20K-S NONE
Reading input file 'SRS_500x500-250000-25_02_rand_sync'...
Running GREEDY-CI-20K-S placement algorithm...
Conflict index before placement: 931.5863502835178
Elapsed time (placement): 13459.1972722 sec
Final conflict index: 553.9300250475287
New layout is not equal to the original specification.
New layout is compatible with the original specification.
---------------------------
last pid: 28167;  load averages:  1.09,  1.10,  1.09    03:17:33
160 processes: 155 sleeping, 2 zombie, 3 on cpu

SRS_500x500-250000-25_02_rand_sync GREEDY-CI-30K-S NONE
Reading input file 'SRS_500x500-250000-25_02_rand_sync'...
Running GREEDY-CI-30K-S placement algorithm...
Conflict index before placement: 931.5863502835178
Elapsed time (placement): 19712.2796083 sec
Final conflict index: 539.7047611693687
New layout is not equal to the original specification.
New layout is compatible with the original specification.
---------------------------
last pid: 29270;  load averages:  1.23,  1.62,  1.41    08:49:33
158 processes: 155 sleeping, 2 zombie, 1 on cpu

SRS_200x200-40000-25_03_rand_sync GREEDY-CI-10K-S NONE
Reading input file 'SRS_200x200-40000-25_03_rand_sync'...
Running GREEDY-CI-10K-S placement algorithm...
Conflict index before placement: 925.2668968161959
Elapsed time (placement): 960.0129179 sec
Final conflict index: 588.2796367373785
New layout is not equal to the original specification.
New layout is compatible with the original specification.
---------------------------
last pid: 29327;  load averages:  1.08,  1.12,  1.21    09:06:08
158 processes: 154 sleeping, 2 zombie, 2 on cpu

SRS_200x200-40000-25_03_rand_sync GREEDY-CI-20K-S NONE
Reading input file 'SRS_200x200-40000-25_03_rand_sync'...
Running GREEDY-CI-20K-S placement algorithm...
Conflict index before placement: 925.2668968161959
Elapsed time (placement): 1601.6989367 sec
Final conflict index: 568.2202880632359
New layout is not equal to the original specification.
New layout is compatible with the original specification.
---------------------------
last pid: 29424;  load averages:  1.09,  1.09,  1.11    09:33:27
158 processes: 155 sleeping, 2 zombie, 1 on cpu

SRS_200x200-40000-25_03_rand_sync GREEDY-CI-30K-S NONE
Reading input file 'SRS_200x200-40000-25_03_rand_sync'...
Running GREEDY-CI-30K-S placement algorithm...
Conflict index before placement: 925.2668968161959
Elapsed time (placement): 1981.3583087 sec
Final conflict index: 557.9131595917523
New layout is not equal to the original specification.
New layout is compatible with the original specification.
---------------------------
last pid: 29553;  load averages:  1.17,  1.11,  1.11    10:07:05
158 processes: 155 sleeping, 2 zombie, 1 on cpu

SRS_350x350-122500-25_03_rand_sync GREEDY-CI-10K-S NONE
Reading input file 'SRS_350x350-122500-25_03_rand_sync'...
Running GREEDY-CI-10K-S placement algorithm...
Conflict index before placement: 929.8094773337825
Elapsed time (placement): 3218.0809237 sec
Final conflict index: 581.318815762618
New layout is not equal to the original specification.
New layout is compatible with the original specification.
---------------------------
last pid: 29824;  load averages:  1.09,  1.10,  1.10    11:02:28
160 processes: 156 sleeping, 2 zombie, 2 on cpu

SRS_350x350-122500-25_03_rand_sync GREEDY-CI-20K-S NONE
Reading input file 'SRS_350x350-122500-25_03_rand_sync'...
Running GREEDY-CI-20K-S placement algorithm...
Conflict index before placement: 929.8094773337825
Elapsed time (placement): 6028.0116997 sec
Final conflict index: 557.939258150939
New layout is not equal to the original specification.
New layout is compatible with the original specification.
---------------------------
last pid:   175;  load averages:  1.09,  1.10,  1.10    12:44:40
160 processes: 156 sleeping, 2 zombie, 2 on cpu

SRS_350x350-122500-25_03_rand_sync GREEDY-CI-30K-S NONE
Reading input file 'SRS_350x350-122500-25_03_rand_sync'...
Running GREEDY-CI-30K-S placement algorithm...
Conflict index before placement: 929.8094773337825
Elapsed time (placement): 8523.4541004 sec
Final conflict index: 544.4462028128482
New layout is not equal to the original specification.
New layout is compatible with the original specification.
---------------------------
last pid:   657;  load averages:  1.09,  1.09,  1.09    15:08:27
160 processes: 157 sleeping, 2 zombie, 1 on cpu

SRS_500x500-250000-25_03_rand_sync GREEDY-CI-10K-S NONE
Reading input file 'SRS_500x500-250000-25_03_rand_sync'...
Running GREEDY-CI-10K-S placement algorithm...
Conflict index before placement: 931.4498272633167
Elapsed time (placement): 6951.2904529 sec
Final conflict index: 576.0208398266475
New layout is not equal to the original specification.
New layout is compatible with the original specification.
---------------------------
last pid:  1204;  load averages:  2.09,  2.11,  2.11    17:08:03
166 processes: 162 sleeping, 2 zombie, 2 on cpu

SRS_500x500-250000-25_03_rand_sync GREEDY-CI-20K-S NONE
Reading input file 'SRS_500x500-250000-25_03_rand_sync'...
Running GREEDY-CI-20K-S placement algorithm...
Conflict index before placement: 931.4498272633167
Elapsed time (placement): 13465.0585338 sec
Final conflict index: 553.5637492028494
New layout is not equal to the original specification.
New layout is compatible with the original specification.
---------------------------
last pid:  2149;  load averages:  2.12,  2.13,  2.13    20:55:55
171 processes: 167 sleeping, 2 zombie, 2 on cpu

SRS_500x500-250000-25_03_rand_sync GREEDY-CI-30K-S NONE
Reading input file 'SRS_500x500-250000-25_03_rand_sync'...
Running GREEDY-CI-30K-S placement algorithm...
Conflict index before placement: 931.4498272633167
Elapsed time (placement): 19755.8896889 sec
Final conflict index: 538.2243561529243
New layout is not equal to the original specification.
New layout is compatible with the original specification.
---------------------------
last pid:  3452;  load averages:  2.11,  2.12,  2.12    02:28:39
166 processes: 162 sleeping, 2 zombie, 2 on cpu

SRS_200x200-40000-25_04_rand_sync GREEDY-CI-10K-S NONE
Reading input file 'SRS_200x200-40000-25_04_rand_sync'...
Running GREEDY-CI-10K-S placement algorithm...
Conflict index before placement: 925.0437629633236
Elapsed time (placement): 967.8034883 sec
Final conflict index: 587.8795617950917
New layout is not equal to the original specification.
New layout is compatible with the original specification.
---------------------------
last pid:  3524;  load averages:  2.18,  2.15,  2.13    02:45:24
166 processes: 161 sleeping, 2 zombie, 3 on cpu

SRS_200x200-40000-25_04_rand_sync GREEDY-CI-20K-S NONE
Reading input file 'SRS_200x200-40000-25_04_rand_sync'...
Running GREEDY-CI-20K-S placement algorithm...
Conflict index before placement: 925.0437629633236
Elapsed time (placement): 1616.7728532 sec
Final conflict index: 566.3910459932263
New layout is not equal to the original specification.
New layout is compatible with the original specification.
---------------------------
last pid:  3623;  load averages:  2.10,  2.11,  2.12    03:12:58
166 processes: 162 sleeping, 2 zombie, 2 on cpu

SRS_200x200-40000-25_04_rand_sync GREEDY-CI-30K-S NONE
Reading input file 'SRS_200x200-40000-25_04_rand_sync'...
Running GREEDY-CI-30K-S placement algorithm...
Conflict index before placement: 925.0437629633236
Elapsed time (placement): 1995.8717279 sec
Final conflict index: 557.5538360385929
New layout is not equal to the original specification.
New layout is compatible with the original specification.
---------------------------
last pid:  3753;  load averages:  2.15,  2.13,  2.12    03:46:51
166 processes: 160 sleeping, 2 zombie, 4 on cpu

SRS_350x350-122500-25_04_rand_sync GREEDY-CI-10K-S NONE
Reading input file 'SRS_350x350-122500-25_04_rand_sync'...
Running GREEDY-CI-10K-S placement algorithm...
Conflict index before placement: 929.6853990016483
Elapsed time (placement): 3244.6744356 sec
Final conflict index: 581.3296813566828
New layout is not equal to the original specification.
New layout is compatible with the original specification.
---------------------------
last pid:  3933;  load averages:  2.11,  2.12,  2.12    04:42:41
166 processes: 161 sleeping, 2 zombie, 3 on cpu

SRS_350x350-122500-25_04_rand_sync GREEDY-CI-20K-S NONE
Reading input file 'SRS_350x350-122500-25_04_rand_sync'...
Running GREEDY-CI-20K-S placement algorithm...
Conflict index before placement: 929.6853990016483
Elapsed time (placement): 6057.0620632 sec
Final conflict index: 557.6949303023479
New layout is not equal to the original specification.
New layout is compatible with the original specification.
---------------------------
last pid:  4288;  load averages:  2.13,  2.13,  2.13    06:25:22
166 processes: 161 sleeping, 2 zombie, 3 on cpu

SRS_350x350-122500-25_04_rand_sync GREEDY-CI-30K-S NONE
Reading input file 'SRS_350x350-122500-25_04_rand_sync'...
Running GREEDY-CI-30K-S placement algorithm...
Conflict index before placement: 929.6853990016483
Elapsed time (placement): 8568.8258164 sec
Final conflict index: 545.4115662011423
New layout is not equal to the original specification.
New layout is compatible with the original specification.
---------------------------
last pid:  4770;  load averages:  2.17,  2.16,  2.14    08:49:55
162 processes: 157 sleeping, 2 zombie, 3 on cpu

SRS_500x500-250000-25_04_rand_sync GREEDY-CI-10K-S NONE
Reading input file 'SRS_500x500-250000-25_04_rand_sync'...
Running GREEDY-CI-10K-S placement algorithm...
Conflict index before placement: 931.5618212574714
Elapsed time (placement): 6979.8904495 sec
Final conflict index: 576.5680500805751
New layout is not equal to the original specification.
New layout is compatible with the original specification.
---------------------------
last pid:  5360;  load averages:  1.09,  1.10,  1.10    10:49:44
157 processes: 154 sleeping, 2 zombie, 1 on cpu

SRS_500x500-250000-25_04_rand_sync GREEDY-CI-20K-S NONE
Reading input file 'SRS_500x500-250000-25_04_rand_sync'...
Running GREEDY-CI-20K-S placement algorithm...
Conflict index before placement: 931.5618212574714
Elapsed time (placement): 13395.8015542 sec
Final conflict index: 552.238266481873
New layout is not equal to the original specification.
New layout is compatible with the original specification.
---------------------------
last pid:  6206;  load averages:  1.09,  1.10,  1.10    14:36:28
150 processes: 147 sleeping, 2 zombie, 1 on cpu

SRS_500x500-250000-25_04_rand_sync GREEDY-CI-30K-S NONE
Reading input file 'SRS_500x500-250000-25_04_rand_sync'...
Running GREEDY-CI-30K-S placement algorithm...
Conflict index before placement: 931.5618212574714
Elapsed time (placement): 19774.0645463 sec
Final conflict index: 538.9304227752202
New layout is not equal to the original specification.
New layout is compatible with the original specification.
---------------------------
last pid: 22029;  load averages:  2.39,  2.48,  2.52    20:09:32
157 processes: 152 sleeping, 2 zombie, 3 on cpu

SRS_200x200-40000-25_05_rand_sync GREEDY-CI-10K-S NONE
Reading input file 'SRS_200x200-40000-25_05_rand_sync'...
Running GREEDY-CI-10K-S placement algorithm...
Conflict index before placement: 924.6751878832345
Elapsed time (placement): 958.1234428 sec
Final conflict index: 587.8186497735015
New layout is not equal to the original specification.
New layout is compatible with the original specification.
---------------------------
last pid: 22708;  load averages:  1.45,  2.02,  2.29    20:26:09
165 processes: 162 sleeping, 2 zombie, 1 on cpu

SRS_200x200-40000-25_05_rand_sync GREEDY-CI-20K-S NONE
Reading input file 'SRS_200x200-40000-25_05_rand_sync'...
Running GREEDY-CI-20K-S placement algorithm...
Conflict index before placement: 924.6751878832345
Elapsed time (placement): 1601.8521562 sec
Final conflict index: 567.4000325618151
New layout is not equal to the original specification.
New layout is compatible with the original specification.
---------------------------
last pid: 24473;  load averages:  1.97,  1.56,  1.54    20:54:05
150 processes: 145 sleeping, 2 zombie, 3 on cpu

SRS_200x200-40000-25_05_rand_sync GREEDY-CI-30K-S NONE
Reading input file 'SRS_200x200-40000-25_05_rand_sync'...
Running GREEDY-CI-30K-S placement algorithm...
Conflict index before placement: 924.6751878832345
Elapsed time (placement): 1986.4301373 sec
Final conflict index: 558.1074795274602
New layout is not equal to the original specification.
New layout is compatible with the original specification.
---------------------------
last pid: 28975;  load averages:  1.11,  1.11,  1.23    21:27:48
148 processes: 145 sleeping, 2 zombie, 1 on cpu

SRS_350x350-122500-25_05_rand_sync GREEDY-CI-10K-S NONE
Reading input file 'SRS_350x350-122500-25_05_rand_sync'...
Running GREEDY-CI-10K-S placement algorithm...
Conflict index before placement: 929.677507889581
Elapsed time (placement): 3229.2836268 sec
Final conflict index: 580.5791871872815
New layout is not equal to the original specification.
New layout is compatible with the original specification.
---------------------------
last pid: 29173;  load averages:  1.09,  1.09,  1.09    22:23:22
148 processes: 144 sleeping, 2 zombie, 2 on cpu

SRS_350x350-122500-25_05_rand_sync GREEDY-CI-20K-S NONE
Reading input file 'SRS_350x350-122500-25_05_rand_sync'...
Running GREEDY-CI-20K-S placement algorithm...
Conflict index before placement: 929.677507889581
Elapsed time (placement): 6025.48306 sec
Final conflict index: 557.281850288163
New layout is not equal to the original specification.
New layout is compatible with the original specification.
---------------------------
last pid: 29499;  load averages:  1.08,  1.08,  1.08    00:05:33
148 processes: 144 sleeping, 2 zombie, 2 on cpu

SRS_350x350-122500-25_05_rand_sync GREEDY-CI-30K-S NONE
Reading input file 'SRS_350x350-122500-25_05_rand_sync'...
Running GREEDY-CI-30K-S placement algorithm...
Conflict index before placement: 929.677507889581
Elapsed time (placement): 8545.6583364 sec
Final conflict index: 545.4816000111814
New layout is not equal to the original specification.
New layout is compatible with the original specification.
---------------------------
last pid:   115;  load averages:  1.08,  1.09,  1.08    02:29:42
149 processes: 146 sleeping, 2 zombie, 1 on cpu

SRS_500x500-250000-25_05_rand_sync GREEDY-CI-10K-S NONE
Reading input file 'SRS_500x500-250000-25_05_rand_sync'...
Running GREEDY-CI-10K-S placement algorithm...
Conflict index before placement: 931.450610664583
Elapsed time (placement): 6973.7683942 sec
Final conflict index: 576.1264251596734
New layout is not equal to the original specification.
New layout is compatible with the original specification.
---------------------------
last pid:   541;  load averages:  1.09,  1.09,  1.08    04:29:27
148 processes: 145 sleeping, 2 zombie, 1 on cpu

SRS_500x500-250000-25_05_rand_sync GREEDY-CI-20K-S NONE
Reading input file 'SRS_500x500-250000-25_05_rand_sync'...
Running GREEDY-CI-20K-S placement algorithm...
Conflict index before placement: 931.450610664583
Elapsed time (placement): 13621.1890714 sec
Final conflict index: 554.3986142219635
New layout is not equal to the original specification.
New layout is compatible with the original specification.
---------------------------
last pid:  1298;  load averages:  1.08,  1.08,  1.08    08:19:57
143 processes: 140 sleeping, 2 zombie, 1 on cpu

SRS_500x500-250000-25_05_rand_sync GREEDY-CI-30K-S NONE
Reading input file 'SRS_500x500-250000-25_05_rand_sync'...
Running GREEDY-CI-30K-S placement algorithm...
Conflict index before placement: 931.450610664583
Elapsed time (placement): 19483.931967 sec
Final conflict index: 538.6348919314795
New layout is not equal to the original specification.
New layout is compatible with the original specification.
