Start: Wed Dec 20 20:49:45 CET 2006
Host: tank
---------------------------
last pid:  7312;  load averages:  1.18,  1.46,  1.63    20:49:45
149 processes: 146 sleeping, 3 on cpu

SRA_300x300-90000-25-01_random_leftmost GREEDYPLACER-BL-5K-0-SORTSEQ
Reading input file 'SRA_300x300-90000-25-01_random_leftmost'...
Total border length: 5545332 -> normalized: 30.910434782608696
Running GreedyPlacer-BL-5000-SortSequences...
Elapsed time: 282.7458248 sec
Total border length: 3285392 -> normalized: 18.313221850613154
Total time: 282.7458248 sec
New layout is not equal to the original specification.
New layout is compatible with the original specification.
---------------------------
last pid:  7351;  load averages:  3.00,  2.19,  1.88    20:54:34
156 processes: 151 sleeping, 5 on cpu

SRA_300x300-90000-25-01_random_leftmost GREEDYPLACER-BL-5K-0-SORTEMBED
Reading input file 'SRA_300x300-90000-25-01_random_leftmost'...
Total border length: 5545332 -> normalized: 30.910434782608696
Running GreedyPlacer-BL-5000-SortEmbeddings...
Elapsed time: 274.3368458 sec
Total border length: 3292806 -> normalized: 18.354548494983277
Total time: 274.3368458 sec
New layout is not equal to the original specification.
New layout is compatible with the original specification.
---------------------------
last pid:  7381;  load averages:  3.14,  2.77,  2.22    20:59:13
159 processes: 155 sleeping, 4 on cpu

SRA_300x300-90000-25-01_random_leftmost GREEDYPLACER-BL-10K-0-SORTSEQ
Reading input file 'SRA_300x300-90000-25-01_random_leftmost'...
Total border length: 5545332 -> normalized: 30.910434782608696
Running GreedyPlacer-BL-10000-SortSequences...
Elapsed time: 551.771034 sec
Total border length: 3262074 -> normalized: 18.18324414715719
Total time: 551.771034 sec
New layout is not equal to the original specification.
New layout is compatible with the original specification.
---------------------------
last pid:  7416;  load averages:  3.15,  3.10,  2.65    21:08:29
152 processes: 148 sleeping, 4 on cpu

SRA_300x300-90000-25-01_random_leftmost GREEDYPLACER-BL-10K-0-SORTEMBED
Reading input file 'SRA_300x300-90000-25-01_random_leftmost'...
Total border length: 5545332 -> normalized: 30.910434782608696
Running GreedyPlacer-BL-10000-SortEmbeddings...
Elapsed time: 552.7057855 sec
Total border length: 3269670 -> normalized: 18.225585284280935
Total time: 552.7057855 sec
New layout is not equal to the original specification.
New layout is compatible with the original specification.
---------------------------
last pid:  7470;  load averages:  3.16,  3.15,  2.89    21:17:47
153 processes: 149 sleeping, 4 on cpu

SRA_300x300-90000-25-01_random_leftmost GREEDYPLACER-BL-20K-0-SORTSEQ
Reading input file 'SRA_300x300-90000-25-01_random_leftmost'...
Total border length: 5545332 -> normalized: 30.910434782608696
Running GreedyPlacer-BL-20000-SortSequences...
Elapsed time: 1090.701948 sec
Total border length: 3239396 -> normalized: 18.056833890746933
Total time: 1090.701948 sec
New layout is not equal to the original specification.
New layout is compatible with the original specification.
---------------------------
last pid:  7535;  load averages:  3.16,  3.17,  3.09    21:36:02
152 processes: 148 sleeping, 4 on cpu

SRA_300x300-90000-25-01_random_leftmost GREEDYPLACER-BL-20K-0-SORTEMBED
Reading input file 'SRA_300x300-90000-25-01_random_leftmost'...
Total border length: 5545332 -> normalized: 30.910434782608696
Running GreedyPlacer-BL-20000-SortEmbeddings...
Elapsed time: 1054.8052867 sec
Total border length: 3243958 -> normalized: 18.08226309921962
Total time: 1054.8052867 sec
New layout is not equal to the original specification.
New layout is compatible with the original specification.
---------------------------
last pid:  7616;  load averages:  3.26,  3.18,  3.14    21:53:41
152 processes: 148 sleeping, 4 on cpu

SRA_300x300-90000-25-01_random_leftmost GREEDYPLACER-BL-5K-1-SORTSEQ
Reading input file 'SRA_300x300-90000-25-01_random_leftmost'...
Total border length: 5545332 -> normalized: 30.910434782608696
Running GreedyPlacer-BL-5000-SortSequences...
Elapsed time: 285.3251262 sec
Total border length: 3320078 -> normalized: 18.506566332218505
Total time: 285.3251262 sec
New layout is not equal to the original specification.
New layout is compatible with the original specification.
---------------------------
last pid:  7633;  load averages:  3.15,  3.18,  3.16    21:58:31
152 processes: 148 sleeping, 4 on cpu

SRA_300x300-90000-25-01_random_leftmost GREEDYPLACER-BL-5K-1-SORTEMBED
Reading input file 'SRA_300x300-90000-25-01_random_leftmost'...
Total border length: 5545332 -> normalized: 30.910434782608696
Running GreedyPlacer-BL-5000-SortEmbeddings...
Elapsed time: 284.3881461 sec
Total border length: 3327586 -> normalized: 18.548416945373468
Total time: 284.3881461 sec
New layout is not equal to the original specification.
New layout is compatible with the original specification.
---------------------------
last pid:  7654;  load averages:  3.13,  3.16,  3.15    22:03:21
152 processes: 148 sleeping, 4 on cpu

SRA_300x300-90000-25-01_random_leftmost GREEDYPLACER-BL-10K-1-SORTSEQ
Reading input file 'SRA_300x300-90000-25-01_random_leftmost'...
Total border length: 5545332 -> normalized: 30.910434782608696
Running GreedyPlacer-BL-10000-SortSequences...
Elapsed time: 546.9653284 sec
Total border length: 3299434 -> normalized: 18.39149386845039
Total time: 546.9653284 sec
New layout is not equal to the original specification.
New layout is compatible with the original specification.
---------------------------
last pid:  7699;  load averages:  3.16,  3.16,  3.16    22:12:32
153 processes: 148 sleeping, 5 on cpu

SRA_300x300-90000-25-01_random_leftmost GREEDYPLACER-BL-10K-1-SORTEMBED
Reading input file 'SRA_300x300-90000-25-01_random_leftmost'...
Total border length: 5545332 -> normalized: 30.910434782608696
Running GreedyPlacer-BL-10000-SortEmbeddings...
Elapsed time: 552.6207333 sec
Total border length: 3306262 -> normalized: 18.429554069119288
Total time: 552.6207333 sec
New layout is not equal to the original specification.
New layout is compatible with the original specification.
---------------------------
last pid:  7736;  load averages:  3.15,  3.16,  3.15    22:21:50
152 processes: 148 sleeping, 4 on cpu

SRA_300x300-90000-25-01_random_leftmost GREEDYPLACER-BL-20K-1-SORTSEQ
Reading input file 'SRA_300x300-90000-25-01_random_leftmost'...
Total border length: 5545332 -> normalized: 30.910434782608696
Running GreedyPlacer-BL-20000-SortSequences...
Elapsed time: 1043.1814703 sec
Total border length: 3282182 -> normalized: 18.295328874024527
Total time: 1043.1814703 sec
New layout is not equal to the original specification.
New layout is compatible with the original specification.
---------------------------
last pid:  7797;  load averages:  3.15,  3.16,  3.16    22:39:18
152 processes: 148 sleeping, 4 on cpu

SRA_300x300-90000-25-01_random_leftmost GREEDYPLACER-BL-20K-1-SORTEMBED
Reading input file 'SRA_300x300-90000-25-01_random_leftmost'...
Total border length: 5545332 -> normalized: 30.910434782608696
Running GreedyPlacer-BL-20000-SortEmbeddings...
Elapsed time: 1081.705154 sec
Total border length: 3284612 -> normalized: 18.308874024526197
Total time: 1081.705154 sec
New layout is not equal to the original specification.
New layout is compatible with the original specification.
---------------------------
last pid:  7882;  load averages:  3.16,  3.19,  3.18    22:57:24
152 processes: 148 sleeping, 4 on cpu

SRA_300x300-90000-25-01_random_leftmost GREEDYPLACER-BL-5K-2-SORTSEQ
Reading input file 'SRA_300x300-90000-25-01_random_leftmost'...
Total border length: 5545332 -> normalized: 30.910434782608696
Running GreedyPlacer-BL-5000-SortSequences...
Elapsed time: 277.9543821 sec
Total border length: 3306048 -> normalized: 18.428361204013378
Total time: 277.9543821 sec
New layout is not equal to the original specification.
New layout is compatible with the original specification.
---------------------------
last pid:  7909;  load averages:  3.14,  3.18,  3.18    23:02:06
154 processes: 150 sleeping, 4 on cpu

SRA_300x300-90000-25-01_random_leftmost GREEDYPLACER-BL-5K-2-SORTEMBED
Reading input file 'SRA_300x300-90000-25-01_random_leftmost'...
Total border length: 5545332 -> normalized: 30.910434782608696
Running GreedyPlacer-BL-5000-SortEmbeddings...
Elapsed time: 283.1903128 sec
Total border length: 3312366 -> normalized: 18.463578595317724
Total time: 283.1903128 sec
New layout is not equal to the original specification.
New layout is compatible with the original specification.
---------------------------
last pid:  7924;  load averages:  3.12,  3.16,  3.17    23:06:56
152 processes: 148 sleeping, 4 on cpu

SRA_300x300-90000-25-01_random_leftmost GREEDYPLACER-BL-10K-2-SORTSEQ
Reading input file 'SRA_300x300-90000-25-01_random_leftmost'...
Total border length: 5545332 -> normalized: 30.910434782608696
Running GreedyPlacer-BL-10000-SortSequences...
Elapsed time: 548.4405338 sec
Total border length: 3284646 -> normalized: 18.3090635451505
Total time: 548.4405338 sec
New layout is not equal to the original specification.
New layout is compatible with the original specification.
---------------------------
last pid:  7969;  load averages:  3.20,  3.19,  3.18    23:16:09
153 processes: 148 sleeping, 5 on cpu

SRA_300x300-90000-25-01_random_leftmost GREEDYPLACER-BL-10K-2-SORTEMBED
Reading input file 'SRA_300x300-90000-25-01_random_leftmost'...
Total border length: 5545332 -> normalized: 30.910434782608696
Running GreedyPlacer-BL-10000-SortEmbeddings...
Elapsed time: 559.2022489 sec
Total border length: 3290780 -> normalized: 18.34325529542921
Total time: 559.2022489 sec
New layout is not equal to the original specification.
New layout is compatible with the original specification.
---------------------------
last pid:  8012;  load averages:  3.17,  3.16,  3.16    23:25:33
152 processes: 147 sleeping, 5 on cpu

SRA_300x300-90000-25-01_random_leftmost GREEDYPLACER-BL-20K-2-SORTSEQ
Reading input file 'SRA_300x300-90000-25-01_random_leftmost'...
Total border length: 5545332 -> normalized: 30.910434782608696
Running GreedyPlacer-BL-20000-SortSequences...
Elapsed time: 1063.1948636 sec
Total border length: 3264618 -> normalized: 18.19742474916388
Total time: 1063.1948636 sec
New layout is not equal to the original specification.
New layout is compatible with the original specification.
---------------------------
last pid:  8089;  load averages:  3.16,  3.18,  3.17    23:43:20
152 processes: 148 sleeping, 4 on cpu

SRA_300x300-90000-25-01_random_leftmost GREEDYPLACER-BL-20K-2-SORTEMBED
Reading input file 'SRA_300x300-90000-25-01_random_leftmost'...
Total border length: 5545332 -> normalized: 30.910434782608696
Running GreedyPlacer-BL-20000-SortEmbeddings...
Elapsed time: 1108.4884367 sec
Total border length: 3271530 -> normalized: 18.235953177257525
Total time: 1108.4884367 sec
New layout is not equal to the original specification.
New layout is compatible with the original specification.
---------------------------
last pid:  8161;  load averages:  3.16,  3.18,  3.17    00:01:54
152 processes: 148 sleeping, 4 on cpu

SRA_300x300-90000-25-01_random_leftmost GREEDYPLACER-BL-5K-3-SORTSEQ
Reading input file 'SRA_300x300-90000-25-01_random_leftmost'...
Total border length: 5545332 -> normalized: 30.910434782608696
Running GreedyPlacer-BL-5000-SortSequences...
Elapsed time: 281.5326343 sec
Total border length: 3298176 -> normalized: 18.38448160535117
Total time: 281.5326343 sec
New layout is not equal to the original specification.
New layout is compatible with the original specification.
---------------------------
last pid:  8172;  load averages:  3.13,  3.15,  3.16    00:06:40
152 processes: 148 sleeping, 4 on cpu

SRA_300x300-90000-25-01_random_leftmost GREEDYPLACER-BL-5K-3-SORTEMBED
Reading input file 'SRA_300x300-90000-25-01_random_leftmost'...
Total border length: 5545332 -> normalized: 30.910434782608696
Running GreedyPlacer-BL-5000-SortEmbeddings...
Elapsed time: 282.4904805 sec
Total border length: 3306780 -> normalized: 18.432441471571906
Total time: 282.4904805 sec
New layout is not equal to the original specification.
New layout is compatible with the original specification.
---------------------------
last pid:  8196;  load averages:  3.14,  3.16,  3.16    00:11:26
150 processes: 146 sleeping, 4 on cpu

SRA_300x300-90000-25-01_random_leftmost GREEDYPLACER-BL-10K-3-SORTSEQ
Reading input file 'SRA_300x300-90000-25-01_random_leftmost'...
Total border length: 5545332 -> normalized: 30.910434782608696
Running GreedyPlacer-BL-10000-SortSequences...
Elapsed time: 557.8556887 sec
Total border length: 3278384 -> normalized: 18.274158305462652
Total time: 557.8556887 sec
New layout is not equal to the original specification.
New layout is compatible with the original specification.
---------------------------
last pid:  8243;  load averages:  3.13,  3.14,  3.16    00:20:49
150 processes: 146 sleeping, 4 on cpu

SRA_300x300-90000-25-01_random_leftmost GREEDYPLACER-BL-10K-3-SORTEMBED
Reading input file 'SRA_300x300-90000-25-01_random_leftmost'...
Total border length: 5545332 -> normalized: 30.910434782608696
Running GreedyPlacer-BL-10000-SortEmbeddings...
Elapsed time: 554.5991279 sec
Total border length: 3284066 -> normalized: 18.30583054626533
Total time: 554.5991279 sec
New layout is not equal to the original specification.
New layout is compatible with the original specification.
---------------------------
last pid:  8282;  load averages:  3.15,  3.15,  3.16    00:30:08
149 processes: 145 sleeping, 4 on cpu

SRA_300x300-90000-25-01_random_leftmost GREEDYPLACER-BL-20K-3-SORTSEQ
Reading input file 'SRA_300x300-90000-25-01_random_leftmost'...
Total border length: 5545332 -> normalized: 30.910434782608696
Running GreedyPlacer-BL-20000-SortSequences...
Elapsed time: 1069.4240644 sec
Total border length: 3258824 -> normalized: 18.165128205128205
Total time: 1069.4240644 sec
New layout is not equal to the original specification.
New layout is compatible with the original specification.
---------------------------
last pid:  8366;  load averages:  3.18,  3.16,  3.16    00:48:01
150 processes: 146 sleeping, 4 on cpu

SRA_300x300-90000-25-01_random_leftmost GREEDYPLACER-BL-20K-3-SORTEMBED
Reading input file 'SRA_300x300-90000-25-01_random_leftmost'...
Total border length: 5545332 -> normalized: 30.910434782608696
Running GreedyPlacer-BL-20000-SortEmbeddings...
Elapsed time: 1052.7298603 sec
Total border length: 3262462 -> normalized: 18.185406911928652
Total time: 1052.7298603 sec
New layout is not equal to the original specification.
New layout is compatible with the original specification.
---------------------------
last pid:  8417;  load averages:  3.15,  3.16,  3.16    01:05:39
150 processes: 146 sleeping, 4 on cpu

SRA_300x300-90000-25-01_random_leftmost GREEDYPLACER-BL-5K-4-SORTSEQ
Reading input file 'SRA_300x300-90000-25-01_random_leftmost'...
Total border length: 5545332 -> normalized: 30.910434782608696
Running GreedyPlacer-BL-5000-SortSequences...
Elapsed time: 281.513617 sec
Total border length: 3295530 -> normalized: 18.369732441471573
Total time: 281.513617 sec
New layout is not equal to the original specification.
New layout is compatible with the original specification.
---------------------------
last pid:  8439;  load averages:  3.20,  3.19,  3.17    01:10:24
150 processes: 144 sleeping, 6 on cpu

SRA_300x300-90000-25-01_random_leftmost GREEDYPLACER-BL-5K-4-SORTEMBED
Reading input file 'SRA_300x300-90000-25-01_random_leftmost'...
Total border length: 5545332 -> normalized: 30.910434782608696
Running GreedyPlacer-BL-5000-SortEmbeddings...
Elapsed time: 279.2509558 sec
Total border length: 3302424 -> normalized: 18.408160535117055
Total time: 279.2509558 sec
New layout is not equal to the original specification.
New layout is compatible with the original specification.
---------------------------
last pid:  8468;  load averages:  3.12,  3.16,  3.16    01:15:09
150 processes: 146 sleeping, 4 on cpu

SRA_300x300-90000-25-01_random_leftmost GREEDYPLACER-BL-10K-4-SORTSEQ
Reading input file 'SRA_300x300-90000-25-01_random_leftmost'...
Total border length: 5545332 -> normalized: 30.910434782608696
Running GreedyPlacer-BL-10000-SortSequences...
Elapsed time: 547.1367991 sec
Total border length: 3273166 -> normalized: 18.245072463768118
Total time: 547.1367991 sec
New layout is not equal to the original specification.
New layout is compatible with the original specification.
---------------------------
last pid:  8513;  load averages:  3.18,  3.17,  3.17    01:24:21
151 processes: 146 sleeping, 5 on cpu

SRA_300x300-90000-25-01_random_leftmost GREEDYPLACER-BL-10K-4-SORTEMBED
Reading input file 'SRA_300x300-90000-25-01_random_leftmost'...
Total border length: 5545332 -> normalized: 30.910434782608696
Running GreedyPlacer-BL-10000-SortEmbeddings...
Elapsed time: 563.7005917 sec
Total border length: 3280810 -> normalized: 18.28768115942029
Total time: 563.7005917 sec
New layout is not equal to the original specification.
New layout is compatible with the original specification.
---------------------------
last pid:  8536;  load averages:  3.16,  3.15,  3.16    01:33:50
150 processes: 146 sleeping, 4 on cpu

SRA_300x300-90000-25-01_random_leftmost GREEDYPLACER-BL-20K-4-SORTSEQ
Reading input file 'SRA_300x300-90000-25-01_random_leftmost'...
Total border length: 5545332 -> normalized: 30.910434782608696
Running GreedyPlacer-BL-20000-SortSequences...
Elapsed time: 1052.4561194 sec
Total border length: 3254082 -> normalized: 18.13869565217391
Total time: 1052.4561194 sec
New layout is not equal to the original specification.
New layout is compatible with the original specification.
---------------------------
last pid:  8616;  load averages:  3.17,  3.18,  3.17    01:51:27
150 processes: 146 sleeping, 4 on cpu

SRA_300x300-90000-25-01_random_leftmost GREEDYPLACER-BL-20K-4-SORTEMBED
Reading input file 'SRA_300x300-90000-25-01_random_leftmost'...
Total border length: 5545332 -> normalized: 30.910434782608696
Running GreedyPlacer-BL-20000-SortEmbeddings...
Elapsed time: 1075.9166741 sec
Total border length: 3258570 -> normalized: 18.16371237458194
Total time: 1075.9166741 sec
New layout is not equal to the original specification.
New layout is compatible with the original specification.
---------------------------
last pid:  8675;  load averages:  3.14,  3.17,  3.16    02:09:29
151 processes: 146 sleeping, 5 on cpu

SRA_500x500-250000-25-01_random_leftmost GREEDYPLACER-BL-5K-0-SORTSEQ
Reading input file 'SRA_500x500-250000-25-01_random_leftmost'...
Total border length: 15424272 -> normalized: 30.91036472945892
Running GreedyPlacer-BL-5000-SortSequences...
Elapsed time: 863.1831738 sec
Total border length: 8774338 -> normalized: 17.58384368737475
Total time: 863.1831738 sec
New layout is not equal to the original specification.
New layout is compatible with the original specification.
---------------------------
last pid:  8741;  load averages:  3.19,  3.18,  3.16    02:24:02
150 processes: 145 sleeping, 5 on cpu

SRA_500x500-250000-25-01_random_leftmost GREEDYPLACER-BL-5K-0-SORTEMBED
Reading input file 'SRA_500x500-250000-25-01_random_leftmost'...
Total border length: 15424272 -> normalized: 30.91036472945892
Running GreedyPlacer-BL-5000-SortEmbeddings...
Elapsed time: 873.604925 sec
Total border length: 8800260 -> normalized: 17.635791583166334
Total time: 873.604925 sec
New layout is not equal to the original specification.
New layout is compatible with the original specification.
---------------------------
last pid:  8790;  load averages:  3.21,  3.20,  3.18    02:38:46
150 processes: 146 sleeping, 4 on cpu

SRA_500x500-250000-25-01_random_leftmost GREEDYPLACER-BL-10K-0-SORTSEQ
Reading input file 'SRA_500x500-250000-25-01_random_leftmost'...
Total border length: 15424272 -> normalized: 30.91036472945892
Running GreedyPlacer-BL-10000-SortSequences...
Elapsed time: 1905.1418645 sec
Total border length: 8713954 -> normalized: 17.46283366733467
Total time: 1905.1418645 sec
New layout is not equal to the original specification.
New layout is compatible with the original specification.
---------------------------
last pid:  8894;  load averages:  3.15,  3.15,  3.16    03:10:42
151 processes: 146 sleeping, 5 on cpu

SRA_500x500-250000-25-01_random_leftmost GREEDYPLACER-BL-10K-0-SORTEMBED
Reading input file 'SRA_500x500-250000-25-01_random_leftmost'...
Total border length: 15424272 -> normalized: 30.91036472945892
Running GreedyPlacer-BL-10000-SortEmbeddings...
Elapsed time: 1971.5705723 sec
Total border length: 8735700 -> normalized: 17.506412825651303
Total time: 1971.5705723 sec
New layout is not equal to the original specification.
New layout is compatible with the original specification.
---------------------------
last pid:  9040;  load averages:  3.35,  3.21,  3.18    03:43:43
151 processes: 146 sleeping, 5 on cpu

SRA_500x500-250000-25-01_random_leftmost GREEDYPLACER-BL-20K-0-SORTSEQ
Reading input file 'SRA_500x500-250000-25-01_random_leftmost'...
Total border length: 15424272 -> normalized: 30.91036472945892
Running GreedyPlacer-BL-20000-SortSequences...
Elapsed time: 4249.6308829 sec
Total border length: 8658300 -> normalized: 17.35130260521042
Total time: 4249.6308829 sec
New layout is not equal to the original specification.
New layout is compatible with the original specification.
---------------------------
last pid:  9289;  load averages:  3.18,  3.17,  3.16    04:54:42
151 processes: 146 sleeping, 5 on cpu

SRA_500x500-250000-25-01_random_leftmost GREEDYPLACER-BL-20K-0-SORTEMBED
Reading input file 'SRA_500x500-250000-25-01_random_leftmost'...
Total border length: 15424272 -> normalized: 30.91036472945892
Running GreedyPlacer-BL-20000-SortEmbeddings...
Elapsed time: 4352.9062893 sec
Total border length: 8682442 -> normalized: 17.399683366733466
Total time: 4352.9062893 sec
New layout is not equal to the original specification.
New layout is compatible with the original specification.
---------------------------
last pid:  9531;  load averages:  3.18,  3.18,  3.17    06:07:24
150 processes: 146 sleeping, 4 on cpu

SRA_500x500-250000-25-01_random_leftmost GREEDYPLACER-BL-5K-1-SORTSEQ
Reading input file 'SRA_500x500-250000-25-01_random_leftmost'...
Total border length: 15424272 -> normalized: 30.91036472945892
Running GreedyPlacer-BL-5000-SortSequences...
Elapsed time: 885.5145902 sec
Total border length: 8872950 -> normalized: 17.781462925851702
Total time: 885.5145902 sec
New layout is not equal to the original specification.
New layout is compatible with the original specification.
---------------------------
last pid:  9598;  load averages:  3.16,  3.17,  3.16    06:22:18
151 processes: 146 sleeping, 5 on cpu

SRA_500x500-250000-25-01_random_leftmost GREEDYPLACER-BL-5K-1-SORTEMBED
Reading input file 'SRA_500x500-250000-25-01_random_leftmost'...
Total border length: 15424272 -> normalized: 30.91036472945892
Running GreedyPlacer-BL-5000-SortEmbeddings...
Elapsed time: 875.8679383 sec
Total border length: 8899132 -> normalized: 17.833931863727454
Total time: 875.8679383 sec
New layout is not equal to the original specification.
New layout is compatible with the original specification.
---------------------------
last pid:  9649;  load averages:  3.18,  3.18,  3.17    06:37:04
151 processes: 146 sleeping, 5 on cpu

SRA_500x500-250000-25-01_random_leftmost GREEDYPLACER-BL-10K-1-SORTSEQ
Reading input file 'SRA_500x500-250000-25-01_random_leftmost'...
Total border length: 15424272 -> normalized: 30.91036472945892
Running GreedyPlacer-BL-10000-SortSequences...
Elapsed time: 1996.1344689 sec
Total border length: 8820428 -> normalized: 17.676208416833667
Total time: 1996.1344689 sec
New layout is not equal to the original specification.
New layout is compatible with the original specification.
---------------------------
last pid:  9769;  load averages:  3.16,  3.16,  3.17    07:10:29
150 processes: 145 sleeping, 5 on cpu

SRA_500x500-250000-25-01_random_leftmost GREEDYPLACER-BL-10K-1-SORTEMBED
Reading input file 'SRA_500x500-250000-25-01_random_leftmost'...
Total border length: 15424272 -> normalized: 30.91036472945892
Running GreedyPlacer-BL-10000-SortEmbeddings...
Elapsed time: 1941.620587 sec
Total border length: 8845386 -> normalized: 17.726224448897796
Total time: 1941.620587 sec
New layout is not equal to the original specification.
New layout is compatible with the original specification.
---------------------------
last pid:  9890;  load averages:  3.16,  3.17,  3.16    07:43:01
151 processes: 146 sleeping, 5 on cpu

SRA_500x500-250000-25-01_random_leftmost GREEDYPLACER-BL-20K-1-SORTSEQ
Reading input file 'SRA_500x500-250000-25-01_random_leftmost'...
Total border length: 15424272 -> normalized: 30.91036472945892
Running GreedyPlacer-BL-20000-SortSequences...
Elapsed time: 4138.1759885 sec
Total border length: 8772770 -> normalized: 17.580701402805612
Total time: 4138.1759885 sec
New layout is not equal to the original specification.
New layout is compatible with the original specification.
---------------------------
last pid: 10147;  load averages:  3.16,  3.16,  3.16    08:52:08
150 processes: 146 sleeping, 4 on cpu

SRA_500x500-250000-25-01_random_leftmost GREEDYPLACER-BL-20K-1-SORTEMBED
Reading input file 'SRA_500x500-250000-25-01_random_leftmost'...
Total border length: 15424272 -> normalized: 30.91036472945892
Running GreedyPlacer-BL-20000-SortEmbeddings...
Elapsed time: 4180.2803484 sec
Total border length: 8791504 -> normalized: 17.618244488977957
Total time: 4180.2803484 sec
New layout is not equal to the original specification.
New layout is compatible with the original specification.
---------------------------
last pid: 10376;  load averages:  3.16,  3.16,  3.16    10:01:57
150 processes: 146 sleeping, 4 on cpu

SRA_500x500-250000-25-01_random_leftmost GREEDYPLACER-BL-5K-2-SORTSEQ
Reading input file 'SRA_500x500-250000-25-01_random_leftmost'...
Total border length: 15424272 -> normalized: 30.91036472945892
Running GreedyPlacer-BL-5000-SortSequences...
Elapsed time: 862.2120424 sec
Total border length: 8834608 -> normalized: 17.704625250501003
Total time: 862.2120424 sec
New layout is not equal to the original specification.
New layout is compatible with the original specification.
---------------------------
last pid: 10432;  load averages:  3.21,  3.18,  3.17    10:16:28
151 processes: 146 sleeping, 5 on cpu

SRA_500x500-250000-25-01_random_leftmost GREEDYPLACER-BL-5K-2-SORTEMBED
Reading input file 'SRA_500x500-250000-25-01_random_leftmost'...
Total border length: 15424272 -> normalized: 30.91036472945892
Running GreedyPlacer-BL-5000-SortEmbeddings...
Elapsed time: 863.8163327 sec
Total border length: 8863108 -> normalized: 17.761739478957917
Total time: 863.8163327 sec
New layout is not equal to the original specification.
New layout is compatible with the original specification.
---------------------------
last pid: 10486;  load averages:  3.16,  3.18,  3.17    10:31:01
151 processes: 146 sleeping, 5 on cpu

SRA_500x500-250000-25-01_random_leftmost GREEDYPLACER-BL-10K-2-SORTSEQ
Reading input file 'SRA_500x500-250000-25-01_random_leftmost'...
Total border length: 15424272 -> normalized: 30.91036472945892
Running GreedyPlacer-BL-10000-SortSequences...
Elapsed time: 1953.8246638 sec
Total border length: 8777480 -> normalized: 17.590140280561123
Total time: 1953.8246638 sec
New layout is not equal to the original specification.
New layout is compatible with the original specification.
---------------------------
last pid: 10611;  load averages:  3.16,  3.17,  3.17    11:03:44
150 processes: 145 sleeping, 5 on cpu

SRA_500x500-250000-25-01_random_leftmost GREEDYPLACER-BL-10K-2-SORTEMBED
Reading input file 'SRA_500x500-250000-25-01_random_leftmost'...
Total border length: 15424272 -> normalized: 30.91036472945892
Running GreedyPlacer-BL-10000-SortEmbeddings...
Elapsed time: 1900.3420105 sec
Total border length: 8799350 -> normalized: 17.633967935871745
Total time: 1900.3420105 sec
New layout is not equal to the original specification.
New layout is compatible with the original specification.
---------------------------
last pid: 10752;  load averages:  3.18,  3.18,  3.18    11:35:34
151 processes: 147 sleeping, 4 on cpu

SRA_500x500-250000-25-01_random_leftmost GREEDYPLACER-BL-20K-2-SORTSEQ
Reading input file 'SRA_500x500-250000-25-01_random_leftmost'...
Total border length: 15424272 -> normalized: 30.91036472945892
Running GreedyPlacer-BL-20000-SortSequences...
Elapsed time: 4257.1533199 sec
Total border length: 8728692 -> normalized: 17.49236873747495
Total time: 4257.1533199 sec
New layout is not equal to the original specification.
New layout is compatible with the original specification.
---------------------------
last pid: 10989;  load averages:  3.19,  3.17,  3.16    12:46:40
152 processes: 147 sleeping, 5 on cpu

SRA_500x500-250000-25-01_random_leftmost GREEDYPLACER-BL-20K-2-SORTEMBED
Reading input file 'SRA_500x500-250000-25-01_random_leftmost'...
Total border length: 15424272 -> normalized: 30.91036472945892
Running GreedyPlacer-BL-20000-SortEmbeddings...
Elapsed time: 4082.4210205 sec
Total border length: 8747436 -> normalized: 17.529931863727455
Total time: 4082.4210205 sec
New layout is not equal to the original specification.
New layout is compatible with the original specification.
---------------------------
last pid: 11217;  load averages:  3.17,  3.16,  3.16    13:54:52
151 processes: 147 sleeping, 4 on cpu

SRA_500x500-250000-25-01_random_leftmost GREEDYPLACER-BL-5K-3-SORTSEQ
Reading input file 'SRA_500x500-250000-25-01_random_leftmost'...
Total border length: 15424272 -> normalized: 30.91036472945892
Running GreedyPlacer-BL-5000-SortSequences...
Elapsed time: 855.9966306 sec
Total border length: 8821070 -> normalized: 17.67749498997996
Total time: 855.9966306 sec
New layout is not equal to the original specification.
New layout is compatible with the original specification.
---------------------------
last pid: 11257;  load averages:  3.16,  3.17,  3.16    14:09:16
151 processes: 147 sleeping, 4 on cpu

SRA_500x500-250000-25-01_random_leftmost GREEDYPLACER-BL-5K-3-SORTEMBED
Reading input file 'SRA_500x500-250000-25-01_random_leftmost'...
Total border length: 15424272 -> normalized: 30.91036472945892
Running GreedyPlacer-BL-5000-SortEmbeddings...
Elapsed time: 858.8892973 sec
Total border length: 8843756 -> normalized: 17.722957915831664
Total time: 858.8892973 sec
New layout is not equal to the original specification.
New layout is compatible with the original specification.
---------------------------
last pid: 11330;  load averages:  3.16,  3.18,  3.17    14:23:45
152 processes: 147 sleeping, 5 on cpu

SRA_500x500-250000-25-01_random_leftmost GREEDYPLACER-BL-10K-3-SORTSEQ
Reading input file 'SRA_500x500-250000-25-01_random_leftmost'...
Total border length: 15424272 -> normalized: 30.91036472945892
Running GreedyPlacer-BL-10000-SortSequences...
Elapsed time: 1903.0794082 sec
Total border length: 8760596 -> normalized: 17.556304609218436
Total time: 1903.0794082 sec
New layout is not equal to the original specification.
New layout is compatible with the original specification.
---------------------------
last pid: 11434;  load averages:  3.14,  3.16,  3.16    14:55:38
152 processes: 147 sleeping, 5 on cpu

SRA_500x500-250000-25-01_random_leftmost GREEDYPLACER-BL-10K-3-SORTEMBED
Reading input file 'SRA_500x500-250000-25-01_random_leftmost'...
Total border length: 15424272 -> normalized: 30.91036472945892
Running GreedyPlacer-BL-10000-SortEmbeddings...
Elapsed time: 1935.7029665 sec
Total border length: 8780060 -> normalized: 17.595310621242486
Total time: 1935.7029665 sec
New layout is not equal to the original specification.
New layout is compatible with the original specification.
---------------------------
last pid: 11548;  load averages:  3.16,  3.16,  3.16    15:28:03
152 processes: 147 sleeping, 5 on cpu

SRA_500x500-250000-25-01_random_leftmost GREEDYPLACER-BL-20K-3-SORTSEQ
Reading input file 'SRA_500x500-250000-25-01_random_leftmost'...
Total border length: 15424272 -> normalized: 30.91036472945892
Running GreedyPlacer-BL-20000-SortSequences...
Elapsed time: 4202.3744918 sec
Total border length: 8706098 -> normalized: 17.44709018036072
Total time: 4202.3744918 sec
New layout is not equal to the original specification.
New layout is compatible with the original specification.
---------------------------
last pid: 11780;  load averages:  3.16,  3.16,  3.16    16:38:15
152 processes: 147 sleeping, 5 on cpu

SRA_500x500-250000-25-01_random_leftmost GREEDYPLACER-BL-20K-3-SORTEMBED
Reading input file 'SRA_500x500-250000-25-01_random_leftmost'...
Total border length: 15424272 -> normalized: 30.91036472945892
Running GreedyPlacer-BL-20000-SortEmbeddings...
Elapsed time: 4143.5579369 sec
Total border length: 8724406 -> normalized: 17.483779559118236
Total time: 4143.5579369 sec
New layout is not equal to the original specification.
New layout is compatible with the original specification.
---------------------------
last pid: 12002;  load averages:  3.19,  3.18,  3.17    17:47:28
151 processes: 146 sleeping, 5 on cpu

SRA_500x500-250000-25-01_random_leftmost GREEDYPLACER-BL-5K-4-SORTSEQ
Reading input file 'SRA_500x500-250000-25-01_random_leftmost'...
Total border length: 15424272 -> normalized: 30.91036472945892
Running GreedyPlacer-BL-5000-SortSequences...
Elapsed time: 876.2203885 sec
Total border length: 8807578 -> normalized: 17.650456913827654
Total time: 876.2203885 sec
New layout is not equal to the original specification.
New layout is compatible with the original specification.
---------------------------
last pid: 12056;  load averages:  3.19,  3.19,  3.18    18:02:14
152 processes: 147 sleeping, 5 on cpu

SRA_500x500-250000-25-01_random_leftmost GREEDYPLACER-BL-5K-4-SORTEMBED
Reading input file 'SRA_500x500-250000-25-01_random_leftmost'...
Total border length: 15424272 -> normalized: 30.91036472945892
Running GreedyPlacer-BL-5000-SortEmbeddings...
Elapsed time: 873.6389118 sec
Total border length: 8834098 -> normalized: 17.703603206412826
Total time: 873.6389118 sec
New layout is not equal to the original specification.
New layout is compatible with the original specification.
---------------------------
last pid: 12108;  load averages:  3.16,  3.18,  3.17    18:16:57
152 processes: 148 sleeping, 4 on cpu

SRA_500x500-250000-25-01_random_leftmost GREEDYPLACER-BL-10K-4-SORTSEQ
Reading input file 'SRA_500x500-250000-25-01_random_leftmost'...
Total border length: 15424272 -> normalized: 30.91036472945892
Running GreedyPlacer-BL-10000-SortSequences...
Elapsed time: 1995.3682506 sec
Total border length: 8748548 -> normalized: 17.53216032064128
Total time: 1995.3682506 sec
New layout is not equal to the original specification.
New layout is compatible with the original specification.
---------------------------
last pid: 12237;  load averages:  3.16,  3.17,  3.17    18:50:22
150 processes: 145 sleeping, 5 on cpu

SRA_500x500-250000-25-01_random_leftmost GREEDYPLACER-BL-10K-4-SORTEMBED
Reading input file 'SRA_500x500-250000-25-01_random_leftmost'...
Total border length: 15424272 -> normalized: 30.91036472945892
Running GreedyPlacer-BL-10000-SortEmbeddings...
Elapsed time: 1929.3149206 sec
Total border length: 8767786 -> normalized: 17.570713426853708
Total time: 1929.3149206 sec
New layout is not equal to the original specification.
New layout is compatible with the original specification.
---------------------------
last pid: 12347;  load averages:  3.20,  3.18,  3.17    19:22:40
151 processes: 146 sleeping, 5 on cpu

SRA_500x500-250000-25-01_random_leftmost GREEDYPLACER-BL-20K-4-SORTSEQ
Reading input file 'SRA_500x500-250000-25-01_random_leftmost'...
Total border length: 15424272 -> normalized: 30.91036472945892
Running GreedyPlacer-BL-20000-SortSequences...
Elapsed time: 4269.5331819 sec
Total border length: 8696622 -> normalized: 17.428100200400802
Total time: 4269.5331819 sec
New layout is not equal to the original specification.
New layout is compatible with the original specification.
---------------------------
last pid: 12576;  load averages:  3.26,  3.18,  3.16    20:33:59
151 processes: 146 sleeping, 5 on cpu

SRA_500x500-250000-25-01_random_leftmost GREEDYPLACER-BL-20K-4-SORTEMBED
Reading input file 'SRA_500x500-250000-25-01_random_leftmost'...
Total border length: 15424272 -> normalized: 30.91036472945892
Running GreedyPlacer-BL-20000-SortEmbeddings...
Elapsed time: 4084.217564 sec
Total border length: 8715004 -> normalized: 17.464937875751502
Total time: 4084.217564 sec
New layout is not equal to the original specification.
New layout is compatible with the original specification.
---------------------------
last pid: 12799;  load averages:  3.16,  3.16,  3.16    21:42:13
150 processes: 146 sleeping, 4 on cpu

SRA_800x800-640000-25-01_random_leftmost GREEDYPLACER-BL-5K-0-SORTSEQ
Reading input file 'SRA_800x800-640000-25-01_random_leftmost'...
Total border length: 39507888 -> normalized: 30.904167709637047
Running GreedyPlacer-BL-5000-SortSequences...
Elapsed time: 2395.2214422 sec
Total border length: 21619996 -> normalized: 16.911761576971212
Total time: 2395.2214422 sec
New layout is not equal to the original specification.
New layout is compatible with the original specification.
---------------------------
last pid: 12957;  load averages:  3.16,  3.17,  3.16    22:22:29
151 processes: 146 sleeping, 5 on cpu

SRA_800x800-640000-25-01_random_leftmost GREEDYPLACER-BL-5K-0-SORTEMBED
Reading input file 'SRA_800x800-640000-25-01_random_leftmost'...
Total border length: 39507888 -> normalized: 30.904167709637047
Running GreedyPlacer-BL-5000-SortEmbeddings...
Elapsed time: 2420.5402849 sec
Total border length: 21689336 -> normalized: 16.966001251564457
Total time: 2420.5402849 sec
New layout is not equal to the original specification.
New layout is compatible with the original specification.
---------------------------
last pid: 13084;  load averages:  3.15,  3.16,  3.16    23:03:10
151 processes: 146 sleeping, 5 on cpu

SRA_800x800-640000-25-01_random_leftmost GREEDYPLACER-BL-10K-0-SORTSEQ
Reading input file 'SRA_800x800-640000-25-01_random_leftmost'...
Total border length: 39507888 -> normalized: 30.904167709637047
Running GreedyPlacer-BL-10000-SortSequences...
Elapsed time: 5628.2136005 sec
Total border length: 21476306 -> normalized: 16.799363266583228
Total time: 5628.2136005 sec
New layout is not equal to the original specification.
New layout is compatible with the original specification.
---------------------------
last pid: 13388;  load averages:  3.17,  3.17,  3.17    00:37:19
151 processes: 146 sleeping, 5 on cpu

SRA_800x800-640000-25-01_random_leftmost GREEDYPLACER-BL-10K-0-SORTEMBED
Reading input file 'SRA_800x800-640000-25-01_random_leftmost'...
Total border length: 39507888 -> normalized: 30.904167709637047
Running GreedyPlacer-BL-10000-SortEmbeddings...
Elapsed time: 5744.9529411 sec
Total border length: 21516160 -> normalized: 16.830538172715894
Total time: 5744.9529411 sec
New layout is not equal to the original specification.
New layout is compatible with the original specification.
---------------------------
last pid: 13688;  load averages:  3.16,  3.16,  3.16    02:13:25
150 processes: 146 sleeping, 4 on cpu

SRA_800x800-640000-25-01_random_leftmost GREEDYPLACER-BL-20K-0-SORTSEQ
Reading input file 'SRA_800x800-640000-25-01_random_leftmost'...
Total border length: 39507888 -> normalized: 30.904167709637047
Running GreedyPlacer-BL-20000-SortSequences...
Elapsed time: 13147.6247559 sec
Total border length: 21350028 -> normalized: 16.700585106382977
Total time: 13147.6247559 sec
New layout is not equal to the original specification.
New layout is compatible with the original specification.
---------------------------
last pid: 14394;  load averages:  3.15,  3.16,  3.16    05:52:54
150 processes: 146 sleeping, 4 on cpu

SRA_800x800-640000-25-01_random_leftmost GREEDYPLACER-BL-20K-0-SORTEMBED
Reading input file 'SRA_800x800-640000-25-01_random_leftmost'...
Total border length: 39507888 -> normalized: 30.904167709637047
Running GreedyPlacer-BL-20000-SortEmbeddings...
Elapsed time: 13187.8043154 sec
Total border length: 21409026 -> normalized: 16.746734981226535
Total time: 13187.8043154 sec
New layout is not equal to the original specification.
New layout is compatible with the original specification.
---------------------------
last pid: 15090;  load averages:  3.19,  3.18,  3.16    09:33:02
151 processes: 146 sleeping, 5 on cpu

SRA_800x800-640000-25-01_random_leftmost GREEDYPLACER-BL-5K-1-SORTSEQ
Reading input file 'SRA_800x800-640000-25-01_random_leftmost'...
Total border length: 39507888 -> normalized: 30.904167709637047
Running GreedyPlacer-BL-5000-SortSequences...
Elapsed time: 2433.6639633 sec
Total border length: 21893694 -> normalized: 17.125855757196497
Total time: 2433.6639633 sec
New layout is not equal to the original specification.
New layout is compatible with the original specification.
---------------------------
last pid: 15256;  load averages:  3.15,  3.16,  3.16    10:13:58
152 processes: 148 sleeping, 4 on cpu

SRA_800x800-640000-25-01_random_leftmost GREEDYPLACER-BL-5K-1-SORTEMBED
Reading input file 'SRA_800x800-640000-25-01_random_leftmost'...
Total border length: 39507888 -> normalized: 30.904167709637047
Running GreedyPlacer-BL-5000-SortEmbeddings...
Elapsed time: 2463.2258222 sec
Total border length: 21963634 -> normalized: 17.180564768460577
Total time: 2463.2258222 sec
New layout is not equal to the original specification.
New layout is compatible with the original specification.
---------------------------
last pid: 15409;  load averages:  3.15,  3.15,  3.15    10:55:22
150 processes: 146 sleeping, 4 on cpu

SRA_800x800-640000-25-01_random_leftmost GREEDYPLACER-BL-10K-1-SORTSEQ
Reading input file 'SRA_800x800-640000-25-01_random_leftmost'...
Total border length: 39507888 -> normalized: 30.904167709637047
Running GreedyPlacer-BL-10000-SortSequences...
Elapsed time: 5807.7096899 sec
Total border length: 21749952 -> normalized: 17.013416770963705
Total time: 5807.7096899 sec
New layout is not equal to the original specification.
New layout is compatible with the original specification.
---------------------------
last pid: 15720;  load averages:  3.17,  3.16,  3.16    12:32:30
151 processes: 146 sleeping, 5 on cpu

SRA_800x800-640000-25-01_random_leftmost GREEDYPLACER-BL-10K-1-SORTEMBED
Reading input file 'SRA_800x800-640000-25-01_random_leftmost'...
Total border length: 39507888 -> normalized: 30.904167709637047
Running GreedyPlacer-BL-10000-SortEmbeddings...
Elapsed time: 5609.225973 sec
Total border length: 21803354 -> normalized: 17.055189299123906
Total time: 5609.225973 sec
New layout is not equal to the original specification.
New layout is compatible with the original specification.
---------------------------
last pid: 16026;  load averages:  3.24,  3.20,  3.17    14:06:21
152 processes: 147 sleeping, 5 on cpu

SRA_800x800-640000-25-01_random_leftmost GREEDYPLACER-BL-20K-1-SORTSEQ
Reading input file 'SRA_800x800-640000-25-01_random_leftmost'...
Total border length: 39507888 -> normalized: 30.904167709637047
Running GreedyPlacer-BL-20000-SortSequences...
Elapsed time: 12735.4267657 sec
Total border length: 21641592 -> normalized: 16.928654568210263
Total time: 12735.4267657 sec
New layout is not equal to the original specification.
New layout is compatible with the original specification.
