Host: doc024
Job: 488243
Timestamp: Fri Jan 26 13:58:32 MET 2007

SRA_300x300-90000-25-01_random_leftmost GREEDYPLACER-CI-10K-0-SORTSEQ
Reading input file 'SRA_300x300-90000-25-01_random_leftmost'...
Average conflict index: 739.6942967497233
Running GreedyPlacer-CI-10000-0-SortSequences...
Elapsed time: 676.962659858 sec
Average conflict index: 426.0865364529066
Running SequentialReembedding-CI-NoReset-2...
Number of passes: 2
Elapsed time: 166.041675914 sec
Average conflict index: 422.88355279008994
Total time: 843.004335772 sec
---------------------------
Host: doc024
Job: 488243
Timestamp: Fri Jan 26 14:13:01 MET 2007

SRA_300x300-90000-25-01_random_leftmost GREEDYPLACER-CI-20K-0-SORTSEQ
Reading input file 'SRA_300x300-90000-25-01_random_leftmost'...
Average conflict index: 739.6942967497233
Running GreedyPlacer-CI-20000-0-SortSequences...
Elapsed time: 1284.071653299 sec
Average conflict index: 415.7156627087564
Running SequentialReembedding-CI-NoReset-2...
Number of passes: 2
Elapsed time: 165.947789838 sec
Average conflict index: 412.8009682224656
Total time: 1450.019443137 sec
---------------------------
Host: doc024
Job: 488243
Timestamp: Fri Jan 26 14:37:38 MET 2007

SRA_500x500-250000-25-01_random_leftmost GREEDYPLACER-CI-10K-0-SORTSEQ
Reading input file 'SRA_500x500-250000-25-01_random_leftmost'...
Average conflict index: 742.033694507687
Running GreedyPlacer-CI-10000-0-SortSequences...
Elapsed time: 2104.776620157 sec
Average conflict index: 415.6842533046337
Running SequentialReembedding-CI-NoReset-2...
Number of passes: 2
Elapsed time: 459.763806081 sec
Average conflict index: 412.52651149375765
Total time: 2564.540426238 sec
---------------------------
Host: doc024
Job: 488243
Timestamp: Fri Jan 26 15:21:34 MET 2007

SRA_500x500-250000-25-01_random_leftmost GREEDYPLACER-CI-20K-0-SORTSEQ
Reading input file 'SRA_500x500-250000-25-01_random_leftmost'...
Average conflict index: 742.033694507687
Running GreedyPlacer-CI-20000-0-SortSequences...
Elapsed time: 4146.9163691 sec
Average conflict index: 401.7196067940543
Running SequentialReembedding-CI-NoReset-2...
Number of passes: 2
Elapsed time: 460.992502835 sec
Average conflict index: 398.87041658213536
Total time: 4607.908871935 sec
---------------------------
Host: doc024
Job: 488243
Timestamp: Fri Jan 26 16:39:34 MET 2007

SRA_800x800-640000-25-01_random_leftmost GREEDYPLACER-CI-10K-0-SORTSEQ
Reading input file 'SRA_800x800-640000-25-01_random_leftmost'...
Average conflict index: 743.0969356120632
Running GreedyPlacer-CI-10000-0-SortSequences...
Elapsed time: 5612.271969089 sec
Average conflict index: 408.45234586507655
Running SequentialReembedding-CI-NoReset-2...
Number of passes: 2
Elapsed time: 1178.024288279 sec
Average conflict index: 405.3720541860029
Total time: 6790.296257368 sec
---------------------------
Host: doc024
Job: 488243
Timestamp: Fri Jan 26 18:35:49 MET 2007

SRA_800x800-640000-25-01_random_leftmost GREEDYPLACER-CI-20K-0-SORTSEQ
Reading input file 'SRA_800x800-640000-25-01_random_leftmost'...
Average conflict index: 743.0969356120632
Running GreedyPlacer-CI-20000-0-SortSequences...
Elapsed time: 11144.128211551 sec
Average conflict index: 392.2523012370322
Running SequentialReembedding-CI-NoReset-2...
Number of passes: 2
Elapsed time: 1183.873746696 sec
Average conflict index: 389.47660303289354
Total time: 12328.001958247 sec
---------------------------
Host: doc024
Job: 488243
Timestamp: Fri Jan 26 22:04:22 MET 2007

SRA_300x300-90000-25-02_random_leftmost GREEDYPLACER-CI-10K-0-SORTSEQ
Reading input file 'SRA_300x300-90000-25-02_random_leftmost'...
Average conflict index: 739.4078236346961
Running GreedyPlacer-CI-10000-0-SortSequences...
Elapsed time: 607.125323811 sec
Average conflict index: 426.28624170131707
Running SequentialReembedding-CI-NoReset-2...
Number of passes: 2
Elapsed time: 165.302385425 sec
Average conflict index: 423.0946939965461
Total time: 772.427709236 sec
---------------------------
Host: doc024
Job: 488243
Timestamp: Fri Jan 26 22:17:41 MET 2007

SRA_300x300-90000-25-02_random_leftmost GREEDYPLACER-CI-20K-0-SORTSEQ
Reading input file 'SRA_300x300-90000-25-02_random_leftmost'...
Average conflict index: 739.4078236346961
Running GreedyPlacer-CI-20000-0-SortSequences...
Elapsed time: 1173.725673929 sec
Average conflict index: 415.5736418744631
Running SequentialReembedding-CI-NoReset-2...
Number of passes: 2
Elapsed time: 165.811409804 sec
Average conflict index: 412.6303067558401
Total time: 1339.537083733 sec
---------------------------
Host: doc024
Job: 488243
Timestamp: Fri Jan 26 22:40:26 MET 2007

SRA_500x500-250000-25-02_random_leftmost GREEDYPLACER-CI-10K-0-SORTSEQ
Reading input file 'SRA_500x500-250000-25-02_random_leftmost'...
Average conflict index: 741.9242304619149
Running GreedyPlacer-CI-10000-0-SortSequences...
Elapsed time: 2043.731919493 sec
Average conflict index: 415.61726407392246
Running SequentialReembedding-CI-NoReset-2...
Number of passes: 2
Elapsed time: 464.88545526 sec
Average conflict index: 412.48261769615084
Total time: 2508.617374753 sec
---------------------------
Host: doc024
Job: 488243
Timestamp: Fri Jan 26 23:23:27 MET 2007

SRA_500x500-250000-25-02_random_leftmost GREEDYPLACER-CI-20K-0-SORTSEQ
Reading input file 'SRA_500x500-250000-25-02_random_leftmost'...
Average conflict index: 741.9242304619149
Running GreedyPlacer-CI-20000-0-SortSequences...
Elapsed time: 4071.971909421 sec
Average conflict index: 401.4465397053279
Running SequentialReembedding-CI-NoReset-2...
Number of passes: 2
Elapsed time: 462.092439216 sec
Average conflict index: 398.62769236538117
Total time: 4534.064348637 sec
---------------------------
Host: doc024
Job: 488243
Timestamp: Sat Jan 27 00:40:13 MET 2007

SRA_800x800-640000-25-02_random_leftmost GREEDYPLACER-CI-10K-0-SORTSEQ
Reading input file 'SRA_800x800-640000-25-02_random_leftmost'...
Average conflict index: 743.1910655854992
Running GreedyPlacer-CI-10000-0-SortSequences...
Elapsed time: 5638.02282883 sec
Average conflict index: 408.12881533246593
Running SequentialReembedding-CI-NoReset-2...
Number of passes: 2
Elapsed time: 1184.458957905 sec
Average conflict index: 405.05290048213
Total time: 6822.481786735 sec
---------------------------
Host: doc024
Job: 488243
Timestamp: Sat Jan 27 02:37:01 MET 2007

SRA_800x800-640000-25-02_random_leftmost GREEDYPLACER-CI-20K-0-SORTSEQ
Reading input file 'SRA_800x800-640000-25-02_random_leftmost'...
Average conflict index: 743.1910655854992
Running GreedyPlacer-CI-20000-0-SortSequences...
Elapsed time: 11228.230905342 sec
Average conflict index: 392.2217322530138
Running SequentialReembedding-CI-NoReset-2...
Number of passes: 2
Elapsed time: 1187.172002616 sec
Average conflict index: 389.41766182149524
Total time: 12415.402907958 sec
---------------------------
Host: doc024
Job: 488243
Timestamp: Sat Jan 27 06:07:01 MET 2007

SRA_300x300-90000-25-03_random_leftmost GREEDYPLACER-CI-10K-0-SORTSEQ
Reading input file 'SRA_300x300-90000-25-03_random_leftmost'...
Average conflict index: 739.8615764025107
Running GreedyPlacer-CI-10000-0-SortSequences...
Elapsed time: 675.646685178 sec
Average conflict index: 426.30219552552967
Running SequentialReembedding-CI-NoReset-2...
Number of passes: 2
Elapsed time: 166.152516845 sec
Average conflict index: 423.074360392626
Total time: 841.799202023 sec
---------------------------
Host: doc024
Job: 488243
Timestamp: Sat Jan 27 06:21:29 MET 2007

SRA_300x300-90000-25-03_random_leftmost GREEDYPLACER-CI-20K-0-SORTSEQ
Reading input file 'SRA_300x300-90000-25-03_random_leftmost'...
Average conflict index: 739.8615764025107
Running GreedyPlacer-CI-20000-0-SortSequences...
Elapsed time: 1284.343473308 sec
Average conflict index: 415.8015022272797
Running SequentialReembedding-CI-NoReset-2...
Number of passes: 2
Elapsed time: 165.683894633 sec
Average conflict index: 412.8306106946648
Total time: 1450.027367941 sec
---------------------------
Host: doc024
Job: 488243
Timestamp: Sat Jan 27 06:46:05 MET 2007

SRA_500x500-250000-25-03_random_leftmost GREEDYPLACER-CI-10K-0-SORTSEQ
Reading input file 'SRA_500x500-250000-25-03_random_leftmost'...
Average conflict index: 741.851072148947
Running GreedyPlacer-CI-10000-0-SortSequences...
Elapsed time: 2106.321929012 sec
Average conflict index: 416.0640288556467
Running SequentialReembedding-CI-NoReset-2...
Number of passes: 2
Elapsed time: 459.095899923 sec
Average conflict index: 412.9257653538497
Total time: 2565.417828935 sec
---------------------------
Host: doc024
Job: 488243
Timestamp: Sat Jan 27 07:30:03 MET 2007

SRA_500x500-250000-25-03_random_leftmost GREEDYPLACER-CI-20K-0-SORTSEQ
Reading input file 'SRA_500x500-250000-25-03_random_leftmost'...
Average conflict index: 741.851072148947
Running GreedyPlacer-CI-20000-0-SortSequences...
Elapsed time: 4238.405171703 sec
Average conflict index: 401.5231665018486
Running SequentialReembedding-CI-NoReset-2...
Number of passes: 2
Elapsed time: 461.781944165 sec
Average conflict index: 398.66228924731877
Total time: 4700.187115868 sec
---------------------------
Host: doc024
Job: 488243
Timestamp: Sat Jan 27 08:49:35 MET 2007

SRA_800x800-640000-25-03_random_leftmost GREEDYPLACER-CI-10K-0-SORTSEQ
Reading input file 'SRA_800x800-640000-25-03_random_leftmost'...
Average conflict index: 743.2430975182585
Running GreedyPlacer-CI-10000-0-SortSequences...
Elapsed time: 5639.902604175 sec
Average conflict index: 408.57987401298965
Running SequentialReembedding-CI-NoReset-2...
Number of passes: 2
Elapsed time: 1184.632872514 sec
Average conflict index: 405.479924851138
Total time: 6824.535476689 sec
---------------------------
Host: doc024
Job: 488243
Timestamp: Sat Jan 27 10:46:24 MET 2007

SRA_800x800-640000-25-03_random_leftmost GREEDYPLACER-CI-20K-0-SORTSEQ
Reading input file 'SRA_800x800-640000-25-03_random_leftmost'...
Average conflict index: 743.2430975182585
Running GreedyPlacer-CI-20000-0-SortSequences...
Elapsed time: 11281.183871771 sec
Average conflict index: 392.15967115848656
Running SequentialReembedding-CI-NoReset-2...
Number of passes: 2
Elapsed time: 1177.264063209 sec
Average conflict index: 389.3694377042333
Total time: 12458.44793498 sec
---------------------------
Host: doc024
Job: 488243
Timestamp: Sat Jan 27 14:17:07 MET 2007

SRA_300x300-90000-25-04_random_leftmost GREEDYPLACER-CI-10K-0-SORTSEQ
Reading input file 'SRA_300x300-90000-25-04_random_leftmost'...
Average conflict index: 739.3237874821625
Running GreedyPlacer-CI-10000-0-SortSequences...
Elapsed time: 659.680407628 sec
Average conflict index: 426.6748519664118
Running SequentialReembedding-CI-NoReset-2...
Number of passes: 2
Elapsed time: 165.926866835 sec
Average conflict index: 423.38387006961136
Total time: 825.607274463 sec
---------------------------
Host: doc024
Job: 488243
Timestamp: Sat Jan 27 14:31:19 MET 2007

SRA_300x300-90000-25-04_random_leftmost GREEDYPLACER-CI-20K-0-SORTSEQ
Reading input file 'SRA_300x300-90000-25-04_random_leftmost'...
Average conflict index: 739.3237874821625
Running GreedyPlacer-CI-20000-0-SortSequences...
Elapsed time: 1289.68379332 sec
Average conflict index: 415.0372299099359
Running SequentialReembedding-CI-NoReset-2...
Number of passes: 2
Elapsed time: 165.689355425 sec
Average conflict index: 412.08143035986416
Total time: 1455.373148745 sec
---------------------------
Host: doc024
Job: 488243
Timestamp: Sat Jan 27 14:56:00 MET 2007

SRA_500x500-250000-25-04_random_leftmost GREEDYPLACER-CI-10K-0-SORTSEQ
Reading input file 'SRA_500x500-250000-25-04_random_leftmost'...
Average conflict index: 741.8803486738979
Running GreedyPlacer-CI-10000-0-SortSequences...
Elapsed time: 2157.648149597 sec
Average conflict index: 415.26099483999326
Running SequentialReembedding-CI-NoReset-2...
Number of passes: 2
Elapsed time: 463.235476337 sec
Average conflict index: 412.0900879258134
Total time: 2620.883625934 sec
---------------------------
Host: doc024
Job: 488243
Timestamp: Sat Jan 27 15:40:53 MET 2007

SRA_500x500-250000-25-04_random_leftmost GREEDYPLACER-CI-20K-0-SORTSEQ
Reading input file 'SRA_500x500-250000-25-04_random_leftmost'...
Average conflict index: 741.8803486738979
Running GreedyPlacer-CI-20000-0-SortSequences...
Elapsed time: 4277.494228511 sec
Average conflict index: 401.3651276420493
Running SequentialReembedding-CI-NoReset-2...
Number of passes: 2
Elapsed time: 463.704281253 sec
Average conflict index: 398.49825220314716
Total time: 4741.198509764 sec
---------------------------
Host: doc024
Job: 488243
Timestamp: Sat Jan 27 17:01:06 MET 2007

SRA_800x800-640000-25-04_random_leftmost GREEDYPLACER-CI-10K-0-SORTSEQ
Reading input file 'SRA_800x800-640000-25-04_random_leftmost'...
Average conflict index: 743.227178962879
Running GreedyPlacer-CI-10000-0-SortSequences...
Elapsed time: 5537.485092159 sec
Average conflict index: 408.43458768786815
Running SequentialReembedding-CI-NoReset-2...
Number of passes: 2
Elapsed time: 1183.117691617 sec
Average conflict index: 405.34086092137676
Total time: 6720.602783776 sec
---------------------------
Host: doc024
Job: 488243
Timestamp: Sat Jan 27 18:56:12 MET 2007

SRA_800x800-640000-25-04_random_leftmost GREEDYPLACER-CI-20K-0-SORTSEQ
Reading input file 'SRA_800x800-640000-25-04_random_leftmost'...
Average conflict index: 743.227178962879
Running GreedyPlacer-CI-20000-0-SortSequences...
Elapsed time: 11180.866855255 sec
Average conflict index: 392.1581190335521
Running SequentialReembedding-CI-NoReset-2...
Number of passes: 2
Elapsed time: 1182.927585415 sec
Average conflict index: 389.36485546558515
Total time: 12363.79444067 sec
---------------------------
Host: doc024
Job: 488243
Timestamp: Sat Jan 27 22:25:19 MET 2007

SRA_300x300-90000-25-05_random_leftmost GREEDYPLACER-CI-10K-0-SORTSEQ
Reading input file 'SRA_300x300-90000-25-05_random_leftmost'...
Average conflict index: 739.1413982486566
Running GreedyPlacer-CI-10000-0-SortSequences...
Elapsed time: 689.912773562 sec
Average conflict index: 426.3900172830948
Running SequentialReembedding-CI-NoReset-2...
Number of passes: 2
Elapsed time: 166.031515663 sec
Average conflict index: 423.22833744253785
Total time: 855.944289225 sec
---------------------------
Host: doc024
Job: 488243
Timestamp: Sat Jan 27 22:40:01 MET 2007

SRA_300x300-90000-25-05_random_leftmost GREEDYPLACER-CI-20K-0-SORTSEQ
Reading input file 'SRA_300x300-90000-25-05_random_leftmost'...
Average conflict index: 739.1413982486566
Running GreedyPlacer-CI-20000-0-SortSequences...
Elapsed time: 1289.923787591 sec
Average conflict index: 415.37362845997126
Running SequentialReembedding-CI-NoReset-2...
Number of passes: 2
Elapsed time: 165.762612054 sec
Average conflict index: 412.4244499516917
Total time: 1455.686399645 sec
---------------------------
Host: doc024
Job: 488243
Timestamp: Sat Jan 27 23:04:43 MET 2007

SRA_500x500-250000-25-05_random_leftmost GREEDYPLACER-CI-10K-0-SORTSEQ
Reading input file 'SRA_500x500-250000-25-05_random_leftmost'...
Average conflict index: 741.9305395937663
Running GreedyPlacer-CI-10000-0-SortSequences...
Elapsed time: 2112.886528964 sec
Average conflict index: 415.84889579608085
Running SequentialReembedding-CI-NoReset-2...
Number of passes: 2
Elapsed time: 461.12273563 sec
Average conflict index: 412.70926486421195
Total time: 2574.009264594 sec
---------------------------
Host: doc024
Job: 488243
Timestamp: Sat Jan 27 23:48:50 MET 2007

SRA_500x500-250000-25-05_random_leftmost GREEDYPLACER-CI-20K-0-SORTSEQ
Reading input file 'SRA_500x500-250000-25-05_random_leftmost'...
Average conflict index: 741.9305395937663
Running GreedyPlacer-CI-20000-0-SortSequences...
Elapsed time: 4164.593213292 sec
Average conflict index: 401.2501923574067
Running SequentialReembedding-CI-NoReset-2...
Number of passes: 2
Elapsed time: 458.756705251 sec
Average conflict index: 398.3891930885973
Total time: 4623.349918543 sec
---------------------------
Host: doc024
Job: 488243
Timestamp: Sun Jan 28 01:07:05 MET 2007

SRA_800x800-640000-25-05_random_leftmost GREEDYPLACER-CI-10K-0-SORTSEQ
Reading input file 'SRA_800x800-640000-25-05_random_leftmost'...
Average conflict index: 743.3439759601235
Running GreedyPlacer-CI-10000-0-SortSequences...
Elapsed time: 5641.351781521 sec
Average conflict index: 408.39553220185167
Running SequentialReembedding-CI-NoReset-2...
Number of passes: 2
Elapsed time: 1184.490505361 sec
Average conflict index: 405.32074584446525
Total time: 6825.842286882 sec
---------------------------
Host: doc024
Job: 488243
Timestamp: Sun Jan 28 03:03:54 MET 2007

SRA_800x800-640000-25-05_random_leftmost GREEDYPLACER-CI-20K-0-SORTSEQ
Reading input file 'SRA_800x800-640000-25-05_random_leftmost'...
Average conflict index: 743.3439759601235
Running GreedyPlacer-CI-20000-0-SortSequences...
Elapsed time: 11269.801001087 sec
Average conflict index: 392.1011276620922
Running SequentialReembedding-CI-NoReset-2...
Number of passes: 2
Elapsed time: 1183.322341582 sec
Average conflict index: 389.33614240817815
Total time: 12453.123342669 sec
---------------------------
Host: doc024
Job: 488243
Timestamp: Sun Jan 28 06:34:30 MET 2007
End of script
---------------------------
Host: doc026
Job: 488245
Timestamp: Fri Jan 26 13:58:35 MET 2007

SRA_300x300-90000-25-01_random_leftmost GREEDYPLACER-CI-10K-0-SORTSEQ
Reading input file 'SRA_300x300-90000-25-01_random_leftmost'...
Average conflict index: 739.6942967497233
Running GreedyPlacer-CI-10000-0-SortSequences...
Elapsed time: 677.848014832 sec
Average conflict index: 426.0865364529066
Running SequentialReembedding-CI-NoReset-2...
Number of passes: 2
Elapsed time: 166.335906042 sec
Average conflict index: 422.88355279008994
Total time: 844.183920874 sec
---------------------------
Host: doc026
Job: 488245
Timestamp: Fri Jan 26 14:13:05 MET 2007

SRA_300x300-90000-25-01_random_leftmost GREEDYPLACER-CI-20K-0-SORTSEQ
Reading input file 'SRA_300x300-90000-25-01_random_leftmost'...
Average conflict index: 739.6942967497233
Running GreedyPlacer-CI-20000-0-SortSequences...
Elapsed time: 1257.323399442 sec
Average conflict index: 415.7156627087564
Running SequentialReembedding-CI-NoReset-2...
Number of passes: 2
Elapsed time: 166.08219596 sec
Average conflict index: 412.8009682224656
Total time: 1423.405595402 sec
---------------------------
Host: doc026
Job: 488245
Timestamp: Fri Jan 26 14:37:15 MET 2007

SRA_500x500-250000-25-01_random_leftmost GREEDYPLACER-CI-10K-0-SORTSEQ
Reading input file 'SRA_500x500-250000-25-01_random_leftmost'...
Average conflict index: 742.033694507687
Running GreedyPlacer-CI-10000-0-SortSequences...
Elapsed time: 2160.777843254 sec
Average conflict index: 415.6842533046337
Running SequentialReembedding-CI-NoReset-2...
Number of passes: 2
Elapsed time: 461.610640666 sec
Average conflict index: 412.52651149375765
Total time: 2622.38848392 sec
---------------------------
Host: doc026
Job: 488245
Timestamp: Fri Jan 26 15:22:10 MET 2007

SRA_500x500-250000-25-01_random_leftmost GREEDYPLACER-CI-20K-0-SORTSEQ
Reading input file 'SRA_500x500-250000-25-01_random_leftmost'...
Average conflict index: 742.033694507687
Running GreedyPlacer-CI-20000-0-SortSequences...
Elapsed time: 4245.88041202 sec
Average conflict index: 401.7196067940543
Running SequentialReembedding-CI-NoReset-2...
Number of passes: 2
Elapsed time: 461.937066191 sec
Average conflict index: 398.87041658213536
Total time: 4707.817478211 sec
---------------------------
Host: doc026
Job: 488245
Timestamp: Fri Jan 26 16:41:49 MET 2007

SRA_800x800-640000-25-01_random_leftmost GREEDYPLACER-CI-10K-0-SORTSEQ
Reading input file 'SRA_800x800-640000-25-01_random_leftmost'...
Average conflict index: 743.0969356120632
Running GreedyPlacer-CI-10000-0-SortSequences...
Elapsed time: 5628.918804085 sec
Average conflict index: 408.45234586507655
Running SequentialReembedding-CI-NoReset-2...
Number of passes: 2
Elapsed time: 1186.094853865 sec
Average conflict index: 405.3720541860029
Total time: 6815.01365795 sec
---------------------------
Host: doc026
Job: 488245
Timestamp: Fri Jan 26 18:38:29 MET 2007

SRA_800x800-640000-25-01_random_leftmost GREEDYPLACER-CI-20K-0-SORTSEQ
Reading input file 'SRA_800x800-640000-25-01_random_leftmost'...
Average conflict index: 743.0969356120632
Running GreedyPlacer-CI-20000-0-SortSequences...
Elapsed time: 11270.257212266 sec
Average conflict index: 392.2523012370322
Running SequentialReembedding-CI-NoReset-2...
Number of passes: 2
Elapsed time: 1185.792788047 sec
Average conflict index: 389.47660303289354
Total time: 12456.050000313 sec
---------------------------
Host: doc026
Job: 488245
Timestamp: Fri Jan 26 22:09:09 MET 2007

SRA_300x300-90000-25-02_random_leftmost GREEDYPLACER-CI-10K-0-SORTSEQ
Reading input file 'SRA_300x300-90000-25-02_random_leftmost'...
Average conflict index: 739.4078236346961
Running GreedyPlacer-CI-10000-0-SortSequences...
Elapsed time: 678.556879589 sec
Average conflict index: 426.28624170131707
Running SequentialReembedding-CI-NoReset-2...
Number of passes: 2
Elapsed time: 167.20804681 sec
Average conflict index: 423.0946939965461
Total time: 845.764926399 sec
---------------------------
Host: doc026
Job: 488245
Timestamp: Fri Jan 26 22:23:42 MET 2007

SRA_300x300-90000-25-02_random_leftmost GREEDYPLACER-CI-20K-0-SORTSEQ
Reading input file 'SRA_300x300-90000-25-02_random_leftmost'...
Average conflict index: 739.4078236346961
Running GreedyPlacer-CI-20000-0-SortSequences...
Elapsed time: 1273.213734654 sec
Average conflict index: 415.5736418744631
Running SequentialReembedding-CI-NoReset-2...
Number of passes: 2
Elapsed time: 166.183792867 sec
Average conflict index: 412.6303067558401
Total time: 1439.397527521 sec
---------------------------
Host: doc026
Job: 488245
Timestamp: Fri Jan 26 22:48:07 MET 2007

SRA_500x500-250000-25-02_random_leftmost GREEDYPLACER-CI-10K-0-SORTSEQ
Reading input file 'SRA_500x500-250000-25-02_random_leftmost'...
Average conflict index: 741.9242304619149
Running GreedyPlacer-CI-10000-0-SortSequences...
Elapsed time: 2100.635948756 sec
Average conflict index: 415.61726407392246
Running SequentialReembedding-CI-NoReset-2...
Number of passes: 2
Elapsed time: 461.613623569 sec
Average conflict index: 412.48261769615084
Total time: 2562.249572325 sec
---------------------------
Host: doc026
Job: 488245
Timestamp: Fri Jan 26 23:32:01 MET 2007

SRA_500x500-250000-25-02_random_leftmost GREEDYPLACER-CI-20K-0-SORTSEQ
Reading input file 'SRA_500x500-250000-25-02_random_leftmost'...
Average conflict index: 741.9242304619149
Running GreedyPlacer-CI-20000-0-SortSequences...
Elapsed time: 3832.297963955 sec
Average conflict index: 401.4465397053279
Running SequentialReembedding-CI-NoReset-2...
Number of passes: 2
Elapsed time: 461.864697031 sec
Average conflict index: 398.62769236538117
Total time: 4294.162660986 sec
---------------------------
Host: doc026
Job: 488245
Timestamp: Sat Jan 27 00:44:47 MET 2007

SRA_800x800-640000-25-02_random_leftmost GREEDYPLACER-CI-10K-0-SORTSEQ
Reading input file 'SRA_800x800-640000-25-02_random_leftmost'...
Average conflict index: 743.1910655854992
Running GreedyPlacer-CI-10000-0-SortSequences...
Elapsed time: 5701.382309425 sec
Average conflict index: 408.12881533246593
Running SequentialReembedding-CI-NoReset-2...
Number of passes: 2
Elapsed time: 1185.255688993 sec
Average conflict index: 405.05290048213
Total time: 6886.637998418 sec
---------------------------
Host: doc026
Job: 488245
Timestamp: Sat Jan 27 02:42:39 MET 2007

SRA_800x800-640000-25-02_random_leftmost GREEDYPLACER-CI-20K-0-SORTSEQ
Reading input file 'SRA_800x800-640000-25-02_random_leftmost'...
Average conflict index: 743.1910655854992
Running GreedyPlacer-CI-20000-0-SortSequences...
Elapsed time: 11377.432413344 sec
Average conflict index: 392.2217322530138
Running SequentialReembedding-CI-NoReset-2...
Number of passes: 2
Elapsed time: 1186.422685522 sec
Average conflict index: 389.41766182149524
Total time: 12563.855098866 sec
---------------------------
Host: doc026
Job: 488245
Timestamp: Sat Jan 27 06:15:07 MET 2007

SRA_300x300-90000-25-03_random_leftmost GREEDYPLACER-CI-10K-0-SORTSEQ
Reading input file 'SRA_300x300-90000-25-03_random_leftmost'...
Average conflict index: 739.8615764025107
Running GreedyPlacer-CI-10000-0-SortSequences...
Elapsed time: 610.415522185 sec
Average conflict index: 426.30219552552967
Running SequentialReembedding-CI-NoReset-2...
Number of passes: 2
Elapsed time: 165.890621689 sec
Average conflict index: 423.074360392626
Total time: 776.306143874 sec
---------------------------
Host: doc026
Job: 488245
Timestamp: Sat Jan 27 06:28:29 MET 2007

SRA_300x300-90000-25-03_random_leftmost GREEDYPLACER-CI-20K-0-SORTSEQ
Reading input file 'SRA_300x300-90000-25-03_random_leftmost'...
Average conflict index: 739.8615764025107
Running GreedyPlacer-CI-20000-0-SortSequences...
Elapsed time: 1284.387370906 sec
Average conflict index: 415.8015022272797
Running SequentialReembedding-CI-NoReset-2...
Number of passes: 2
Elapsed time: 166.173721715 sec
Average conflict index: 412.8306106946648
Total time: 1450.561092621 sec
---------------------------
Host: doc026
Job: 488245
Timestamp: Sat Jan 27 06:53:06 MET 2007

SRA_500x500-250000-25-03_random_leftmost GREEDYPLACER-CI-10K-0-SORTSEQ
Reading input file 'SRA_500x500-250000-25-03_random_leftmost'...
Average conflict index: 741.851072148947
Running GreedyPlacer-CI-10000-0-SortSequences...
Elapsed time: 2169.712222078 sec
Average conflict index: 416.0640288556467
Running SequentialReembedding-CI-NoReset-2...
Number of passes: 2
Elapsed time: 462.1813559 sec
Average conflict index: 412.9257653538497
Total time: 2631.893577978 sec
---------------------------
Host: doc026
Job: 488245
Timestamp: Sat Jan 27 07:38:10 MET 2007

SRA_500x500-250000-25-03_random_leftmost GREEDYPLACER-CI-20K-0-SORTSEQ
Reading input file 'SRA_500x500-250000-25-03_random_leftmost'...
Average conflict index: 741.851072148947
Running GreedyPlacer-CI-20000-0-SortSequences...
Elapsed time: 4219.899263581 sec
Average conflict index: 401.5231665018486
Running SequentialReembedding-CI-NoReset-2...
Number of passes: 2
Elapsed time: 462.081540212 sec
Average conflict index: 398.66228924731877
Total time: 4681.980803793 sec
---------------------------
Host: doc026
Job: 488245
Timestamp: Sat Jan 27 08:57:24 MET 2007

SRA_800x800-640000-25-03_random_leftmost GREEDYPLACER-CI-10K-0-SORTSEQ
Reading input file 'SRA_800x800-640000-25-03_random_leftmost'...
Average conflict index: 743.2430975182585
Running GreedyPlacer-CI-10000-0-SortSequences...
Elapsed time: 5758.420902262 sec
Average conflict index: 408.57987401298965
Running SequentialReembedding-CI-NoReset-2...
Number of passes: 2
Elapsed time: 1187.152516523 sec
Average conflict index: 405.479924851138
Total time: 6945.573418785 sec
---------------------------
Host: doc026
Job: 488245
Timestamp: Sat Jan 27 10:56:13 MET 2007

SRA_800x800-640000-25-03_random_leftmost GREEDYPLACER-CI-20K-0-SORTSEQ
Reading input file 'SRA_800x800-640000-25-03_random_leftmost'...
Average conflict index: 743.2430975182585
Running GreedyPlacer-CI-20000-0-SortSequences...
Elapsed time: 11110.300502634 sec
Average conflict index: 392.15967115848656
Running SequentialReembedding-CI-NoReset-2...
Number of passes: 2
Elapsed time: 1186.006370587 sec
Average conflict index: 389.3694377042333
Total time: 12296.306873221 sec
---------------------------
Host: doc026
Job: 488245
Timestamp: Sat Jan 27 14:24:13 MET 2007

SRA_300x300-90000-25-04_random_leftmost GREEDYPLACER-CI-10K-0-SORTSEQ
Reading input file 'SRA_300x300-90000-25-04_random_leftmost'...
Average conflict index: 739.3237874821625
Running GreedyPlacer-CI-10000-0-SortSequences...
Elapsed time: 659.481795649 sec
Average conflict index: 426.6748519664118
Running SequentialReembedding-CI-NoReset-2...
Number of passes: 2
Elapsed time: 165.921385871 sec
Average conflict index: 423.38387006961136
Total time: 825.40318152 sec
---------------------------
Host: doc026
Job: 488245
Timestamp: Sat Jan 27 14:38:25 MET 2007

SRA_300x300-90000-25-04_random_leftmost GREEDYPLACER-CI-20K-0-SORTSEQ
Reading input file 'SRA_300x300-90000-25-04_random_leftmost'...
Average conflict index: 739.3237874821625
Running GreedyPlacer-CI-20000-0-SortSequences...
Elapsed time: 1284.872314578 sec
Average conflict index: 415.0372299099359
Running SequentialReembedding-CI-NoReset-2...
Number of passes: 2
Elapsed time: 166.180390425 sec
Average conflict index: 412.08143035986416
Total time: 1451.052705003 sec
---------------------------
Host: doc026
Job: 488245
Timestamp: Sat Jan 27 15:03:02 MET 2007

SRA_500x500-250000-25-04_random_leftmost GREEDYPLACER-CI-10K-0-SORTSEQ
Reading input file 'SRA_500x500-250000-25-04_random_leftmost'...
Average conflict index: 741.8803486738979
Running GreedyPlacer-CI-10000-0-SortSequences...
Elapsed time: 2129.836464766 sec
Average conflict index: 415.26099483999326
Running SequentialReembedding-CI-NoReset-2...
Number of passes: 2
Elapsed time: 459.009351904 sec
Average conflict index: 412.0900879258134
Total time: 2588.84581667 sec
---------------------------
Host: doc026
Job: 488245
Timestamp: Sat Jan 27 15:47:23 MET 2007

SRA_500x500-250000-25-04_random_leftmost GREEDYPLACER-CI-20K-0-SORTSEQ
Reading input file 'SRA_500x500-250000-25-04_random_leftmost'...
Average conflict index: 741.8803486738979
Running GreedyPlacer-CI-20000-0-SortSequences...
Elapsed time: 4258.87994411 sec
Average conflict index: 401.3651276420493
Running SequentialReembedding-CI-NoReset-2...
Number of passes: 2
Elapsed time: 462.088253905 sec
Average conflict index: 398.49825220314716
Total time: 4720.968198015 sec
---------------------------
Host: doc026
Job: 488245
Timestamp: Sat Jan 27 17:07:15 MET 2007

SRA_800x800-640000-25-04_random_leftmost GREEDYPLACER-CI-10K-0-SORTSEQ
Reading input file 'SRA_800x800-640000-25-04_random_leftmost'...
Average conflict index: 743.227178962879
Running GreedyPlacer-CI-10000-0-SortSequences...
Elapsed time: 5623.759291101 sec
Average conflict index: 408.43458768786815
Running SequentialReembedding-CI-NoReset-2...
Number of passes: 2
Elapsed time: 1178.568665627 sec
Average conflict index: 405.34086092137676
Total time: 6802.327956728 sec
---------------------------
Host: doc026
Job: 488245
Timestamp: Sat Jan 27 19:03:43 MET 2007

SRA_800x800-640000-25-04_random_leftmost GREEDYPLACER-CI-20K-0-SORTSEQ
Reading input file 'SRA_800x800-640000-25-04_random_leftmost'...
Average conflict index: 743.227178962879
Running GreedyPlacer-CI-20000-0-SortSequences...
Elapsed time: 11311.020954943 sec
Average conflict index: 392.1581190335521
Running SequentialReembedding-CI-NoReset-2...
Number of passes: 2
Elapsed time: 1189.58230231 sec
Average conflict index: 389.36485546558515
Total time: 12500.603257253 sec
---------------------------
Host: doc026
Job: 488245
Timestamp: Sat Jan 27 22:35:08 MET 2007

SRA_300x300-90000-25-05_random_leftmost GREEDYPLACER-CI-10K-0-SORTSEQ
Reading input file 'SRA_300x300-90000-25-05_random_leftmost'...
Average conflict index: 739.1413982486566
Running GreedyPlacer-CI-10000-0-SortSequences...
Elapsed time: 624.404185909 sec
Average conflict index: 426.3900172830948
Running SequentialReembedding-CI-NoReset-2...
Number of passes: 2
Elapsed time: 167.765397089 sec
Average conflict index: 423.22833744253785
Total time: 792.169582998 sec
---------------------------
Host: doc026
Job: 488245
Timestamp: Sat Jan 27 22:48:46 MET 2007

SRA_300x300-90000-25-05_random_leftmost GREEDYPLACER-CI-20K-0-SORTSEQ
Reading input file 'SRA_300x300-90000-25-05_random_leftmost'...
Average conflict index: 739.1413982486566
Running GreedyPlacer-CI-20000-0-SortSequences...
Elapsed time: 1139.742002722 sec
Average conflict index: 415.37362845997126
Running SequentialReembedding-CI-NoReset-2...
Number of passes: 2
Elapsed time: 165.291426852 sec
Average conflict index: 412.4244499516917
Total time: 1305.033429574 sec
---------------------------
Host: doc026
Job: 488245
Timestamp: Sat Jan 27 23:10:57 MET 2007

SRA_500x500-250000-25-05_random_leftmost GREEDYPLACER-CI-10K-0-SORTSEQ
Reading input file 'SRA_500x500-250000-25-05_random_leftmost'...
Average conflict index: 741.9305395937663
Running GreedyPlacer-CI-10000-0-SortSequences...
Elapsed time: 2156.110454726 sec
Average conflict index: 415.84889579608085
Running SequentialReembedding-CI-NoReset-2...
Number of passes: 2
Elapsed time: 461.804033871 sec
Average conflict index: 412.70926486421195
Total time: 2617.914488597 sec
---------------------------
Host: doc026
Job: 488245
Timestamp: Sat Jan 27 23:55:47 MET 2007

SRA_500x500-250000-25-05_random_leftmost GREEDYPLACER-CI-20K-0-SORTSEQ
Reading input file 'SRA_500x500-250000-25-05_random_leftmost'...
Average conflict index: 741.9305395937663
Running GreedyPlacer-CI-20000-0-SortSequences...
Elapsed time: 4257.453141548 sec
Average conflict index: 401.2501923574067
Running SequentialReembedding-CI-NoReset-2...
Number of passes: 2
Elapsed time: 461.883622273 sec
Average conflict index: 398.3891930885973
Total time: 4719.336763821 sec
---------------------------
Host: doc026
Job: 488245
Timestamp: Sun Jan 28 01:15:38 MET 2007

SRA_800x800-640000-25-05_random_leftmost GREEDYPLACER-CI-10K-0-SORTSEQ
Reading input file 'SRA_800x800-640000-25-05_random_leftmost'...
Average conflict index: 743.3439759601235
Running GreedyPlacer-CI-10000-0-SortSequences...
Elapsed time: 5670.609773327 sec
Average conflict index: 408.39553220185167
Running SequentialReembedding-CI-NoReset-2...
Number of passes: 2
Elapsed time: 1185.796677793 sec
Average conflict index: 405.32074584446525
Total time: 6856.40645112 sec
---------------------------
Host: doc026
Job: 488245
Timestamp: Sun Jan 28 03:12:58 MET 2007

SRA_800x800-640000-25-05_random_leftmost GREEDYPLACER-CI-20K-0-SORTSEQ
Reading input file 'SRA_800x800-640000-25-05_random_leftmost'...
Average conflict index: 743.3439759601235
Running GreedyPlacer-CI-20000-0-SortSequences...
Elapsed time: 11197.099374701 sec
Average conflict index: 392.1011276620922
Running SequentialReembedding-CI-NoReset-2...
Number of passes: 2
Elapsed time: 1184.883490893 sec
Average conflict index: 389.33614240817815
Total time: 12381.982865594 sec
---------------------------
Host: doc026
Job: 488245
Timestamp: Sun Jan 28 06:42:23 MET 2007
End of script
---------------------------
Host: doc028
Job: 488246
Timestamp: Fri Jan 26 13:58:35 MET 2007

SRA_300x300-90000-25-01_random_leftmost GREEDYPLACER-CI-10K-0-SORTSEQ
Reading input file 'SRA_300x300-90000-25-01_random_leftmost'...
Average conflict index: 739.6942967497233
Running GreedyPlacer-CI-10000-0-SortSequences...
Elapsed time: 688.209206437 sec
Average conflict index: 426.0865364529066
Running SequentialReembedding-CI-NoReset-2...
Number of passes: 2
Elapsed time: 166.413479282 sec
Average conflict index: 422.88355279008994
Total time: 854.622685719 sec
---------------------------
Host: doc028
Job: 488246
Timestamp: Fri Jan 26 14:13:16 MET 2007

SRA_300x300-90000-25-01_random_leftmost GREEDYPLACER-CI-20K-0-SORTSEQ
Reading input file 'SRA_300x300-90000-25-01_random_leftmost'...
Average conflict index: 739.6942967497233
Running GreedyPlacer-CI-20000-0-SortSequences...
Elapsed time: 1284.887486471 sec
Average conflict index: 415.7156627087564
Running SequentialReembedding-CI-NoReset-2...
Number of passes: 2
Elapsed time: 166.213313923 sec
Average conflict index: 412.8009682224656
Total time: 1451.100800394 sec
---------------------------
Host: doc028
Job: 488246
Timestamp: Fri Jan 26 14:37:53 MET 2007

SRA_500x500-250000-25-01_random_leftmost GREEDYPLACER-CI-10K-0-SORTSEQ
Reading input file 'SRA_500x500-250000-25-01_random_leftmost'...
Average conflict index: 742.033694507687
Running GreedyPlacer-CI-10000-0-SortSequences...
Elapsed time: 2144.734573438 sec
Average conflict index: 415.6842533046337
Running SequentialReembedding-CI-NoReset-2...
Number of passes: 2
Elapsed time: 462.948931501 sec
Average conflict index: 412.52651149375765
Total time: 2607.683504939 sec
---------------------------
Host: doc028
Job: 488246
Timestamp: Fri Jan 26 15:22:33 MET 2007

SRA_500x500-250000-25-01_random_leftmost GREEDYPLACER-CI-20K-0-SORTSEQ
Reading input file 'SRA_500x500-250000-25-01_random_leftmost'...
Average conflict index: 742.033694507687
Running GreedyPlacer-CI-20000-0-SortSequences...
Elapsed time: 4171.38010018 sec
Average conflict index: 401.7196067940543
Running SequentialReembedding-CI-NoReset-2...
Number of passes: 2
Elapsed time: 461.832554182 sec
Average conflict index: 398.87041658213536
Total time: 4633.212654362 sec
---------------------------
Host: doc028
Job: 488246
Timestamp: Fri Jan 26 16:40:58 MET 2007

SRA_800x800-640000-25-01_random_leftmost GREEDYPLACER-CI-10K-0-SORTSEQ
Reading input file 'SRA_800x800-640000-25-01_random_leftmost'...
Average conflict index: 743.0969356120632
Running GreedyPlacer-CI-10000-0-SortSequences...
Elapsed time: 5763.459520763 sec
Average conflict index: 408.45234586507655
Running SequentialReembedding-CI-NoReset-2...
Number of passes: 2
Elapsed time: 1186.013430449 sec
Average conflict index: 405.3720541860029
Total time: 6949.472951212 sec
---------------------------
Host: doc028
Job: 488246
Timestamp: Fri Jan 26 18:39:53 MET 2007

SRA_800x800-640000-25-01_random_leftmost GREEDYPLACER-CI-20K-0-SORTSEQ
Reading input file 'SRA_800x800-640000-25-01_random_leftmost'...
Average conflict index: 743.0969356120632
Running GreedyPlacer-CI-20000-0-SortSequences...
Elapsed time: 11526.180564921 sec
Average conflict index: 392.2523012370322
Running SequentialReembedding-CI-NoReset-2...
Number of passes: 2
Elapsed time: 1185.104277833 sec
Average conflict index: 389.47660303289354
Total time: 12711.284842754 sec
---------------------------
Host: doc028
Job: 488246
Timestamp: Fri Jan 26 22:14:48 MET 2007

SRA_300x300-90000-25-02_random_leftmost GREEDYPLACER-CI-10K-0-SORTSEQ
Reading input file 'SRA_300x300-90000-25-02_random_leftmost'...
Average conflict index: 739.4078236346961
Running GreedyPlacer-CI-10000-0-SortSequences...
Elapsed time: 671.501259509 sec
Average conflict index: 426.28624170131707
Running SequentialReembedding-CI-NoReset-2...
Number of passes: 2
Elapsed time: 166.372659368 sec
Average conflict index: 423.0946939965461
Total time: 837.873918877 sec
---------------------------
Host: doc028
Job: 488246
Timestamp: Fri Jan 26 22:29:12 MET 2007

SRA_300x300-90000-25-02_random_leftmost GREEDYPLACER-CI-20K-0-SORTSEQ
Reading input file 'SRA_300x300-90000-25-02_random_leftmost'...
Average conflict index: 739.4078236346961
Running GreedyPlacer-CI-20000-0-SortSequences...
Elapsed time: 1293.188237278 sec
Average conflict index: 415.5736418744631
Running SequentialReembedding-CI-NoReset-2...
Number of passes: 2
Elapsed time: 166.063483787 sec
Average conflict index: 412.6303067558401
Total time: 1459.251721065 sec
---------------------------
Host: doc028
Job: 488246
Timestamp: Fri Jan 26 22:53:57 MET 2007

SRA_500x500-250000-25-02_random_leftmost GREEDYPLACER-CI-10K-0-SORTSEQ
Reading input file 'SRA_500x500-250000-25-02_random_leftmost'...
Average conflict index: 741.9242304619149
Running GreedyPlacer-CI-10000-0-SortSequences...
Elapsed time: 2141.896063293 sec
Average conflict index: 415.61726407392246
Running SequentialReembedding-CI-NoReset-2...
Number of passes: 2
Elapsed time: 458.927959288 sec
Average conflict index: 412.48261769615084
Total time: 2600.824022581 sec
---------------------------
Host: doc028
Job: 488246
Timestamp: Fri Jan 26 23:38:30 MET 2007

SRA_500x500-250000-25-02_random_leftmost GREEDYPLACER-CI-20K-0-SORTSEQ
Reading input file 'SRA_500x500-250000-25-02_random_leftmost'...
Average conflict index: 741.9242304619149
Running GreedyPlacer-CI-20000-0-SortSequences...
Elapsed time: 4145.421012034 sec
Average conflict index: 401.4465397053279
Running SequentialReembedding-CI-NoReset-2...
Number of passes: 2
Elapsed time: 461.720738601 sec
Average conflict index: 398.62769236538117
Total time: 4607.141750635 sec
---------------------------
Host: doc028
Job: 488246
Timestamp: Sat Jan 27 00:56:29 MET 2007

SRA_800x800-640000-25-02_random_leftmost GREEDYPLACER-CI-10K-0-SORTSEQ
Reading input file 'SRA_800x800-640000-25-02_random_leftmost'...
Average conflict index: 743.1910655854992
Running GreedyPlacer-CI-10000-0-SortSequences...
Elapsed time: 5620.578672913 sec
Average conflict index: 408.12881533246593
Running SequentialReembedding-CI-NoReset-2...
Number of passes: 2
Elapsed time: 1179.448260635 sec
Average conflict index: 405.05290048213
Total time: 6800.026933548 sec
---------------------------
Host: doc028
Job: 488246
Timestamp: Sat Jan 27 02:52:54 MET 2007

SRA_800x800-640000-25-02_random_leftmost GREEDYPLACER-CI-20K-0-SORTSEQ
Reading input file 'SRA_800x800-640000-25-02_random_leftmost'...
Average conflict index: 743.1910655854992
Running GreedyPlacer-CI-20000-0-SortSequences...
Elapsed time: 10658.491015544 sec
Average conflict index: 392.2217322530138
Running SequentialReembedding-CI-NoReset-2...
Number of passes: 2
Elapsed time: 1186.1998167 sec
Average conflict index: 389.41766182149524
Total time: 11844.690832244 sec
---------------------------
Host: doc028
Job: 488246
Timestamp: Sat Jan 27 06:13:23 MET 2007

SRA_300x300-90000-25-03_random_leftmost GREEDYPLACER-CI-10K-0-SORTSEQ
Reading input file 'SRA_300x300-90000-25-03_random_leftmost'...
Average conflict index: 739.8615764025107
Running GreedyPlacer-CI-10000-0-SortSequences...
Elapsed time: 678.769602784 sec
Average conflict index: 426.30219552552967
Running SequentialReembedding-CI-NoReset-2...
Number of passes: 2
Elapsed time: 165.15236542 sec
Average conflict index: 423.074360392626
Total time: 843.921968204 sec
---------------------------
Host: doc028
Job: 488246
Timestamp: Sat Jan 27 06:27:53 MET 2007

SRA_300x300-90000-25-03_random_leftmost GREEDYPLACER-CI-20K-0-SORTSEQ
Reading input file 'SRA_300x300-90000-25-03_random_leftmost'...
Average conflict index: 739.8615764025107
Running GreedyPlacer-CI-20000-0-SortSequences...
Elapsed time: 1287.185244562 sec
Average conflict index: 415.8015022272797
Running SequentialReembedding-CI-NoReset-2...
Number of passes: 2
Elapsed time: 166.316466323 sec
Average conflict index: 412.8306106946648
Total time: 1453.501710885 sec
---------------------------
Host: doc028
Job: 488246
Timestamp: Sat Jan 27 06:52:33 MET 2007

SRA_500x500-250000-25-03_random_leftmost GREEDYPLACER-CI-10K-0-SORTSEQ
Reading input file 'SRA_500x500-250000-25-03_random_leftmost'...
Average conflict index: 741.851072148947
Running GreedyPlacer-CI-10000-0-SortSequences...
Elapsed time: 2120.983122347 sec
Average conflict index: 416.0640288556467
Running SequentialReembedding-CI-NoReset-2...
Number of passes: 2
Elapsed time: 459.239101829 sec
Average conflict index: 412.9257653538497
Total time: 2580.222224176 sec
---------------------------
Host: doc028
Job: 488246
Timestamp: Sat Jan 27 07:36:45 MET 2007

SRA_500x500-250000-25-03_random_leftmost GREEDYPLACER-CI-20K-0-SORTSEQ
Reading input file 'SRA_500x500-250000-25-03_random_leftmost'...
Average conflict index: 741.851072148947
Running GreedyPlacer-CI-20000-0-SortSequences...
Elapsed time: 3751.262323005 sec
Average conflict index: 401.5231665018486
Running SequentialReembedding-CI-NoReset-2...
Number of passes: 2
Elapsed time: 462.494191016 sec
Average conflict index: 398.66228924731877
Total time: 4213.756514021 sec
---------------------------
Host: doc028
Job: 488246
Timestamp: Sat Jan 27 08:48:11 MET 2007

SRA_800x800-640000-25-03_random_leftmost GREEDYPLACER-CI-10K-0-SORTSEQ
Reading input file 'SRA_800x800-640000-25-03_random_leftmost'...
Average conflict index: 743.2430975182585
Running GreedyPlacer-CI-10000-0-SortSequences...
Elapsed time: 5524.257159353 sec
Average conflict index: 408.57987401298965
Running SequentialReembedding-CI-NoReset-2...
Number of passes: 2
Elapsed time: 1186.646477512 sec
Average conflict index: 405.479924851138
Total time: 6710.903636865 sec
---------------------------
Host: doc028
Job: 488246
Timestamp: Sat Jan 27 10:43:07 MET 2007

SRA_800x800-640000-25-03_random_leftmost GREEDYPLACER-CI-20K-0-SORTSEQ
Reading input file 'SRA_800x800-640000-25-03_random_leftmost'...
Average conflict index: 743.2430975182585
Running GreedyPlacer-CI-20000-0-SortSequences...
Elapsed time: 11575.629355134 sec
Average conflict index: 392.15967115848656
Running SequentialReembedding-CI-NoReset-2...
Number of passes: 2
Elapsed time: 1191.166617886 sec
Average conflict index: 389.3694377042333
Total time: 12766.79597302 sec
---------------------------
Host: doc028
Job: 488246
Timestamp: Sat Jan 27 14:18:57 MET 2007

SRA_300x300-90000-25-04_random_leftmost GREEDYPLACER-CI-10K-0-SORTSEQ
Reading input file 'SRA_300x300-90000-25-04_random_leftmost'...
Average conflict index: 739.3237874821625
Running GreedyPlacer-CI-10000-0-SortSequences...
Elapsed time: 672.719944 sec
Average conflict index: 426.6748519664118
Running SequentialReembedding-CI-NoReset-2...
Number of passes: 2
Elapsed time: 166.671860204 sec
Average conflict index: 423.38387006961136
Total time: 839.391804204 sec
---------------------------
Host: doc028
Job: 488246
Timestamp: Sat Jan 27 14:33:23 MET 2007

SRA_300x300-90000-25-04_random_leftmost GREEDYPLACER-CI-20K-0-SORTSEQ
Reading input file 'SRA_300x300-90000-25-04_random_leftmost'...
Average conflict index: 739.3237874821625
Running GreedyPlacer-CI-20000-0-SortSequences...
Elapsed time: 1303.027034393 sec
Average conflict index: 415.0372299099359
Running SequentialReembedding-CI-NoReset-2...
Number of passes: 2
Elapsed time: 166.162514147 sec
Average conflict index: 412.08143035986416
Total time: 1469.18954854 sec
---------------------------
Host: doc028
Job: 488246
Timestamp: Sat Jan 27 14:58:18 MET 2007

SRA_500x500-250000-25-04_random_leftmost GREEDYPLACER-CI-10K-0-SORTSEQ
Reading input file 'SRA_500x500-250000-25-04_random_leftmost'...
Average conflict index: 741.8803486738979
Running GreedyPlacer-CI-10000-0-SortSequences...
Elapsed time: 2120.387932803 sec
Average conflict index: 415.26099483999326
Running SequentialReembedding-CI-NoReset-2...
Number of passes: 2
Elapsed time: 459.042129304 sec
Average conflict index: 412.0900879258134
Total time: 2579.430062107 sec
---------------------------
Host: doc028
Job: 488246
Timestamp: Sat Jan 27 15:42:33 MET 2007

SRA_500x500-250000-25-04_random_leftmost GREEDYPLACER-CI-20K-0-SORTSEQ
Reading input file 'SRA_500x500-250000-25-04_random_leftmost'...
Average conflict index: 741.8803486738979
Running GreedyPlacer-CI-20000-0-SortSequences...
Elapsed time: 4112.667649195 sec
Average conflict index: 401.3651276420493
Running SequentialReembedding-CI-NoReset-2...
Number of passes: 2
Elapsed time: 461.712351263 sec
Average conflict index: 398.49825220314716
Total time: 4574.380000458 sec
---------------------------
Host: doc028
Job: 488246
Timestamp: Sat Jan 27 16:59:59 MET 2007

SRA_800x800-640000-25-04_random_leftmost GREEDYPLACER-CI-10K-0-SORTSEQ
Reading input file 'SRA_800x800-640000-25-04_random_leftmost'...
Average conflict index: 743.227178962879
Running GreedyPlacer-CI-10000-0-SortSequences...
Elapsed time: 5755.584809463 sec
Average conflict index: 408.43458768786815
Running SequentialReembedding-CI-NoReset-2...
Number of passes: 2
Elapsed time: 1181.364991607 sec
Average conflict index: 405.34086092137676
Total time: 6936.94980107 sec
---------------------------
Host: doc028
Job: 488246
Timestamp: Sat Jan 27 18:58:41 MET 2007

SRA_800x800-640000-25-04_random_leftmost GREEDYPLACER-CI-20K-0-SORTSEQ
Reading input file 'SRA_800x800-640000-25-04_random_leftmost'...
Average conflict index: 743.227178962879
Running GreedyPlacer-CI-20000-0-SortSequences...
Elapsed time: 11269.922574501 sec
Average conflict index: 392.1581190335521
Running SequentialReembedding-CI-NoReset-2...
Number of passes: 2
Elapsed time: 1185.747498636 sec
Average conflict index: 389.36485546558515
Total time: 12455.670073137 sec
---------------------------
Host: doc028
Job: 488246
Timestamp: Sat Jan 27 22:29:20 MET 2007

SRA_300x300-90000-25-05_random_leftmost GREEDYPLACER-CI-10K-0-SORTSEQ
Reading input file 'SRA_300x300-90000-25-05_random_leftmost'...
Average conflict index: 739.1413982486566
Running GreedyPlacer-CI-10000-0-SortSequences...
Elapsed time: 661.896320657 sec
Average conflict index: 426.3900172830948
Running SequentialReembedding-CI-NoReset-2...
Number of passes: 2
Elapsed time: 166.006934288 sec
Average conflict index: 423.22833744253785
Total time: 827.903254945 sec
---------------------------
Host: doc028
Job: 488246
Timestamp: Sat Jan 27 22:43:34 MET 2007

SRA_300x300-90000-25-05_random_leftmost GREEDYPLACER-CI-20K-0-SORTSEQ
Reading input file 'SRA_300x300-90000-25-05_random_leftmost'...
Average conflict index: 739.1413982486566
Running GreedyPlacer-CI-20000-0-SortSequences...
Elapsed time: 1334.206926741 sec
Average conflict index: 415.37362845997126
Running SequentialReembedding-CI-NoReset-2...
Number of passes: 2
Elapsed time: 166.229899182 sec
Average conflict index: 412.4244499516917
Total time: 1500.436825923 sec
---------------------------
Host: doc028
Job: 488246
Timestamp: Sat Jan 27 23:09:00 MET 2007

SRA_500x500-250000-25-05_random_leftmost GREEDYPLACER-CI-10K-0-SORTSEQ
Reading input file 'SRA_500x500-250000-25-05_random_leftmost'...
Average conflict index: 741.9305395937663
Running GreedyPlacer-CI-10000-0-SortSequences...
Elapsed time: 2094.092479439 sec
Average conflict index: 415.84889579608085
Running SequentialReembedding-CI-NoReset-2...
Number of passes: 2
Elapsed time: 460.126333226 sec
Average conflict index: 412.70926486421195
Total time: 2554.218812665 sec
---------------------------
Host: doc028
Job: 488246
Timestamp: Sat Jan 27 23:52:46 MET 2007

SRA_500x500-250000-25-05_random_leftmost GREEDYPLACER-CI-20K-0-SORTSEQ
Reading input file 'SRA_500x500-250000-25-05_random_leftmost'...
Average conflict index: 741.9305395937663
Running GreedyPlacer-CI-20000-0-SortSequences...
Elapsed time: 4184.718739756 sec
Average conflict index: 401.2501923574067
Running SequentialReembedding-CI-NoReset-2...
Number of passes: 2
Elapsed time: 459.568010987 sec
Average conflict index: 398.3891930885973
Total time: 4644.286750743 sec
---------------------------
Host: doc028
Job: 488246
Timestamp: Sun Jan 28 01:11:22 MET 2007

SRA_800x800-640000-25-05_random_leftmost GREEDYPLACER-CI-10K-0-SORTSEQ
Reading input file 'SRA_800x800-640000-25-05_random_leftmost'...
Average conflict index: 743.3439759601235
Running GreedyPlacer-CI-10000-0-SortSequences...
Elapsed time: 5669.137537202 sec
Average conflict index: 408.39553220185167
Running SequentialReembedding-CI-NoReset-2...
Number of passes: 2
Elapsed time: 1185.898447387 sec
Average conflict index: 405.32074584446525
Total time: 6855.035984589 sec
---------------------------
Host: doc028
Job: 488246
Timestamp: Sun Jan 28 03:08:41 MET 2007

SRA_800x800-640000-25-05_random_leftmost GREEDYPLACER-CI-20K-0-SORTSEQ
Reading input file 'SRA_800x800-640000-25-05_random_leftmost'...
Average conflict index: 743.3439759601235
Running GreedyPlacer-CI-20000-0-SortSequences...
Elapsed time: 11643.292064325 sec
Average conflict index: 392.1011276620922
Running SequentialReembedding-CI-NoReset-2...
Number of passes: 2
Elapsed time: 1185.252508901 sec
Average conflict index: 389.33614240817815
Total time: 12828.544573226 sec
---------------------------
Host: doc028
Job: 488246
Timestamp: Sun Jan 28 06:45:32 MET 2007
End of script
---------------------------
Host: doc020
Job: 489002
Timestamp: Sun Jan 28 11:12:58 MET 2007

SRA_300x300-90000-25-01_random_leftmost GREEDYPLACER-CI-80K-0-SORTSEQ
Reading input file 'SRA_300x300-90000-25-01_random_leftmost'...
Average conflict index: 739.6942967497233
Running GreedyPlacer-CI-80000-0-SortSequences...
Elapsed time: 3117.470688106 sec
Average conflict index: 405.0831738443677
Running SequentialReembedding-CI-NoReset-2...
Number of passes: 2
Elapsed time: 166.011736218 sec
Average conflict index: 402.44131316734365
Total time: 3283.482424324 sec
---------------------------
Host: doc020
Job: 489002
Timestamp: Sun Jan 28 12:08:07 MET 2007

SRA_300x300-90000-25-02_random_leftmost GREEDYPLACER-CI-80K-0-SORTSEQ
Reading input file 'SRA_300x300-90000-25-02_random_leftmost'...
Average conflict index: 739.4078236346961
Running GreedyPlacer-CI-80000-0-SortSequences...
Elapsed time: 3108.611323367 sec
Average conflict index: 405.0289928162363
Running SequentialReembedding-CI-NoReset-2...
Number of passes: 2
Elapsed time: 166.149402183 sec
Average conflict index: 402.35951181020266
Total time: 3274.76072555 sec
---------------------------
Host: doc020
Job: 489002
Timestamp: Sun Jan 28 13:03:08 MET 2007

SRA_300x300-90000-25-03_random_leftmost GREEDYPLACER-CI-80K-0-SORTSEQ
Reading input file 'SRA_300x300-90000-25-03_random_leftmost'...
Average conflict index: 739.8615764025107
Running GreedyPlacer-CI-80000-0-SortSequences...
Elapsed time: 3134.03039511 sec
Average conflict index: 404.7238971342034
Running SequentialReembedding-CI-NoReset-2...
Number of passes: 2
Elapsed time: 166.321677253 sec
Average conflict index: 402.10216318506855
Total time: 3300.352072363 sec
---------------------------
Host: doc020
Job: 489002
Timestamp: Sun Jan 28 13:58:34 MET 2007

SRA_300x300-90000-25-04_random_leftmost GREEDYPLACER-CI-80K-0-SORTSEQ
Reading input file 'SRA_300x300-90000-25-04_random_leftmost'...
Average conflict index: 739.3237874821625
Running GreedyPlacer-CI-80000-0-SortSequences...
Elapsed time: 3073.716281372 sec
Average conflict index: 405.52629516827295
Running SequentialReembedding-CI-NoReset-2...
Number of passes: 2
Elapsed time: 165.913276162 sec
Average conflict index: 402.8766674392415
Total time: 3239.629557534 sec
---------------------------
Host: doc020
Job: 489002
Timestamp: Sun Jan 28 14:53:00 MET 2007

SRA_300x300-90000-25-05_random_leftmost GREEDYPLACER-CI-80K-0-SORTSEQ
Reading input file 'SRA_300x300-90000-25-05_random_leftmost'...
Average conflict index: 739.1413982486566
Running GreedyPlacer-CI-80000-0-SortSequences...
Elapsed time: 3077.516878345 sec
Average conflict index: 405.05675498892697
Running SequentialReembedding-CI-NoReset-2...
Number of passes: 2
Elapsed time: 166.571328922 sec
Average conflict index: 402.40281949215176
Total time: 3244.088207267 sec
---------------------------
Host: doc020
Job: 489002
Timestamp: Sun Jan 28 15:47:30 MET 2007
End of script
---------------------------
Host: doc020
Job: 489030
Timestamp: Sun Jan 28 16:37:43 MET 2007

SRA_300x300-90000-25-01_random_leftmost GREEDYPLACER-CI-80K-0-SORTSEQ
Reading input file 'SRA_300x300-90000-25-01_random_leftmost'...
Average conflict index: 739.6942967497233
Running GreedyPlacer-CI-80000-0-SortSequences...
Elapsed time: 3103.493646069 sec
Average conflict index: 405.0831738443677
Running SequentialReembedding-CI-NoReset-2...
Number of passes: 2
Elapsed time: 165.884797965 sec
Average conflict index: 402.44131316734365
Total time: 3269.378444034 sec
---------------------------
Host: doc020
Job: 489030
Timestamp: Sun Jan 28 17:32:39 MET 2007

SRA_300x300-90000-25-02_random_leftmost GREEDYPLACER-CI-80K-0-SORTSEQ
Reading input file 'SRA_300x300-90000-25-02_random_leftmost'...
Average conflict index: 739.4078236346961
Running GreedyPlacer-CI-80000-0-SortSequences...
Elapsed time: 3086.254277617 sec
Average conflict index: 405.0289928162363
Running SequentialReembedding-CI-NoReset-2...
Number of passes: 2
Elapsed time: 166.118556368 sec
Average conflict index: 402.35951181020266
Total time: 3252.372833985 sec
---------------------------
Host: doc020
Job: 489030
Timestamp: Sun Jan 28 18:27:17 MET 2007

SRA_300x300-90000-25-03_random_leftmost GREEDYPLACER-CI-80K-0-SORTSEQ
Reading input file 'SRA_300x300-90000-25-03_random_leftmost'...
Average conflict index: 739.8615764025107
Running GreedyPlacer-CI-80000-0-SortSequences...
Elapsed time: 2807.492633505 sec
Average conflict index: 404.7238971342034
Running SequentialReembedding-CI-NoReset-2...
Number of passes: 2
Elapsed time: 166.003521111 sec
Average conflict index: 402.10216318506855
Total time: 2973.496154616 sec
---------------------------
Host: doc020
Job: 489030
Timestamp: Sun Jan 28 19:17:17 MET 2007

SRA_300x300-90000-25-04_random_leftmost GREEDYPLACER-CI-80K-0-SORTSEQ
Reading input file 'SRA_300x300-90000-25-04_random_leftmost'...
Average conflict index: 739.3237874821625
Running GreedyPlacer-CI-80000-0-SortSequences...
Elapsed time: 3079.652010348 sec
Average conflict index: 405.52629516827295
Running SequentialReembedding-CI-NoReset-2...
Number of passes: 2
Elapsed time: 165.99068044 sec
Average conflict index: 402.8766674392415
Total time: 3245.642690788 sec
---------------------------
Host: doc020
Job: 489030
Timestamp: Sun Jan 28 20:11:49 MET 2007

SRA_300x300-90000-25-05_random_leftmost GREEDYPLACER-CI-80K-0-SORTSEQ
Reading input file 'SRA_300x300-90000-25-05_random_leftmost'...
Average conflict index: 739.1413982486566
Running GreedyPlacer-CI-80000-0-SortSequences...
Elapsed time: 3085.733870585 sec
Average conflict index: 405.05675498892697
Running SequentialReembedding-CI-NoReset-2...
Number of passes: 2
Elapsed time: 166.158733458 sec
Average conflict index: 402.40281949215176
Total time: 3251.892604043 sec
---------------------------
Host: doc020
Job: 489030
Timestamp: Sun Jan 28 21:06:26 MET 2007
End of script
---------------------------
Host: doc022
Job: 489005
Timestamp: Sun Jan 28 11:24:16 MET 2007

SRA_500x500-250000-25-01_random_leftmost GREEDYPLACER-CI-140K-0-SORTSEQ
Reading input file 'SRA_500x500-250000-25-01_random_leftmost'...
Average conflict index: 742.033694507687
Running GreedyPlacer-CI-140000-0-SortSequences...
Elapsed time: 20462.671954516 sec
Average conflict index: 377.55256004883057
Running SequentialReembedding-CI-NoReset-2...
Number of passes: 2
Elapsed time: 461.259809942 sec
Average conflict index: 375.19987726591734
Total time: 20923.931764458 sec
---------------------------
Host: doc022
Job: 489005
Timestamp: Sun Jan 28 17:14:14 MET 2007

SRA_500x500-250000-25-02_random_leftmost GREEDYPLACER-CI-140K-0-SORTSEQ
Reading input file 'SRA_500x500-250000-25-02_random_leftmost'...
Average conflict index: 741.9242304619149
Running GreedyPlacer-CI-140000-0-SortSequences...
Elapsed time: 21035.925811578 sec
Average conflict index: 377.97792650364613
Running SequentialReembedding-CI-NoReset-2...
Number of passes: 2
Elapsed time: 461.255278575 sec
Average conflict index: 375.6510015017459
Total time: 21497.181090153 sec
---------------------------
Host: doc022
Job: 489005
Timestamp: Sun Jan 28 23:13:47 MET 2007

SRA_500x500-250000-25-03_random_leftmost GREEDYPLACER-CI-140K-0-SORTSEQ
Reading input file 'SRA_500x500-250000-25-03_random_leftmost'...
Average conflict index: 741.851072148947
Running GreedyPlacer-CI-140000-0-SortSequences...
Elapsed time: 21086.771578168 sec
Average conflict index: 377.8403762729823
Running SequentialReembedding-CI-NoReset-2...
Number of passes: 2
Elapsed time: 461.198039098 sec
Average conflict index: 375.4819947898601
Total time: 21547.969617266 sec
---------------------------
Host: doc022
Job: 489005
Timestamp: Mon Jan 29 05:14:15 MET 2007

SRA_500x500-250000-25-04_random_leftmost GREEDYPLACER-CI-140K-0-SORTSEQ
Reading input file 'SRA_500x500-250000-25-04_random_leftmost'...
Average conflict index: 741.8803486738979
Running GreedyPlacer-CI-140000-0-SortSequences...
Elapsed time: 20765.588469147 sec
Average conflict index: 378.0756181451
Running SequentialReembedding-CI-NoReset-2...
Number of passes: 2
Elapsed time: 461.137386773 sec
Average conflict index: 375.70825900708934
Total time: 21226.72585592 sec
---------------------------
Host: doc022
Job: 489005
Timestamp: Mon Jan 29 11:09:14 MET 2007

SRA_500x500-250000-25-05_random_leftmost GREEDYPLACER-CI-140K-0-SORTSEQ
Reading input file 'SRA_500x500-250000-25-05_random_leftmost'...
Average conflict index: 741.9305395937663
Running GreedyPlacer-CI-140000-0-SortSequences...
Elapsed time: 21088.742777304 sec
Average conflict index: 378.00415253156484
Running SequentialReembedding-CI-NoReset-2...
Number of passes: 2
Elapsed time: 462.94480229 sec
Average conflict index: 375.6728928287014
Total time: 21551.687579594 sec
---------------------------
Host: doc022
Job: 489005
Timestamp: Mon Jan 29 17:09:36 MET 2007
End of script
---------------------------
Host: doc020
Job: 489036
Timestamp: Sun Jan 28 21:33:55 MET 2007

SRA_500x500-250000-25-01_random_leftmost GREEDYPLACER-CI-140K-0-SORTSEQ
Reading input file 'SRA_500x500-250000-25-01_random_leftmost'...
Average conflict index: 742.033694507687
Running GreedyPlacer-CI-140000-0-SortSequences...
Elapsed time: 20517.858351261 sec
Average conflict index: 377.55256004883057
Running SequentialReembedding-CI-NoReset-2...
Number of passes: 2
Elapsed time: 458.378064367 sec
Average conflict index: 375.19987726591734
Total time: 20976.236415628 sec
---------------------------
Host: doc020
Job: 489036
Timestamp: Mon Jan 29 03:24:44 MET 2007

SRA_500x500-250000-25-02_random_leftmost GREEDYPLACER-CI-140K-0-SORTSEQ
Reading input file 'SRA_500x500-250000-25-02_random_leftmost'...
Average conflict index: 741.9242304619149
Running GreedyPlacer-CI-140000-0-SortSequences...
Elapsed time: 20475.109907555 sec
Average conflict index: 377.97792650364613
Running SequentialReembedding-CI-NoReset-2...
Number of passes: 2
Elapsed time: 458.894031777 sec
Average conflict index: 375.6510015017459
Total time: 20934.003939332 sec
---------------------------
Host: doc020
Job: 489036
Timestamp: Mon Jan 29 09:14:48 MET 2007

SRA_500x500-250000-25-03_random_leftmost GREEDYPLACER-CI-140K-0-SORTSEQ
Reading input file 'SRA_500x500-250000-25-03_random_leftmost'...
Average conflict index: 741.851072148947
Running GreedyPlacer-CI-140000-0-SortSequences...
Elapsed time: 20202.840407976 sec
Average conflict index: 377.8403762729823
Running SequentialReembedding-CI-NoReset-2...
Number of passes: 2
Elapsed time: 460.467227612 sec
Average conflict index: 375.4819947898601
Total time: 20663.307635588 sec
---------------------------
Host: doc020
Job: 489036
Timestamp: Mon Jan 29 15:00:23 MET 2007

SRA_500x500-250000-25-04_random_leftmost GREEDYPLACER-CI-140K-0-SORTSEQ
Reading input file 'SRA_500x500-250000-25-04_random_leftmost'...
Average conflict index: 741.8803486738979
Running GreedyPlacer-CI-140000-0-SortSequences...
Elapsed time: 20570.610949991 sec
Average conflict index: 378.0756181451
Running SequentialReembedding-CI-NoReset-2...
Number of passes: 2
Elapsed time: 460.273918163 sec
Average conflict index: 375.70825900708934
Total time: 21030.884868154 sec
---------------------------
Host: doc020
Job: 489036
Timestamp: Mon Jan 29 20:52:05 MET 2007

SRA_500x500-250000-25-05_random_leftmost GREEDYPLACER-CI-140K-0-SORTSEQ
Reading input file 'SRA_500x500-250000-25-05_random_leftmost'...
Average conflict index: 741.9305395937663
Running GreedyPlacer-CI-140000-0-SortSequences...
Elapsed time: 20557.238787967 sec
Average conflict index: 378.00415253156484
Running SequentialReembedding-CI-NoReset-2...
Number of passes: 2
Elapsed time: 460.459315981 sec
Average conflict index: 375.6728928287014
Total time: 21017.698103948 sec
---------------------------
Host: doc020
Job: 489036
Timestamp: Tue Jan 30 02:43:35 MET 2007
End of script
---------------------------
Host: doc022
Job: 489610
Timestamp: Mon Jan 29 19:30:59 MET 2007

SRA_500x500-250000-25-01_random_leftmost GREEDYPLACER-CI-140K-0-SORTSEQ
Reading input file 'SRA_500x500-250000-25-01_random_leftmost'...
Average conflict index: 742.033694507687
Running GreedyPlacer-CI-140000-0-SortSequences...
Elapsed time: 20450.038823254 sec
Average conflict index: 377.55256004883057
Running SequentialReembedding-CI-NoReset-2...
Number of passes: 2
Elapsed time: 460.15045139 sec
Average conflict index: 375.19987726591734
Total time: 20910.189274644 sec
---------------------------
Host: doc022
Job: 489610
Timestamp: Tue Jan 30 01:20:41 MET 2007

SRA_500x500-250000-25-02_random_leftmost GREEDYPLACER-CI-140K-0-SORTSEQ
Reading input file 'SRA_500x500-250000-25-02_random_leftmost'...
Average conflict index: 741.9242304619149
Running GreedyPlacer-CI-140000-0-SortSequences...
Elapsed time: 20799.487606057 sec
Average conflict index: 377.97792650364613
Running SequentialReembedding-CI-NoReset-2...
Number of passes: 2
Elapsed time: 460.985177105 sec
Average conflict index: 375.6510015017459
Total time: 21260.472783162 sec
---------------------------
Host: doc022
Job: 489610
Timestamp: Tue Jan 30 07:16:13 MET 2007

SRA_500x500-250000-25-03_random_leftmost GREEDYPLACER-CI-140K-0-SORTSEQ
Reading input file 'SRA_500x500-250000-25-03_random_leftmost'...
Average conflict index: 741.851072148947
Running GreedyPlacer-CI-140000-0-SortSequences...
Elapsed time: 20701.662639357 sec
Average conflict index: 377.8403762729823
Running SequentialReembedding-CI-NoReset-2...
Number of passes: 2
Elapsed time: 456.761772073 sec
Average conflict index: 375.4819947898601
Total time: 21158.42441143 sec
---------------------------
Host: doc022
Job: 489610
Timestamp: Tue Jan 30 13:10:04 MET 2007

SRA_500x500-250000-25-04_random_leftmost GREEDYPLACER-CI-140K-0-SORTSEQ
Reading input file 'SRA_500x500-250000-25-04_random_leftmost'...
Average conflict index: 741.8803486738979
Running GreedyPlacer-CI-140000-0-SortSequences...
Elapsed time: 20588.300992269 sec
Average conflict index: 378.0756181451
Running SequentialReembedding-CI-NoReset-2...
Number of passes: 2
Elapsed time: 461.572087149 sec
Average conflict index: 375.70825900708934
Total time: 21049.873079418 sec
---------------------------
Host: doc022
Job: 489610
Timestamp: Tue Jan 30 19:02:04 MET 2007

SRA_500x500-250000-25-05_random_leftmost GREEDYPLACER-CI-140K-0-SORTSEQ
Reading input file 'SRA_500x500-250000-25-05_random_leftmost'...
Average conflict index: 741.9305395937663
Running GreedyPlacer-CI-140000-0-SortSequences...
Elapsed time: 20691.633878617 sec
Average conflict index: 378.00415253156484
Running SequentialReembedding-CI-NoReset-2...
Number of passes: 2
Elapsed time: 460.096242636 sec
Average conflict index: 375.6728928287014
Total time: 21151.730121253 sec
---------------------------
Host: doc022
Job: 489610
Timestamp: Wed Jan 31 00:55:47 MET 2007
End of script
---------------------------
