Start: Wed Dec 20 20:56:23 CET 2006
Host: tank
---------------------------
last pid:  7363;  load averages:  3.14,  2.49,  2.03    20:56:23
158 processes: 153 sleeping, 5 on cpu

SRA_300x300-90000-25-01_random_leftmost KTHREAD-0-SORTSEQ REPTX-BL-5K
Reading input file 'SRA_300x300-90000-25-01_random_leftmost'...
Total border length: 5545332 -> normalized: 30.910434782608696
Running 0-threading-SortSequences...
Elapsed time: 0.7263972 sec
Total border length: 4479082 -> normalized: 24.96701226309922
Running RowEpitaxial-BL-5000...
Elapsed time: 215.8184876 sec
Total border length: 3284010 -> normalized: 18.30551839464883
Total time: 216.5448848 sec
New layout is not equal to the original specification.
New layout is compatible with the original specification.
---------------------------
last pid:  7389;  load averages:  3.24,  2.86,  2.28    21:00:05
158 processes: 154 sleeping, 4 on cpu

SRA_300x300-90000-25-01_random_leftmost KTHREAD-0-SORTEMBED REPTX-BL-5K
Reading input file 'SRA_300x300-90000-25-01_random_leftmost'...
Total border length: 5545332 -> normalized: 30.910434782608696
Running 0-threading-SortEmbeddings...
Elapsed time: 0.4609979 sec
Total border length: 4498726 -> normalized: 25.076510590858415
Running RowEpitaxial-BL-5000...
Elapsed time: 212.5211215 sec
Total border length: 3293420 -> normalized: 18.357971014492755
Total time: 212.9821194 sec
New layout is not equal to the original specification.
New layout is compatible with the original specification.
---------------------------
last pid:  7404;  load averages:  3.14,  3.01,  2.46    21:03:42
153 processes: 148 sleeping, 5 on cpu

SRA_300x300-90000-25-01_random_leftmost KTHREAD-0-SORTSEQ REPTX-BL-10K
Reading input file 'SRA_300x300-90000-25-01_random_leftmost'...
Total border length: 5545332 -> normalized: 30.910434782608696
Running 0-threading-SortSequences...
Elapsed time: 0.7267462 sec
Total border length: 4479082 -> normalized: 24.96701226309922
Running RowEpitaxial-BL-10000...
Elapsed time: 423.0085363 sec
Total border length: 3256508 -> normalized: 18.15221850613155
Total time: 423.7352825 sec
New layout is not equal to the original specification.
New layout is compatible with the original specification.
---------------------------
last pid:  7437;  load averages:  3.20,  3.15,  2.74    21:10:50
152 processes: 148 sleeping, 4 on cpu

SRA_300x300-90000-25-01_random_leftmost KTHREAD-0-SORTEMBED REPTX-BL-10K
Reading input file 'SRA_300x300-90000-25-01_random_leftmost'...
Total border length: 5545332 -> normalized: 30.910434782608696
Running 0-threading-SortEmbeddings...
Elapsed time: 0.4562212 sec
Total border length: 4498726 -> normalized: 25.076510590858415
Running RowEpitaxial-BL-10000...
Elapsed time: 422.1814273 sec
Total border length: 3267028 -> normalized: 18.210858416945374
Total time: 422.6376485 sec
New layout is not equal to the original specification.
New layout is compatible with the original specification.
---------------------------
last pid:  7473;  load averages:  3.18,  3.16,  2.89    21:17:57
152 processes: 147 sleeping, 5 on cpu

SRA_300x300-90000-25-01_random_leftmost KTHREAD-0-SORTSEQ REPTX-BL-20K
Reading input file 'SRA_300x300-90000-25-01_random_leftmost'...
Total border length: 5545332 -> normalized: 30.910434782608696
Running 0-threading-SortSequences...
Elapsed time: 0.7102902 sec
Total border length: 4479082 -> normalized: 24.96701226309922
Running RowEpitaxial-BL-20000...
Elapsed time: 793.1254966 sec
Total border length: 3234642 -> normalized: 18.030334448160534
Total time: 793.8357868 sec
New layout is not equal to the original specification.
New layout is compatible with the original specification.
---------------------------
last pid:  7512;  load averages:  3.17,  3.16,  3.05    21:31:15
152 processes: 147 sleeping, 5 on cpu

SRA_300x300-90000-25-01_random_leftmost KTHREAD-0-SORTEMBED REPTX-BL-20K
Reading input file 'SRA_300x300-90000-25-01_random_leftmost'...
Total border length: 5545332 -> normalized: 30.910434782608696
Running 0-threading-SortEmbeddings...
Elapsed time: 0.4605101 sec
Total border length: 4498726 -> normalized: 25.076510590858415
Running RowEpitaxial-BL-20000...
Elapsed time: 799.3545637 sec
Total border length: 3243086 -> normalized: 18.077402452619843
Total time: 799.8150738 sec
New layout is not equal to the original specification.
New layout is compatible with the original specification.
---------------------------
last pid:  7574;  load averages:  3.17,  3.18,  3.12    21:44:41
153 processes: 148 sleeping, 5 on cpu

SRA_300x300-90000-25-01_random_leftmost KTHREAD-1-SORTSEQ REPTX-BL-5K
Reading input file 'SRA_300x300-90000-25-01_random_leftmost'...
Total border length: 5545332 -> normalized: 30.910434782608696
Running 1-threading-SortSequences...
Elapsed time: 0.7146538 sec
Total border length: 4327878 -> normalized: 24.12418060200669
Running RowEpitaxial-BL-5000...
Elapsed time: 214.6960962 sec
Total border length: 3283500 -> normalized: 18.30267558528428
Total time: 215.41075 sec
New layout is not equal to the original specification.
New layout is compatible with the original specification.
---------------------------
last pid:  7597;  load averages:  3.16,  3.17,  3.13    21:48:23
152 processes: 148 sleeping, 4 on cpu

SRA_300x300-90000-25-01_random_leftmost KTHREAD-1-SORTEMBED REPTX-BL-5K
Reading input file 'SRA_300x300-90000-25-01_random_leftmost'...
Total border length: 5545332 -> normalized: 30.910434782608696
Running 1-threading-SortEmbeddings...
Elapsed time: 0.481454 sec
Total border length: 4343338 -> normalized: 24.21035674470457
Running RowEpitaxial-BL-5000...
Elapsed time: 213.7227625 sec
Total border length: 3295742 -> normalized: 18.370914158305464
Total time: 214.2042165 sec
New layout is not equal to the original specification.
New layout is compatible with the original specification.
---------------------------
last pid:  7606;  load averages:  3.16,  3.16,  3.14    21:52:02
152 processes: 148 sleeping, 4 on cpu

SRA_300x300-90000-25-01_random_leftmost KTHREAD-1-SORTSEQ REPTX-BL-10K
Reading input file 'SRA_300x300-90000-25-01_random_leftmost'...
Total border length: 5545332 -> normalized: 30.910434782608696
Running 1-threading-SortSequences...
Elapsed time: 0.7226643 sec
Total border length: 4327878 -> normalized: 24.12418060200669
Running RowEpitaxial-BL-10000...
Elapsed time: 419.102129 sec
Total border length: 3257946 -> normalized: 18.160234113712374
Total time: 419.8247933 sec
New layout is not equal to the original specification.
New layout is compatible with the original specification.
---------------------------
last pid:  7640;  load averages:  3.16,  3.18,  3.16    21:59:06
152 processes: 148 sleeping, 4 on cpu

SRA_300x300-90000-25-01_random_leftmost KTHREAD-1-SORTEMBED REPTX-BL-10K
Reading input file 'SRA_300x300-90000-25-01_random_leftmost'...
Total border length: 5545332 -> normalized: 30.910434782608696
Running 1-threading-SortEmbeddings...
Elapsed time: 0.4717907 sec
Total border length: 4343338 -> normalized: 24.21035674470457
Running RowEpitaxial-BL-10000...
Elapsed time: 425.0081019 sec
Total border length: 3266744 -> normalized: 18.20927536231884
Total time: 425.4798926 sec
New layout is not equal to the original specification.
New layout is compatible with the original specification.
---------------------------
last pid:  7665;  load averages:  3.20,  3.17,  3.16    22:06:16
152 processes: 148 sleeping, 4 on cpu

SRA_300x300-90000-25-01_random_leftmost KTHREAD-1-SORTSEQ REPTX-BL-20K
Reading input file 'SRA_300x300-90000-25-01_random_leftmost'...
Total border length: 5545332 -> normalized: 30.910434782608696
Running 1-threading-SortSequences...
Elapsed time: 0.7087776 sec
Total border length: 4327878 -> normalized: 24.12418060200669
Running RowEpitaxial-BL-20000...
Elapsed time: 803.7054155 sec
Total border length: 3237110 -> normalized: 18.044091415830547
Total time: 804.4141931 sec
New layout is not equal to the original specification.
New layout is compatible with the original specification.
---------------------------
last pid:  7730;  load averages:  3.16,  3.16,  3.15    22:19:44
152 processes: 148 sleeping, 4 on cpu

SRA_300x300-90000-25-01_random_leftmost KTHREAD-1-SORTEMBED REPTX-BL-20K
Reading input file 'SRA_300x300-90000-25-01_random_leftmost'...
Total border length: 5545332 -> normalized: 30.910434782608696
Running 1-threading-SortEmbeddings...
Elapsed time: 0.4531284 sec
Total border length: 4343338 -> normalized: 24.21035674470457
Running RowEpitaxial-BL-20000...
Elapsed time: 776.6619053 sec
Total border length: 3242554 -> normalized: 18.0744370122631
Total time: 777.1150337 sec
New layout is not equal to the original specification.
New layout is compatible with the original specification.
---------------------------
last pid:  7772;  load averages:  3.14,  3.16,  3.16    22:32:46
154 processes: 150 sleeping, 4 on cpu

SRA_300x300-90000-25-01_random_leftmost KTHREAD-2-SORTSEQ REPTX-BL-5K
Reading input file 'SRA_300x300-90000-25-01_random_leftmost'...
Total border length: 5545332 -> normalized: 30.910434782608696
Running 2-threading-SortSequences...
Elapsed time: 0.7460168 sec
Total border length: 4284208 -> normalized: 23.880758082497213
Running RowEpitaxial-BL-5000...
Elapsed time: 215.8214851 sec
Total border length: 3285842 -> normalized: 18.31573021181717
Total time: 216.5675019 sec
New layout is not equal to the original specification.
New layout is compatible with the original specification.
---------------------------
last pid:  7790;  load averages:  3.16,  3.16,  3.16    22:36:28
152 processes: 148 sleeping, 4 on cpu

SRA_300x300-90000-25-01_random_leftmost KTHREAD-2-SORTEMBED REPTX-BL-5K
Reading input file 'SRA_300x300-90000-25-01_random_leftmost'...
Total border length: 5545332 -> normalized: 30.910434782608696
Running 2-threading-SortEmbeddings...
Elapsed time: 0.4721207 sec
Total border length: 4304542 -> normalized: 23.994102564102565
Running RowEpitaxial-BL-5000...
Elapsed time: 217.9035301 sec
Total border length: 3295692 -> normalized: 18.370635451505017
Total time: 218.3756508 sec
New layout is not equal to the original specification.
New layout is compatible with the original specification.
---------------------------
last pid:  7805;  load averages:  3.18,  3.16,  3.16    22:40:10
152 processes: 148 sleeping, 4 on cpu

SRA_300x300-90000-25-01_random_leftmost KTHREAD-2-SORTSEQ REPTX-BL-10K
Reading input file 'SRA_300x300-90000-25-01_random_leftmost'...
Total border length: 5545332 -> normalized: 30.910434782608696
Running 2-threading-SortSequences...
Elapsed time: 0.723571 sec
Total border length: 4284208 -> normalized: 23.880758082497213
Running RowEpitaxial-BL-10000...
Elapsed time: 423.8060664 sec
Total border length: 3257660 -> normalized: 18.158639910813825
Total time: 424.5296374 sec
New layout is not equal to the original specification.
New layout is compatible with the original specification.
---------------------------
last pid:  7841;  load averages:  3.15,  3.17,  3.16    22:47:19
153 processes: 148 sleeping, 5 on cpu

SRA_300x300-90000-25-01_random_leftmost KTHREAD-2-SORTEMBED REPTX-BL-10K
Reading input file 'SRA_300x300-90000-25-01_random_leftmost'...
Total border length: 5545332 -> normalized: 30.910434782608696
Running 2-threading-SortEmbeddings...
Elapsed time: 0.4686378 sec
Total border length: 4304542 -> normalized: 23.994102564102565
Running RowEpitaxial-BL-10000...
Elapsed time: 428.2657833 sec
Total border length: 3267484 -> normalized: 18.21340022296544
Total time: 428.7344211 sec
New layout is not equal to the original specification.
New layout is compatible with the original specification.
---------------------------
last pid:  7874;  load averages:  3.24,  3.22,  3.18    22:54:33
152 processes: 148 sleeping, 4 on cpu

SRA_300x300-90000-25-01_random_leftmost KTHREAD-2-SORTSEQ REPTX-BL-20K
Reading input file 'SRA_300x300-90000-25-01_random_leftmost'...
Total border length: 5545332 -> normalized: 30.910434782608696
Running 2-threading-SortSequences...
Elapsed time: 0.7454237 sec
Total border length: 4284208 -> normalized: 23.880758082497213
Running RowEpitaxial-BL-20000...
Elapsed time: 781.1394655 sec
Total border length: 3234952 -> normalized: 18.0320624303233
Total time: 781.8848892 sec
New layout is not equal to the original specification.
New layout is compatible with the original specification.
---------------------------
last pid:  7928;  load averages:  3.16,  3.17,  3.18    23:07:39
152 processes: 148 sleeping, 4 on cpu

SRA_300x300-90000-25-01_random_leftmost KTHREAD-2-SORTEMBED REPTX-BL-20K
Reading input file 'SRA_300x300-90000-25-01_random_leftmost'...
Total border length: 5545332 -> normalized: 30.910434782608696
Running 2-threading-SortEmbeddings...
Elapsed time: 0.4587647 sec
Total border length: 4304542 -> normalized: 23.994102564102565
Running RowEpitaxial-BL-20000...
Elapsed time: 817.8595998 sec
Total border length: 3243576 -> normalized: 18.080133779264212
Total time: 818.3183645 sec
New layout is not equal to the original specification.
New layout is compatible with the original specification.
---------------------------
last pid:  7989;  load averages:  3.13,  3.16,  3.16    23:21:22
152 processes: 149 sleeping, 3 on cpu

SRA_300x300-90000-25-01_random_leftmost KTHREAD-3-SORTSEQ REPTX-BL-5K
Reading input file 'SRA_300x300-90000-25-01_random_leftmost'...
Total border length: 5545332 -> normalized: 30.910434782608696
Running 3-threading-SortSequences...
Elapsed time: 0.7187334 sec
Total border length: 4270174 -> normalized: 23.80253065774805
Running RowEpitaxial-BL-5000...
Elapsed time: 216.5861926 sec
Total border length: 3288306 -> normalized: 18.329464882943142
Total time: 217.304926 sec
New layout is not equal to the original specification.
New layout is compatible with the original specification.
---------------------------
last pid:  8009;  load averages:  3.15,  3.15,  3.16    23:25:03
152 processes: 148 sleeping, 4 on cpu

SRA_300x300-90000-25-01_random_leftmost KTHREAD-3-SORTEMBED REPTX-BL-5K
Reading input file 'SRA_300x300-90000-25-01_random_leftmost'...
Total border length: 5545332 -> normalized: 30.910434782608696
Running 3-threading-SortEmbeddings...
Elapsed time: 0.4617792 sec
Total border length: 4289618 -> normalized: 23.910914158305463
Running RowEpitaxial-BL-5000...
Elapsed time: 212.3850741 sec
Total border length: 3297436 -> normalized: 18.38035674470457
Total time: 212.8468533 sec
New layout is not equal to the original specification.
New layout is compatible with the original specification.
---------------------------
last pid:  8027;  load averages:  3.18,  3.18,  3.17    23:28:42
153 processes: 148 sleeping, 5 on cpu

SRA_300x300-90000-25-01_random_leftmost KTHREAD-3-SORTSEQ REPTX-BL-10K
Reading input file 'SRA_300x300-90000-25-01_random_leftmost'...
Total border length: 5545332 -> normalized: 30.910434782608696
Running 3-threading-SortSequences...
Elapsed time: 0.7064939 sec
Total border length: 4270174 -> normalized: 23.80253065774805
Running RowEpitaxial-BL-10000...
Elapsed time: 427.4979064 sec
Total border length: 3258264 -> normalized: 18.16200668896321
Total time: 428.2044003 sec
New layout is not equal to the original specification.
New layout is compatible with the original specification.
---------------------------
last pid:  8053;  load averages:  3.27,  3.18,  3.17    23:35:56
152 processes: 148 sleeping, 4 on cpu

SRA_300x300-90000-25-01_random_leftmost KTHREAD-3-SORTEMBED REPTX-BL-10K
Reading input file 'SRA_300x300-90000-25-01_random_leftmost'...
Total border length: 5545332 -> normalized: 30.910434782608696
Running 3-threading-SortEmbeddings...
Elapsed time: 0.4414877 sec
Total border length: 4289618 -> normalized: 23.910914158305463
Running RowEpitaxial-BL-10000...
Elapsed time: 413.090866 sec
Total border length: 3266862 -> normalized: 18.209933110367892
Total time: 413.5323537 sec
New layout is not equal to the original specification.
New layout is compatible with the original specification.
---------------------------
last pid:  8084;  load averages:  3.16,  3.18,  3.17    23:42:54
154 processes: 149 sleeping, 5 on cpu

SRA_300x300-90000-25-01_random_leftmost KTHREAD-3-SORTSEQ REPTX-BL-20K
Reading input file 'SRA_300x300-90000-25-01_random_leftmost'...
Total border length: 5545332 -> normalized: 30.910434782608696
Running 3-threading-SortSequences...
Elapsed time: 0.717943 sec
Total border length: 4270174 -> normalized: 23.80253065774805
Running RowEpitaxial-BL-20000...
Elapsed time: 800.2980195 sec
Total border length: 3236064 -> normalized: 18.038260869565217
Total time: 801.0159625 sec
New layout is not equal to the original specification.
New layout is compatible with the original specification.
---------------------------
last pid:  8137;  load averages:  3.19,  3.18,  3.17    23:56:20
153 processes: 148 sleeping, 5 on cpu

SRA_300x300-90000-25-01_random_leftmost KTHREAD-3-SORTEMBED REPTX-BL-20K
Reading input file 'SRA_300x300-90000-25-01_random_leftmost'...
Total border length: 5545332 -> normalized: 30.910434782608696
Running 3-threading-SortEmbeddings...
Elapsed time: 0.4694813 sec
Total border length: 4289618 -> normalized: 23.910914158305463
Running RowEpitaxial-BL-20000...
Elapsed time: 804.7459154 sec
Total border length: 3241174 -> normalized: 18.06674470457079
Total time: 805.2153967 sec
New layout is not equal to the original specification.
New layout is compatible with the original specification.
---------------------------
last pid:  8185;  load averages:  3.18,  3.18,  3.17    00:09:50
153 processes: 148 sleeping, 5 on cpu

SRA_300x300-90000-25-01_random_leftmost KTHREAD-4-SORTSEQ REPTX-BL-5K
Reading input file 'SRA_300x300-90000-25-01_random_leftmost'...
Total border length: 5545332 -> normalized: 30.910434782608696
Running 4-threading-SortSequences...
Elapsed time: 0.7102653 sec
Total border length: 4262932 -> normalized: 23.76216276477146
Running RowEpitaxial-BL-5000...
Elapsed time: 214.978753 sec
Total border length: 3287822 -> normalized: 18.326767001114828
Total time: 215.6890183 sec
New layout is not equal to the original specification.
New layout is compatible with the original specification.
---------------------------
last pid:  8217;  load averages:  3.17,  3.19,  3.18    00:13:31
150 processes: 146 sleeping, 4 on cpu

SRA_300x300-90000-25-01_random_leftmost KTHREAD-4-SORTEMBED REPTX-BL-5K
Reading input file 'SRA_300x300-90000-25-01_random_leftmost'...
Total border length: 5545332 -> normalized: 30.910434782608696
Running 4-threading-SortEmbeddings...
Elapsed time: 0.4743753 sec
Total border length: 4281908 -> normalized: 23.8679375696767
Running RowEpitaxial-BL-5000...
Elapsed time: 222.5763832 sec
Total border length: 3299680 -> normalized: 18.392865105908584
Total time: 223.0507585 sec
New layout is not equal to the original specification.
New layout is compatible with the original specification.
---------------------------
last pid:  8235;  load averages:  3.13,  3.16,  3.16    00:17:18
150 processes: 146 sleeping, 4 on cpu

SRA_300x300-90000-25-01_random_leftmost KTHREAD-4-SORTSEQ REPTX-BL-10K
Reading input file 'SRA_300x300-90000-25-01_random_leftmost'...
Total border length: 5545332 -> normalized: 30.910434782608696
Running 4-threading-SortSequences...
Elapsed time: 0.7256944 sec
Total border length: 4262932 -> normalized: 23.76216276477146
Running RowEpitaxial-BL-10000...
Elapsed time: 419.9809299 sec
Total border length: 3256144 -> normalized: 18.150189520624302
Total time: 420.7066243 sec
New layout is not equal to the original specification.
New layout is compatible with the original specification.
---------------------------
last pid:  8268;  load averages:  3.17,  3.18,  3.17    00:24:23
152 processes: 148 sleeping, 4 on cpu

SRA_300x300-90000-25-01_random_leftmost KTHREAD-4-SORTEMBED REPTX-BL-10K
Reading input file 'SRA_300x300-90000-25-01_random_leftmost'...
Total border length: 5545332 -> normalized: 30.910434782608696
Running 4-threading-SortEmbeddings...
Elapsed time: 0.4400096 sec
Total border length: 4281908 -> normalized: 23.8679375696767
Running RowEpitaxial-BL-10000...
Elapsed time: 419.5696842 sec
Total border length: 3267440 -> normalized: 18.213154960981047
Total time: 420.0096938 sec
New layout is not equal to the original specification.
New layout is compatible with the original specification.
---------------------------
last pid:  8288;  load averages:  3.16,  3.16,  3.16    00:31:29
150 processes: 146 sleeping, 4 on cpu

SRA_300x300-90000-25-01_random_leftmost KTHREAD-4-SORTSEQ REPTX-BL-20K
Reading input file 'SRA_300x300-90000-25-01_random_leftmost'...
Total border length: 5545332 -> normalized: 30.910434782608696
Running 4-threading-SortSequences...
Elapsed time: 0.7386266 sec
Total border length: 4262932 -> normalized: 23.76216276477146
Running RowEpitaxial-BL-20000...
Elapsed time: 798.5012314 sec
Total border length: 3235490 -> normalized: 18.035061315496097
Total time: 799.239858 sec
New layout is not equal to the original specification.
New layout is compatible with the original specification.
---------------------------
last pid:  8334;  load averages:  3.13,  3.14,  3.15    00:44:52
150 processes: 145 sleeping, 5 on cpu

SRA_300x300-90000-25-01_random_leftmost KTHREAD-4-SORTEMBED REPTX-BL-20K
Reading input file 'SRA_300x300-90000-25-01_random_leftmost'...
Total border length: 5545332 -> normalized: 30.910434782608696
Running 4-threading-SortEmbeddings...
Elapsed time: 0.458155 sec
Total border length: 4281908 -> normalized: 23.8679375696767
Running RowEpitaxial-BL-20000...
Elapsed time: 789.7112801 sec
Total border length: 3240994 -> normalized: 18.065741360089188
Total time: 790.1694351 sec
New layout is not equal to the original specification.
New layout is compatible with the original specification.
---------------------------
last pid:  8392;  load averages:  3.19,  3.18,  3.16    00:58:08
150 processes: 146 sleeping, 4 on cpu

SRA_500x500-250000-25-01_random_leftmost KTHREAD-0-SORTSEQ REPTX-BL-5K
Reading input file 'SRA_500x500-250000-25-01_random_leftmost'...
Total border length: 15424272 -> normalized: 30.91036472945892
Running 0-threading-SortSequences...
Elapsed time: 2.6239949 sec
Total border length: 12114508 -> normalized: 24.277571142284568
Running RowEpitaxial-BL-5000...
Elapsed time: 610.6508683 sec
Total border length: 8780342 -> normalized: 17.595875751503005
Total time: 613.2748632 sec
New layout is not equal to the original specification.
New layout is compatible with the original specification.
---------------------------
last pid:  8428;  load averages:  3.18,  3.17,  3.16    01:08:32
150 processes: 145 sleeping, 5 on cpu

SRA_500x500-250000-25-01_random_leftmost KTHREAD-0-SORTEMBED REPTX-BL-5K
Reading input file 'SRA_500x500-250000-25-01_random_leftmost'...
Total border length: 15424272 -> normalized: 30.91036472945892
Running 0-threading-SortEmbeddings...
Elapsed time: 0.9141136 sec
Total border length: 12163450 -> normalized: 24.37565130260521
Running RowEpitaxial-BL-5000...
Elapsed time: 609.3713745 sec
Total border length: 8816294 -> normalized: 17.66792384769539
Total time: 610.2854881 sec
New layout is not equal to the original specification.
New layout is compatible with the original specification.
---------------------------
last pid:  8488;  load averages:  3.16,  3.17,  3.16    01:18:51
150 processes: 147 sleeping, 3 on cpu

SRA_500x500-250000-25-01_random_leftmost KTHREAD-0-SORTSEQ REPTX-BL-10K
Reading input file 'SRA_500x500-250000-25-01_random_leftmost'...
Total border length: 15424272 -> normalized: 30.91036472945892
Running 0-threading-SortSequences...
Elapsed time: 2.6356017 sec
Total border length: 12114508 -> normalized: 24.277571142284568
Running RowEpitaxial-BL-10000...
Elapsed time: 1198.8358726 sec
Total border length: 8708916 -> normalized: 17.4527374749499
Total time: 1201.4714743 sec
New layout is not equal to the original specification.
New layout is compatible with the original specification.
---------------------------
last pid:  8557;  load averages:  3.14,  3.16,  3.16    01:39:01
150 processes: 146 sleeping, 4 on cpu

SRA_500x500-250000-25-01_random_leftmost KTHREAD-0-SORTEMBED REPTX-BL-10K
Reading input file 'SRA_500x500-250000-25-01_random_leftmost'...
Total border length: 15424272 -> normalized: 30.91036472945892
Running 0-threading-SortEmbeddings...
Elapsed time: 0.9093579 sec
Total border length: 12163450 -> normalized: 24.37565130260521
Running RowEpitaxial-BL-10000...
Elapsed time: 1242.2314392 sec
Total border length: 8736532 -> normalized: 17.50808016032064
Total time: 1243.1407971 sec
New layout is not equal to the original specification.
New layout is compatible with the original specification.
---------------------------
last pid:  8645;  load averages:  3.15,  3.14,  3.16    01:59:55
150 processes: 146 sleeping, 4 on cpu

SRA_500x500-250000-25-01_random_leftmost KTHREAD-0-SORTSEQ REPTX-BL-20K
Reading input file 'SRA_500x500-250000-25-01_random_leftmost'...
Total border length: 15424272 -> normalized: 30.91036472945892
Running 0-threading-SortSequences...
Elapsed time: 2.6178852 sec
Total border length: 12114508 -> normalized: 24.277571142284568
Running RowEpitaxial-BL-20000...
Elapsed time: 2411.297347 sec
Total border length: 8646026 -> normalized: 17.326705410821642
Total time: 2413.9152322 sec
New layout is not equal to the original specification.
New layout is compatible with the original specification.
---------------------------
last pid:  8799;  load averages:  3.23,  3.20,  3.18    02:40:17
150 processes: 146 sleeping, 4 on cpu

SRA_500x500-250000-25-01_random_leftmost KTHREAD-0-SORTEMBED REPTX-BL-20K
Reading input file 'SRA_500x500-250000-25-01_random_leftmost'...
Total border length: 15424272 -> normalized: 30.91036472945892
Running 0-threading-SortEmbeddings...
Elapsed time: 0.8864671 sec
Total border length: 12163450 -> normalized: 24.37565130260521
Running RowEpitaxial-BL-20000...
Elapsed time: 2426.3376242 sec
Total border length: 8668310 -> normalized: 17.3713627254509
Total time: 2427.2240913 sec
New layout is not equal to the original specification.
New layout is compatible with the original specification.
---------------------------
last pid:  8942;  load averages:  3.14,  3.15,  3.16    03:20:53
150 processes: 146 sleeping, 4 on cpu

SRA_500x500-250000-25-01_random_leftmost KTHREAD-1-SORTSEQ REPTX-BL-5K
Reading input file 'SRA_500x500-250000-25-01_random_leftmost'...
Total border length: 15424272 -> normalized: 30.91036472945892
Running 1-threading-SortSequences...
Elapsed time: 2.6547184 sec
Total border length: 11656028 -> normalized: 23.358773547094188
Running RowEpitaxial-BL-5000...
Elapsed time: 631.8334477 sec
Total border length: 8784694 -> normalized: 17.604597194388777
Total time: 634.4881661 sec
New layout is not equal to the original specification.
New layout is compatible with the original specification.
---------------------------
last pid:  8979;  load averages:  3.15,  3.16,  3.16    03:31:38
150 processes: 146 sleeping, 4 on cpu

SRA_500x500-250000-25-01_random_leftmost KTHREAD-1-SORTEMBED REPTX-BL-5K
Reading input file 'SRA_500x500-250000-25-01_random_leftmost'...
Total border length: 15424272 -> normalized: 30.91036472945892
Running 1-threading-SortEmbeddings...
Elapsed time: 0.9279006 sec
Total border length: 11707944 -> normalized: 23.46281362725451
Running RowEpitaxial-BL-5000...
Elapsed time: 600.0324825 sec
Total border length: 8821650 -> normalized: 17.67865731462926
Total time: 600.9603831 sec
New layout is not equal to the original specification.
New layout is compatible with the original specification.
---------------------------
last pid:  9019;  load averages:  3.16,  3.16,  3.16    03:41:50
150 processes: 146 sleeping, 4 on cpu

SRA_500x500-250000-25-01_random_leftmost KTHREAD-1-SORTSEQ REPTX-BL-10K
Reading input file 'SRA_500x500-250000-25-01_random_leftmost'...
Total border length: 15424272 -> normalized: 30.91036472945892
Running 1-threading-SortSequences...
Elapsed time: 2.5954235 sec
Total border length: 11656028 -> normalized: 23.358773547094188
Running RowEpitaxial-BL-10000...
Elapsed time: 1225.4439691 sec
Total border length: 8708488 -> normalized: 17.451879759519038
Total time: 1228.0393926 sec
New layout is not equal to the original specification.
New layout is compatible with the original specification.
---------------------------
last pid:  9106;  load averages:  3.16,  3.17,  3.17    04:02:27
151 processes: 146 sleeping, 5 on cpu

SRA_500x500-250000-25-01_random_leftmost KTHREAD-1-SORTEMBED REPTX-BL-10K
Reading input file 'SRA_500x500-250000-25-01_random_leftmost'...
Total border length: 15424272 -> normalized: 30.91036472945892
Running 1-threading-SortEmbeddings...
Elapsed time: 0.8892875 sec
Total border length: 11707944 -> normalized: 23.46281362725451
Running RowEpitaxial-BL-10000...
Elapsed time: 1230.3112284 sec
Total border length: 8737402 -> normalized: 17.50982364729459
Total time: 1231.2005159 sec
New layout is not equal to the original specification.
New layout is compatible with the original specification.
---------------------------
last pid:  9185;  load averages:  3.16,  3.18,  3.17    04:23:09
151 processes: 146 sleeping, 5 on cpu

SRA_500x500-250000-25-01_random_leftmost KTHREAD-1-SORTSEQ REPTX-BL-20K
Reading input file 'SRA_500x500-250000-25-01_random_leftmost'...
Total border length: 15424272 -> normalized: 30.91036472945892
Running 1-threading-SortSequences...
Elapsed time: 2.7753141 sec
Total border length: 11656028 -> normalized: 23.358773547094188
Running RowEpitaxial-BL-20000...
Elapsed time: 2453.3084111 sec
Total border length: 8647024 -> normalized: 17.328705410821645
Total time: 2456.0837252 sec
New layout is not equal to the original specification.
New layout is compatible with the original specification.
---------------------------
last pid:  9317;  load averages:  3.20,  3.17,  3.16    05:04:15
150 processes: 146 sleeping, 4 on cpu

SRA_500x500-250000-25-01_random_leftmost KTHREAD-1-SORTEMBED REPTX-BL-20K
Reading input file 'SRA_500x500-250000-25-01_random_leftmost'...
Total border length: 15424272 -> normalized: 30.91036472945892
Running 1-threading-SortEmbeddings...
Elapsed time: 0.9057734 sec
Total border length: 11707944 -> normalized: 23.46281362725451
Running RowEpitaxial-BL-20000...
Elapsed time: 2466.2643122 sec
Total border length: 8673996 -> normalized: 17.38275751503006
Total time: 2467.1700856 sec
New layout is not equal to the original specification.
New layout is compatible with the original specification.
---------------------------
last pid:  9451;  load averages:  3.14,  3.16,  3.16    05:45:31
151 processes: 146 sleeping, 5 on cpu

SRA_500x500-250000-25-01_random_leftmost KTHREAD-2-SORTSEQ REPTX-BL-5K
Reading input file 'SRA_500x500-250000-25-01_random_leftmost'...
Total border length: 15424272 -> normalized: 30.91036472945892
Running 2-threading-SortSequences...
Elapsed time: 2.6420633 sec
Total border length: 11520476 -> normalized: 23.08712625250501
Running RowEpitaxial-BL-5000...
Elapsed time: 607.5199429 sec
Total border length: 8792680 -> normalized: 17.62060120240481
Total time: 610.1620062 sec
New layout is not equal to the original specification.
New layout is compatible with the original specification.
---------------------------
last pid:  9489;  load averages:  3.14,  3.15,  3.16    05:55:52
150 processes: 146 sleeping, 4 on cpu

SRA_500x500-250000-25-01_random_leftmost KTHREAD-2-SORTEMBED REPTX-BL-5K
Reading input file 'SRA_500x500-250000-25-01_random_leftmost'...
Total border length: 15424272 -> normalized: 30.91036472945892
Running 2-threading-SortEmbeddings...
Elapsed time: 0.8931131 sec
Total border length: 11562052 -> normalized: 23.17044488977956
Running RowEpitaxial-BL-5000...
Elapsed time: 614.8385269 sec
Total border length: 8829538 -> normalized: 17.69446492985972
Total time: 615.73164 sec
New layout is not equal to the original specification.
New layout is compatible with the original specification.
---------------------------
last pid:  9525;  load averages:  3.16,  3.18,  3.17    06:06:17
151 processes: 146 sleeping, 5 on cpu

SRA_500x500-250000-25-01_random_leftmost KTHREAD-2-SORTSEQ REPTX-BL-10K
Reading input file 'SRA_500x500-250000-25-01_random_leftmost'...
Total border length: 15424272 -> normalized: 30.91036472945892
Running 2-threading-SortSequences...
Elapsed time: 2.587285 sec
Total border length: 11520476 -> normalized: 23.08712625250501
Running RowEpitaxial-BL-10000...
Elapsed time: 1224.3090393 sec
Total border length: 8713832 -> normalized: 17.462589178356712
Total time: 1226.8963243 sec
New layout is not equal to the original specification.
New layout is compatible with the original specification.
---------------------------
last pid:  9613;  load averages:  3.16,  3.17,  3.17    06:26:53
150 processes: 147 sleeping, 3 on cpu

SRA_500x500-250000-25-01_random_leftmost KTHREAD-2-SORTEMBED REPTX-BL-10K
Reading input file 'SRA_500x500-250000-25-01_random_leftmost'...
Total border length: 15424272 -> normalized: 30.91036472945892
Running 2-threading-SortEmbeddings...
Elapsed time: 0.8439888 sec
Total border length: 11562052 -> normalized: 23.17044488977956
Running RowEpitaxial-BL-10000...
Elapsed time: 1228.3280121 sec
Total border length: 8741764 -> normalized: 17.51856513026052
Total time: 1229.1720009 sec
New layout is not equal to the original specification.
New layout is compatible with the original specification.
---------------------------
last pid:  9699;  load averages:  3.19,  3.16,  3.16    06:47:31
150 processes: 145 sleeping, 5 on cpu

SRA_500x500-250000-25-01_random_leftmost KTHREAD-2-SORTSEQ REPTX-BL-20K
Reading input file 'SRA_500x500-250000-25-01_random_leftmost'...
Total border length: 15424272 -> normalized: 30.91036472945892
Running 2-threading-SortSequences...
Elapsed time: 2.709526 sec
Total border length: 11520476 -> normalized: 23.08712625250501
Running RowEpitaxial-BL-20000...
Elapsed time: 2419.5937435 sec
Total border length: 8645674 -> normalized: 17.326
Total time: 2422.3032695 sec
New layout is not equal to the original specification.
New layout is compatible with the original specification.
---------------------------
last pid:  9837;  load averages:  3.15,  3.17,  3.17    07:28:03
150 processes: 146 sleeping, 4 on cpu

SRA_500x500-250000-25-01_random_leftmost KTHREAD-2-SORTEMBED REPTX-BL-20K
Reading input file 'SRA_500x500-250000-25-01_random_leftmost'...
Total border length: 15424272 -> normalized: 30.91036472945892
Running 2-threading-SortEmbeddings...
Elapsed time: 0.8857928 sec
Total border length: 11562052 -> normalized: 23.17044488977956
Running RowEpitaxial-BL-20000...
Elapsed time: 2432.0752943 sec
Total border length: 8673746 -> normalized: 17.382256513026054
Total time: 2432.9610871 sec
New layout is not equal to the original specification.
New layout is compatible with the original specification.
---------------------------
last pid:  9974;  load averages:  3.14,  3.15,  3.16    08:08:48
151 processes: 146 sleeping, 5 on cpu

SRA_500x500-250000-25-01_random_leftmost KTHREAD-3-SORTSEQ REPTX-BL-5K
Reading input file 'SRA_500x500-250000-25-01_random_leftmost'...
Total border length: 15424272 -> normalized: 30.91036472945892
Running 3-threading-SortSequences...
Elapsed time: 2.7231536 sec
Total border length: 11462754 -> normalized: 22.971450901803607
Running RowEpitaxial-BL-5000...
Elapsed time: 613.9704237 sec
Total border length: 8807704 -> normalized: 17.650709418837675
Total time: 616.6935773 sec
New layout is not equal to the original specification.
New layout is compatible with the original specification.
---------------------------
last pid: 10022;  load averages:  3.15,  3.15,  3.15    08:19:15
150 processes: 146 sleeping, 4 on cpu

SRA_500x500-250000-25-01_random_leftmost KTHREAD-3-SORTEMBED REPTX-BL-5K
Reading input file 'SRA_500x500-250000-25-01_random_leftmost'...
Total border length: 15424272 -> normalized: 30.91036472945892
Running 3-threading-SortEmbeddings...
Elapsed time: 0.8960529 sec
Total border length: 11508852 -> normalized: 23.063831663326653
Running RowEpitaxial-BL-5000...
Elapsed time: 607.9766167 sec
Total border length: 8838150 -> normalized: 17.71172344689379
Total time: 608.8726696 sec
New layout is not equal to the original specification.
New layout is compatible with the original specification.
---------------------------
last pid: 10056;  load averages:  3.14,  3.15,  3.16    08:29:33
150 processes: 146 sleeping, 4 on cpu

SRA_500x500-250000-25-01_random_leftmost KTHREAD-3-SORTSEQ REPTX-BL-10K
Reading input file 'SRA_500x500-250000-25-01_random_leftmost'...
Total border length: 15424272 -> normalized: 30.91036472945892
Running 3-threading-SortSequences...
Elapsed time: 2.6492528 sec
Total border length: 11462754 -> normalized: 22.971450901803607
Running RowEpitaxial-BL-10000...
Elapsed time: 1229.8695434 sec
Total border length: 8716614 -> normalized: 17.468164328657316
Total time: 1232.5187962 sec
New layout is not equal to the original specification.
New layout is compatible with the original specification.
---------------------------
last pid: 10138;  load averages:  3.16,  3.17,  3.17    08:50:16
150 processes: 145 sleeping, 5 on cpu

SRA_500x500-250000-25-01_random_leftmost KTHREAD-3-SORTEMBED REPTX-BL-10K
Reading input file 'SRA_500x500-250000-25-01_random_leftmost'...
Total border length: 15424272 -> normalized: 30.91036472945892
Running 3-threading-SortEmbeddings...
Elapsed time: 0.9099232 sec
Total border length: 11508852 -> normalized: 23.063831663326653
Running RowEpitaxial-BL-10000...
Elapsed time: 1208.3022894 sec
Total border length: 8744190 -> normalized: 17.523426853707416
Total time: 1209.2122126 sec
New layout is not equal to the original specification.
New layout is compatible with the original specification.
---------------------------
last pid: 10206;  load averages:  3.16,  3.17,  3.17    09:10:35
150 processes: 146 sleeping, 4 on cpu

SRA_500x500-250000-25-01_random_leftmost KTHREAD-3-SORTSEQ REPTX-BL-20K
Reading input file 'SRA_500x500-250000-25-01_random_leftmost'...
Total border length: 15424272 -> normalized: 30.91036472945892
Running 3-threading-SortSequences...
Elapsed time: 2.6671506 sec
Total border length: 11462754 -> normalized: 22.971450901803607
Running RowEpitaxial-BL-20000...
Elapsed time: 2453.4132402 sec
Total border length: 8645202 -> normalized: 17.32505410821643
Total time: 2456.0803908 sec
New layout is not equal to the original specification.
New layout is compatible with the original specification.
---------------------------
last pid: 10349;  load averages:  3.27,  3.18,  3.16    09:51:41
150 processes: 143 sleeping, 7 on cpu

SRA_500x500-250000-25-01_random_leftmost KTHREAD-3-SORTEMBED REPTX-BL-20K
Reading input file 'SRA_500x500-250000-25-01_random_leftmost'...
Total border length: 15424272 -> normalized: 30.91036472945892
Running 3-threading-SortEmbeddings...
Elapsed time: 0.8758326 sec
Total border length: 11508852 -> normalized: 23.063831663326653
Running RowEpitaxial-BL-20000...
Elapsed time: 2438.3893969 sec
Total border length: 8674184 -> normalized: 17.383134268537074
Total time: 2439.2652295 sec
New layout is not equal to the original specification.
New layout is compatible with the original specification.
---------------------------
last pid: 10493;  load averages:  3.21,  3.20,  3.17    10:32:30
150 processes: 146 sleeping, 4 on cpu

SRA_500x500-250000-25-01_random_leftmost KTHREAD-4-SORTSEQ REPTX-BL-5K
Reading input file 'SRA_500x500-250000-25-01_random_leftmost'...
Total border length: 15424272 -> normalized: 30.91036472945892
Running 4-threading-SortSequences...
Elapsed time: 2.731825 sec
Total border length: 11438164 -> normalized: 22.92217234468938
Running RowEpitaxial-BL-5000...
Elapsed time: 605.7719701 sec
Total border length: 8813770 -> normalized: 17.662865731462926
Total time: 608.5037951 sec
New layout is not equal to the original specification.
New layout is compatible with the original specification.
---------------------------
last pid: 10533;  load averages:  3.19,  3.18,  3.17    10:42:48
151 processes: 146 sleeping, 5 on cpu

SRA_500x500-250000-25-01_random_leftmost KTHREAD-4-SORTEMBED REPTX-BL-5K
Reading input file 'SRA_500x500-250000-25-01_random_leftmost'...
Total border length: 15424272 -> normalized: 30.91036472945892
Running 4-threading-SortEmbeddings...
Elapsed time: 0.8960875 sec
Total border length: 11483606 -> normalized: 23.01323847695391
Running RowEpitaxial-BL-5000...
Elapsed time: 608.5306642 sec
Total border length: 8853192 -> normalized: 17.74186773547094
Total time: 609.4267517 sec
New layout is not equal to the original specification.
New layout is compatible with the original specification.
---------------------------
last pid: 10577;  load averages:  3.15,  3.16,  3.16    10:53:07
150 processes: 146 sleeping, 4 on cpu

SRA_500x500-250000-25-01_random_leftmost KTHREAD-4-SORTSEQ REPTX-BL-10K
Reading input file 'SRA_500x500-250000-25-01_random_leftmost'...
Total border length: 15424272 -> normalized: 30.91036472945892
Running 4-threading-SortSequences...
Elapsed time: 2.6555849 sec
Total border length: 11438164 -> normalized: 22.92217234468938
Running RowEpitaxial-BL-10000...
Elapsed time: 1202.4763456 sec
Total border length: 8721546 -> normalized: 17.478048096192385
Total time: 1205.1319305 sec
New layout is not equal to the original specification.
New layout is compatible with the original specification.
---------------------------
last pid: 10648;  load averages:  3.14,  3.14,  3.16    11:13:21
150 processes: 146 sleeping, 4 on cpu

SRA_500x500-250000-25-01_random_leftmost KTHREAD-4-SORTEMBED REPTX-BL-10K
Reading input file 'SRA_500x500-250000-25-01_random_leftmost'...
Total border length: 15424272 -> normalized: 30.91036472945892
Running 4-threading-SortEmbeddings...
Elapsed time: 0.901957 sec
Total border length: 11483606 -> normalized: 23.01323847695391
Running RowEpitaxial-BL-10000...
Elapsed time: 1215.9085882 sec
Total border length: 8747750 -> normalized: 17.53056112224449
Total time: 1216.8105452 sec
New layout is not equal to the original specification.
New layout is compatible with the original specification.
---------------------------
last pid: 10744;  load averages:  3.20,  3.19,  3.18    11:33:47
152 processes: 147 sleeping, 5 on cpu

SRA_500x500-250000-25-01_random_leftmost KTHREAD-4-SORTSEQ REPTX-BL-20K
Reading input file 'SRA_500x500-250000-25-01_random_leftmost'...
Total border length: 15424272 -> normalized: 30.91036472945892
Running 4-threading-SortSequences...
Elapsed time: 2.6838965 sec
Total border length: 11438164 -> normalized: 22.92217234468938
Running RowEpitaxial-BL-20000...
Elapsed time: 2425.3563677 sec
Total border length: 8648470 -> normalized: 17.331603206412826
Total time: 2428.0402642 sec
New layout is not equal to the original specification.
New layout is compatible with the original specification.
---------------------------
last pid: 10880;  load averages:  3.16,  3.16,  3.16    12:14:25
152 processes: 147 sleeping, 5 on cpu

SRA_500x500-250000-25-01_random_leftmost KTHREAD-4-SORTEMBED REPTX-BL-20K
Reading input file 'SRA_500x500-250000-25-01_random_leftmost'...
Total border length: 15424272 -> normalized: 30.91036472945892
Running 4-threading-SortEmbeddings...
Elapsed time: 0.9225115 sec
Total border length: 11483606 -> normalized: 23.01323847695391
Running RowEpitaxial-BL-20000...
Elapsed time: 2433.9034715 sec
Total border length: 8677420 -> normalized: 17.389619238476953
Total time: 2434.825983 sec
New layout is not equal to the original specification.
New layout is compatible with the original specification.
---------------------------
last pid: 11014;  load averages:  3.14,  3.14,  3.15    12:55:09
151 processes: 147 sleeping, 4 on cpu

SRA_800x800-640000-25-01_random_leftmost KTHREAD-0-SORTSEQ REPTX-BL-5K
Reading input file 'SRA_800x800-640000-25-01_random_leftmost'...
Total border length: 39507888 -> normalized: 30.904167709637047
Running 0-threading-SortSequences...
Elapsed time: 8.6166223 sec
Total border length: 30263252 -> normalized: 23.672756570713393
Running RowEpitaxial-BL-5000...
Elapsed time: 1726.3208571 sec
Total border length: 21704284 -> normalized: 16.977693992490615
Total time: 1734.9374794 sec
New layout is not equal to the original specification.
New layout is compatible with the original specification.
---------------------------
last pid: 11117;  load averages:  3.16,  3.17,  3.16    13:24:26
152 processes: 148 sleeping, 4 on cpu

SRA_800x800-640000-25-01_random_leftmost KTHREAD-0-SORTEMBED REPTX-BL-5K
Reading input file 'SRA_800x800-640000-25-01_random_leftmost'...
Total border length: 39507888 -> normalized: 30.904167709637047
Running 0-threading-SortEmbeddings...
Elapsed time: 2.8011112 sec
Total border length: 30387466 -> normalized: 23.769920212765957
Running RowEpitaxial-BL-5000...
Elapsed time: 1727.357605 sec
Total border length: 21796276 -> normalized: 17.049652690863578
Total time: 1730.1587162 sec
New layout is not equal to the original specification.
New layout is compatible with the original specification.
---------------------------
last pid: 11210;  load averages:  3.16,  3.16,  3.16    13:53:38
152 processes: 148 sleeping, 4 on cpu

SRA_800x800-640000-25-01_random_leftmost KTHREAD-0-SORTSEQ REPTX-BL-10K
Reading input file 'SRA_800x800-640000-25-01_random_leftmost'...
Total border length: 39507888 -> normalized: 30.904167709637047
Running 0-threading-SortSequences...
Elapsed time: 8.2904102 sec
Total border length: 30263252 -> normalized: 23.672756570713393
Running RowEpitaxial-BL-10000...
Elapsed time: 3841.0175639 sec
Total border length: 21479478 -> normalized: 16.801844493116395
Total time: 3849.3079741 sec
New layout is not equal to the original specification.
New layout is compatible with the original specification.
---------------------------
last pid: 11449;  load averages:  3.18,  3.18,  3.17    14:58:10
151 processes: 147 sleeping, 4 on cpu

SRA_800x800-640000-25-01_random_leftmost KTHREAD-0-SORTEMBED REPTX-BL-10K
Reading input file 'SRA_800x800-640000-25-01_random_leftmost'...
Total border length: 39507888 -> normalized: 30.904167709637047
Running 0-threading-SortEmbeddings...
Elapsed time: 2.8619613 sec
Total border length: 30387466 -> normalized: 23.769920212765957
Running RowEpitaxial-BL-10000...
Elapsed time: 3916.7861576 sec
Total border length: 21568490 -> normalized: 16.871472152690863
Total time: 3919.6481189 sec
New layout is not equal to the original specification.
New layout is compatible with the original specification.
---------------------------
last pid: 11668;  load averages:  3.24,  3.17,  3.16    16:03:51
151 processes: 146 sleeping, 5 on cpu

SRA_800x800-640000-25-01_random_leftmost KTHREAD-0-SORTSEQ REPTX-BL-20K
Reading input file 'SRA_800x800-640000-25-01_random_leftmost'...
Total border length: 39507888 -> normalized: 30.904167709637047
Running 0-threading-SortSequences...
Elapsed time: 8.5738872 sec
Total border length: 30263252 -> normalized: 23.672756570713393
Running RowEpitaxial-BL-20000...
Elapsed time: 9063.9215665 sec
Total border length: 21319390 -> normalized: 16.676619211514392
Total time: 9072.4954537 sec
New layout is not equal to the original specification.
New layout is compatible with the original specification.
---------------------------
last pid: 12179;  load averages:  3.18,  3.18,  3.18    18:35:24
152 processes: 147 sleeping, 5 on cpu

SRA_800x800-640000-25-01_random_leftmost KTHREAD-0-SORTEMBED REPTX-BL-20K
Reading input file 'SRA_800x800-640000-25-01_random_leftmost'...
Total border length: 39507888 -> normalized: 30.904167709637047
Running 0-threading-SortEmbeddings...
Elapsed time: 2.7753209 sec
Total border length: 30387466 -> normalized: 23.769920212765957
Running RowEpitaxial-BL-20000...
Elapsed time: 8829.3486209 sec
Total border length: 21392792 -> normalized: 16.73403629536921
Total time: 8832.1239418 sec
New layout is not equal to the original specification.
New layout is compatible with the original specification.
---------------------------
last pid: 12674;  load averages:  3.14,  3.16,  3.16    21:02:58
152 processes: 147 sleeping, 5 on cpu

SRA_800x800-640000-25-01_random_leftmost KTHREAD-1-SORTSEQ REPTX-BL-5K
Reading input file 'SRA_800x800-640000-25-01_random_leftmost'...
Total border length: 39507888 -> normalized: 30.904167709637047
Running 1-threading-SortSequences...
Elapsed time: 8.6075223 sec
Total border length: 28895094 -> normalized: 22.602545369211516
Running RowEpitaxial-BL-5000...
Elapsed time: 1721.4050484 sec
Total border length: 21720712 -> normalized: 16.990544430538172
Total time: 1730.0125707 sec
New layout is not equal to the original specification.
New layout is compatible with the original specification.
---------------------------
last pid: 12768;  load averages:  3.15,  3.16,  3.16    21:32:10
152 processes: 147 sleeping, 5 on cpu

SRA_800x800-640000-25-01_random_leftmost KTHREAD-1-SORTEMBED REPTX-BL-5K
Reading input file 'SRA_800x800-640000-25-01_random_leftmost'...
Total border length: 39507888 -> normalized: 30.904167709637047
Running 1-threading-SortEmbeddings...
Elapsed time: 2.8195828 sec
Total border length: 29054794 -> normalized: 22.727467146433042
Running RowEpitaxial-BL-5000...
Elapsed time: 1704.5152634 sec
Total border length: 21815638 -> normalized: 17.06479818523154
Total time: 1707.3348462 sec
New layout is not equal to the original specification.
New layout is compatible with the original specification.
---------------------------
last pid: 12875;  load averages:  3.15,  3.16,  3.16    22:00:59
152 processes: 147 sleeping, 5 on cpu

SRA_800x800-640000-25-01_random_leftmost KTHREAD-1-SORTSEQ REPTX-BL-10K
Reading input file 'SRA_800x800-640000-25-01_random_leftmost'...
Total border length: 39507888 -> normalized: 30.904167709637047
Running 1-threading-SortSequences...
Elapsed time: 8.6796965 sec
Total border length: 28895094 -> normalized: 22.602545369211516
Running RowEpitaxial-BL-10000...
Elapsed time: 3918.4948679 sec
Total border length: 21492802 -> normalized: 16.81226689612015
Total time: 3927.1745644 sec
New layout is not equal to the original specification.
New layout is compatible with the original specification.
---------------------------
last pid: 13095;  load averages:  3.16,  3.18,  3.16    23:06:48
150 processes: 146 sleeping, 4 on cpu

SRA_800x800-640000-25-01_random_leftmost KTHREAD-1-SORTEMBED REPTX-BL-10K
Reading input file 'SRA_800x800-640000-25-01_random_leftmost'...
Total border length: 39507888 -> normalized: 30.904167709637047
Running 1-threading-SortEmbeddings...
Elapsed time: 2.8059899 sec
Total border length: 29054794 -> normalized: 22.727467146433042
Running RowEpitaxial-BL-10000...
Elapsed time: 3868.5810965 sec
Total border length: 21576072 -> normalized: 16.877403003754694
Total time: 3871.3870864 sec
New layout is not equal to the original specification.
New layout is compatible with the original specification.
---------------------------
last pid: 13296;  load averages:  3.15,  3.16,  3.16    00:11:40
150 processes: 145 sleeping, 5 on cpu

SRA_800x800-640000-25-01_random_leftmost KTHREAD-1-SORTSEQ REPTX-BL-20K
Reading input file 'SRA_800x800-640000-25-01_random_leftmost'...
Total border length: 39507888 -> normalized: 30.904167709637047
Running 1-threading-SortSequences...
Elapsed time: 8.5333961 sec
Total border length: 28895094 -> normalized: 22.602545369211516
Running RowEpitaxial-BL-20000...
Elapsed time: 8992.2456765 sec
Total border length: 21321472 -> normalized: 16.6782478097622
Total time: 9000.7790726 sec
New layout is not equal to the original specification.
New layout is compatible with the original specification.
---------------------------
last pid: 13782;  load averages:  3.16,  3.17,  3.16    02:42:03
151 processes: 146 sleeping, 5 on cpu

SRA_800x800-640000-25-01_random_leftmost KTHREAD-1-SORTEMBED REPTX-BL-20K
Reading input file 'SRA_800x800-640000-25-01_random_leftmost'...
Total border length: 39507888 -> normalized: 30.904167709637047
Running 1-threading-SortEmbeddings...
Elapsed time: 2.8138593 sec
Total border length: 29054794 -> normalized: 22.727467146433042
Running RowEpitaxial-BL-20000...
Elapsed time: 8997.7028235 sec
Total border length: 21400706 -> normalized: 16.74022684605757
Total time: 9000.5166828 sec
New layout is not equal to the original specification.
New layout is compatible with the original specification.
---------------------------
last pid: 14249;  load averages:  3.15,  3.16,  3.15    05:12:25
150 processes: 146 sleeping, 4 on cpu

SRA_800x800-640000-25-01_random_leftmost KTHREAD-2-SORTSEQ REPTX-BL-5K
Reading input file 'SRA_800x800-640000-25-01_random_leftmost'...
Total border length: 39507888 -> normalized: 30.904167709637047
Running 2-threading-SortSequences...
Elapsed time: 8.190891 sec
Total border length: 28525726 -> normalized: 22.313615456821026
Running RowEpitaxial-BL-5000...
Elapsed time: 1720.7653997 sec
Total border length: 21750770 -> normalized: 17.014056633291613
Total time: 1728.9562907 sec
New layout is not equal to the original specification.
New layout is compatible with the original specification.
---------------------------
last pid: 14345;  load averages:  3.16,  3.16,  3.16    05:41:36
151 processes: 146 sleeping, 5 on cpu

SRA_800x800-640000-25-01_random_leftmost KTHREAD-2-SORTEMBED REPTX-BL-5K
Reading input file 'SRA_800x800-640000-25-01_random_leftmost'...
Total border length: 39507888 -> normalized: 30.904167709637047
Running 2-threading-SortEmbeddings...
Elapsed time: 2.8539636 sec
Total border length: 28645482 -> normalized: 22.40729192740926
Running RowEpitaxial-BL-5000...
Elapsed time: 1740.1519281 sec
Total border length: 21866894 -> normalized: 17.104892052565706
Total time: 1743.0058917 sec
New layout is not equal to the original specification.
New layout is compatible with the original specification.
---------------------------
last pid: 14453;  load averages:  3.19,  3.17,  3.16    06:11:02
151 processes: 146 sleeping, 5 on cpu

SRA_800x800-640000-25-01_random_leftmost KTHREAD-2-SORTSEQ REPTX-BL-10K
Reading input file 'SRA_800x800-640000-25-01_random_leftmost'...
Total border length: 39507888 -> normalized: 30.904167709637047
Running 2-threading-SortSequences...
Elapsed time: 8.7404166 sec
Total border length: 28525726 -> normalized: 22.313615456821026
Running RowEpitaxial-BL-10000...
Elapsed time: 3937.1299689 sec
Total border length: 21509072 -> normalized: 16.82499374217772
Total time: 3945.8703855 sec
New layout is not equal to the original specification.
New layout is compatible with the original specification.
---------------------------
last pid: 14658;  load averages:  3.16,  3.16,  3.16    07:17:10
151 processes: 147 sleeping, 4 on cpu

SRA_800x800-640000-25-01_random_leftmost KTHREAD-2-SORTEMBED REPTX-BL-10K
Reading input file 'SRA_800x800-640000-25-01_random_leftmost'...
Total border length: 39507888 -> normalized: 30.904167709637047
Running 2-threading-SortEmbeddings...
Elapsed time: 2.8423917 sec
Total border length: 28645482 -> normalized: 22.40729192740926
Running RowEpitaxial-BL-10000...
Elapsed time: 3889.6565063 sec
Total border length: 21598540 -> normalized: 16.894978097622026
Total time: 3892.498898 sec
New layout is not equal to the original specification.
New layout is compatible with the original specification.
---------------------------
last pid: 14875;  load averages:  3.16,  3.17,  3.16    08:22:26
150 processes: 146 sleeping, 4 on cpu

SRA_800x800-640000-25-01_random_leftmost KTHREAD-2-SORTSEQ REPTX-BL-20K
Reading input file 'SRA_800x800-640000-25-01_random_leftmost'...
Total border length: 39507888 -> normalized: 30.904167709637047
Running 2-threading-SortSequences...
Elapsed time: 8.4159811 sec
Total border length: 28525726 -> normalized: 22.313615456821026
Running RowEpitaxial-BL-20000...
Elapsed time: 9042.9565459 sec
Total border length: 21329780 -> normalized: 16.684746558197748
Total time: 9051.372527 sec
New layout is not equal to the original specification.
New layout is compatible with the original specification.
---------------------------
last pid: 15393;  load averages:  3.15,  3.15,  3.16    10:53:39
150 processes: 146 sleeping, 4 on cpu

SRA_800x800-640000-25-01_random_leftmost KTHREAD-2-SORTEMBED REPTX-BL-20K
Reading input file 'SRA_800x800-640000-25-01_random_leftmost'...
Total border length: 39507888 -> normalized: 30.904167709637047
Running 2-threading-SortEmbeddings...
Elapsed time: 2.9184895 sec
Total border length: 28645482 -> normalized: 22.40729192740926
Running RowEpitaxial-BL-20000...
Elapsed time: 9066.7649271 sec
Total border length: 21408760 -> normalized: 16.746526908635794
Total time: 9069.6834166 sec
New layout is not equal to the original specification.
New layout is compatible with the original specification.
---------------------------
last pid: 15886;  load averages:  3.15,  3.16,  3.15    13:25:12
151 processes: 147 sleeping, 4 on cpu

SRA_800x800-640000-25-01_random_leftmost KTHREAD-3-SORTSEQ REPTX-BL-5K
Reading input file 'SRA_800x800-640000-25-01_random_leftmost'...
Total border length: 39507888 -> normalized: 30.904167709637047
Running 3-threading-SortSequences...
Elapsed time: 8.6241647 sec
Total border length: 28366616 -> normalized: 22.18915519399249
Running RowEpitaxial-BL-5000...
Elapsed time: 1700.8549064 sec
Total border length: 21814636 -> normalized: 17.06401439299124
Total time: 1709.4790711 sec
New layout is not equal to the original specification.
New layout is compatible with the original specification.
---------------------------
last pid: 15980;  load averages:  3.15,  3.16,  3.16    13:54:03
151 processes: 147 sleeping, 4 on cpu

SRA_800x800-640000-25-01_random_leftmost KTHREAD-3-SORTEMBED REPTX-BL-5K
Reading input file 'SRA_800x800-640000-25-01_random_leftmost'...
Total border length: 39507888 -> normalized: 30.904167709637047
Running 3-threading-SortEmbeddings...
Elapsed time: 2.8199842 sec
Total border length: 28488178 -> normalized: 22.28424436795995
Running RowEpitaxial-BL-5000...
Elapsed time: 1735.2828849 sec
Total border length: 21903272 -> normalized: 17.13334793491865
Total time: 1738.1028691 sec
New layout is not equal to the original specification.
New layout is compatible with the original specification.
---------------------------
last pid: 16097;  load averages:  3.15,  3.17,  3.17    14:23:24
152 processes: 147 sleeping, 5 on cpu

SRA_800x800-640000-25-01_random_leftmost KTHREAD-3-SORTSEQ REPTX-BL-10K
Reading input file 'SRA_800x800-640000-25-01_random_leftmost'...
Total border length: 39507888 -> normalized: 30.904167709637047
Running 3-threading-SortSequences...
Elapsed time: 8.2923572 sec
Total border length: 28366616 -> normalized: 22.18915519399249
Running RowEpitaxial-BL-10000...
Elapsed time: 3834.2875644 sec
Total border length: 21516876 -> normalized: 16.831098247809763
Total time: 3842.5799216 sec
New layout is not equal to the original specification.
New layout is compatible with the original specification.
---------------------------
last pid: 16300;  load averages:  3.14,  3.17,  3.16    15:27:48
152 processes: 147 sleeping, 5 on cpu

SRA_800x800-640000-25-01_random_leftmost KTHREAD-3-SORTEMBED REPTX-BL-10K
Reading input file 'SRA_800x800-640000-25-01_random_leftmost'...
Total border length: 39507888 -> normalized: 30.904167709637047
Running 3-threading-SortEmbeddings...
Elapsed time: 2.8109689 sec
Total border length: 28488178 -> normalized: 22.28424436795995
Running RowEpitaxial-BL-10000...
Elapsed time: 3855.5281213 sec
Total border length: 21618690 -> normalized: 16.910739987484355
Total time: 3858.3390902 sec
New layout is not equal to the original specification.
New layout is compatible with the original specification.
---------------------------
last pid: 16507;  load averages:  3.17,  3.16,  3.16    16:32:28
152 processes: 147 sleeping, 5 on cpu

SRA_800x800-640000-25-01_random_leftmost KTHREAD-3-SORTSEQ REPTX-BL-20K
Reading input file 'SRA_800x800-640000-25-01_random_leftmost'...
Total border length: 39507888 -> normalized: 30.904167709637047
Running 3-threading-SortSequences...
Elapsed time: 8.6385456 sec
Total border length: 28366616 -> normalized: 22.18915519399249
Running RowEpitaxial-BL-20000...
Elapsed time: 8955.1220058 sec
Total border length: 21337592 -> normalized: 16.690857321652064
Total time: 8963.7605514 sec
New layout is not equal to the original specification.
New layout is compatible with the original specification.
